INSERT INTO `vlusi_jzc`.`jzc_sessions` (sesskey, expiry, ip, data) VALUES ('ce6786e0c3d1b11eee1aee66c2cdcaaf', '1539265114', '0.0.0.0', 'a:0:{}')

SELECT code, value FROM `vlusi_jzc`.`jzc_shop_config` WHERE parent_id > 0

SELECT user_id, user_name, password, action_list, last_login  FROM `vlusi_jzc`.`jzc_admin_user` WHERE user_id = '1'

UPDATE `vlusi_jzc`.`jzc_admin_user` SET last_login = '1539236314', last_ip = '0.0.0.0' WHERE user_id = '1'

UPDATE `vlusi_jzc`.`jzc_sessions` SET expiry = '1539265114', ip = '0.0.0.0', userid = '0', adminid = '1', user_name='0', user_rank='0', discount='0', email='0', data = 'a:3:{s:10:\"admin_name\";s:5:\"admin\";s:11:\"action_list\";s:3:\"all\";s:10:\"last_check\";s:0:\"\";}' WHERE sesskey = 'ce6786e0c3d1b11eee1aee66c2cdcaaf' LIMIT 1

DELETE FROM `vlusi_jzc`.`jzc_sessions` WHERE expiry < 1539263314

SELECT userid, adminid, user_name, user_rank, discount, email, data, expiry FROM `vlusi_jzc`.`jzc_sessions` WHERE sesskey = 'ce6786e0c3d1b11eee1aee66c2cdcaaf'

SELECT code, value FROM `vlusi_jzc`.`jzc_shop_config` WHERE parent_id > 0

SELECT message_id, sender_id, receiver_id, sent_time, readed, deleted, title, message, user_name FROM `vlusi_jzc`.`jzc_admin_message` AS a, `vlusi_jzc`.`jzc_admin_user` AS b WHERE a.sender_id = b.user_id AND a.receiver_id = '1' AND a.readed = 0 AND deleted = 0 ORDER BY a.sent_time DESC

SELECT pay_id, is_cod FROM `vlusi_jzc`.`jzc_payment` WHERE enabled = 1

SELECT COUNT(*) FROM `vlusi_jzc`.`jzc_order_info` WHERE 1  AND order_status  IN ('1','5')  AND shipping_status  IN ('1','2')  AND pay_status  IN ('2','1')  

SELECT pay_id FROM `vlusi_jzc`.`jzc_payment` WHERE is_cod = 1

SELECT COUNT(*) FROM `vlusi_jzc`.`jzc_order_info` WHERE 1  AND   order_status  IN ('1','5','6')  AND   shipping_status  IN ('0','3','5')  AND ( pay_status  IN ('2','1')  OR pay_id  IN ('') ) 

SELECT pay_id FROM `vlusi_jzc`.`jzc_payment` WHERE is_cod = 0

SELECT COUNT(*) FROM `vlusi_jzc`.`jzc_order_info` WHERE 1  AND   order_status  IN ('1','5')  AND   pay_status = '0' AND ( shipping_status  IN ('1','2')  OR pay_id  IN ('') ) 

SELECT COUNT(*) FROM `vlusi_jzc`.`jzc_order_info` WHERE 1  AND order_status = '0' 

SELECT COUNT(*) FROM `vlusi_jzc`.`jzc_order_info` WHERE  shipping_status=4

SELECT COUNT(*) AS oCount, IFNULL(SUM(order_amount), 0) AS oAmount FROM `vlusi_jzc`.`jzc_order_info`

SELECT COUNT(*) FROM `vlusi_jzc`.`jzc_goods` WHERE is_delete = 0 AND is_alone_sale = 1 AND is_real = 1

SELECT COUNT(*) FROM `vlusi_jzc`.`jzc_goods` WHERE is_delete = 0 AND is_alone_sale = 1 AND is_real=0 AND extension_code='virtual_card'

SELECT COUNT(*) FROM `vlusi_jzc`.`jzc_goods` WHERE is_delete = 0 AND is_new = 1 AND is_real = 1

SELECT COUNT(*) FROM `vlusi_jzc`.`jzc_goods` WHERE is_delete = 0 AND is_new = 1 AND is_real=0 AND extension_code='virtual_card'

SELECT COUNT(*) FROM `vlusi_jzc`.`jzc_goods` WHERE is_delete = 0 AND is_best = 1 AND is_real = 1

SELECT COUNT(*) FROM `vlusi_jzc`.`jzc_goods` WHERE is_delete = 0 AND is_best = 1 AND is_real=0 AND extension_code='virtual_card'

SELECT COUNT(*) FROM `vlusi_jzc`.`jzc_goods` WHERE is_delete = 0 AND is_hot = 1 AND is_real = 1

SELECT COUNT(*) FROM `vlusi_jzc`.`jzc_goods` WHERE is_delete = 0 AND is_hot = 1 AND is_real=0 AND extension_code='virtual_card'

SELECT COUNT(*) FROM `vlusi_jzc`.`jzc_goods` WHERE is_delete = 0 AND promote_price>0 AND promote_start_date <= '1539236318' AND promote_end_date >= '1539236318' AND is_real = 1

SELECT COUNT(*) FROM `vlusi_jzc`.`jzc_goods` WHERE is_delete = 0 AND promote_price>0 AND promote_start_date <= '1539236318' AND promote_end_date >= '1539236318' AND is_real=0 AND extension_code='virtual_card'

SELECT COUNT(*) FROM `vlusi_jzc`.`jzc_goods` WHERE is_delete = 0 AND goods_number <= warn_number AND is_real = 1

SELECT COUNT(*) FROM `vlusi_jzc`.`jzc_goods` WHERE is_delete = 0 AND goods_number <= warn_number AND is_real=0 AND extension_code='virtual_card'

SELECT COUNT(*) FROM `vlusi_jzc`.`jzc_stats` WHERE access_time > 1539158400

SELECT count(*) FROM `vlusi_jzc`.`jzc_sessions`

SELECT COUNT(f.msg_id) FROM `vlusi_jzc`.`jzc_feedback` AS f LEFT JOIN `vlusi_jzc`.`jzc_feedback` AS r ON r.parent_id=f.msg_id WHERE f.parent_id=0 AND ISNULL(r.msg_id) 

SELECT COUNT(*) FROM `vlusi_jzc`.`jzc_comment` WHERE status = 0 AND parent_id = 0

SELECT COUNT(*) FROM `vlusi_jzc`.`jzc_booking_goods` WHERE is_dispose = 0

SELECT COUNT(*) FROM `vlusi_jzc`.`jzc_user_account` WHERE process_type = 1 AND is_paid = 0 

DELETE FROM `vlusi_jzc`.`jzc_sessions_data` WHERE expiry < 1539263320

DELETE FROM `vlusi_jzc`.`jzc_sessions` WHERE expiry < 1539263320

SELECT userid, adminid, user_name, user_rank, discount, email, data, expiry FROM `vlusi_jzc`.`jzc_sessions` WHERE sesskey = 'ce6786e0c3d1b11eee1aee66c2cdcaaf'

SELECT code, value FROM `vlusi_jzc`.`jzc_shop_config` WHERE parent_id > 0

SELECT suppliers_id, suppliers_name, suppliers_desc
            FROM `vlusi_jzc`.`jzc_suppliers`
            WHERE  is_check = 1 

SELECT c.cat_id, c.cat_name, c.measure_unit, c.parent_id, c.is_show, c.show_in_nav, c.grade, c.sort_order, COUNT(s.cat_id) AS has_children FROM `vlusi_jzc`.`jzc_category` AS c LEFT JOIN `vlusi_jzc`.`jzc_category` AS s ON s.parent_id=c.cat_id GROUP BY c.cat_id ORDER BY c.parent_id, c.sort_order ASC

SELECT cat_id, COUNT(*) AS goods_num  FROM `vlusi_jzc`.`jzc_goods` WHERE is_delete = 0 AND is_on_sale = 1  GROUP BY cat_id

SELECT gc.cat_id, COUNT(*) AS goods_num  FROM `vlusi_jzc`.`jzc_goods_cat` AS gc , `vlusi_jzc`.`jzc_goods` AS g  WHERE g.goods_id = gc.goods_id AND g.is_delete = 0 AND g.is_on_sale = 1  GROUP BY gc.cat_id

SELECT brand_id, brand_name FROM `vlusi_jzc`.`jzc_brand` ORDER BY sort_order

SELECT suppliers_id, suppliers_name, suppliers_desc
            FROM `vlusi_jzc`.`jzc_suppliers`
            WHERE  is_check = 1 

SELECT COUNT(*) FROM `vlusi_jzc`.`jzc_goods` AS g WHERE is_delete='0'  AND is_real='1'

SELECT goods_id, goods_name, goods_type, goods_sn, virtual_sales, shop_price, is_on_sale, is_best, is_new, is_hot, sort_order, goods_number, integral,  (promote_price > 0 AND promote_start_date <= '1539244799' AND promote_end_date >= '1539244799') AS is_promote  FROM `vlusi_jzc`.`jzc_goods` AS g WHERE is_delete='0'  AND is_real='1' ORDER BY goods_id DESC  LIMIT 0,15

SELECT DISTINCT cat_id
            FROM `vlusi_jzc`.`jzc_attribute`
            WHERE attr_type = 1

DELETE FROM `vlusi_jzc`.`jzc_sessions_data` WHERE expiry < 1539263322

DELETE FROM `vlusi_jzc`.`jzc_sessions` WHERE expiry < 1539263322

SELECT userid, adminid, user_name, user_rank, discount, email, data, expiry FROM `vlusi_jzc`.`jzc_sessions` WHERE sesskey = 'ce6786e0c3d1b11eee1aee66c2cdcaaf'

SELECT code, value FROM `vlusi_jzc`.`jzc_shop_config` WHERE parent_id > 0

SELECT suppliers_id, suppliers_name, suppliers_desc
            FROM `vlusi_jzc`.`jzc_suppliers`
            WHERE  is_check = 1 

SELECT c.cat_id, c.cat_name, c.measure_unit, c.parent_id, c.is_show, c.show_in_nav, c.grade, c.sort_order, COUNT(s.cat_id) AS has_children FROM `vlusi_jzc`.`jzc_category` AS c LEFT JOIN `vlusi_jzc`.`jzc_category` AS s ON s.parent_id=c.cat_id GROUP BY c.cat_id ORDER BY c.parent_id, c.sort_order ASC

SELECT cat_id, COUNT(*) AS goods_num  FROM `vlusi_jzc`.`jzc_goods` WHERE is_delete = 0 AND is_on_sale = 1  GROUP BY cat_id

SELECT gc.cat_id, COUNT(*) AS goods_num  FROM `vlusi_jzc`.`jzc_goods_cat` AS gc , `vlusi_jzc`.`jzc_goods` AS g  WHERE g.goods_id = gc.goods_id AND g.is_delete = 0 AND g.is_on_sale = 1  GROUP BY gc.cat_id

SELECT brand_id, brand_name FROM `vlusi_jzc`.`jzc_brand` ORDER BY sort_order

SELECT suppliers_id, suppliers_name, suppliers_desc
            FROM `vlusi_jzc`.`jzc_suppliers`
            WHERE  is_check = 1 

SELECT COUNT(*) FROM `vlusi_jzc`.`jzc_goods` AS g WHERE is_delete='0'  AND is_real='1'

SELECT goods_id, goods_name, goods_type, goods_sn, virtual_sales, shop_price, is_on_sale, is_best, is_new, is_hot, sort_order, goods_number, integral,  (promote_price > 0 AND promote_start_date <= '1539244799' AND promote_end_date >= '1539244799') AS is_promote  FROM `vlusi_jzc`.`jzc_goods` AS g WHERE is_delete='0'  AND is_real='1' ORDER BY goods_id DESC  LIMIT 0,15

SELECT DISTINCT cat_id
            FROM `vlusi_jzc`.`jzc_attribute`
            WHERE attr_type = 1

SELECT userid, adminid, user_name, user_rank, discount, email, data, expiry FROM `vlusi_jzc`.`jzc_sessions` WHERE sesskey = 'ce6786e0c3d1b11eee1aee66c2cdcaaf'

SELECT code, value FROM `vlusi_jzc`.`jzc_shop_config` WHERE parent_id > 0

UPDATE `vlusi_jzc`.`jzc_sessions` SET expiry = '1539265124', ip = '0.0.0.0', userid = '0', adminid = '1', user_name='0', user_rank='0', discount='0', email='0', data = 'a:3:{s:10:\"admin_name\";s:5:\"admin\";s:11:\"action_list\";s:3:\"all\";s:10:\"last_check\";i:1539236324;}' WHERE sesskey = 'ce6786e0c3d1b11eee1aee66c2cdcaaf' LIMIT 1

DELETE FROM `vlusi_jzc`.`jzc_sessions` WHERE expiry < 1539263324

SELECT userid, adminid, user_name, user_rank, discount, email, data, expiry FROM `vlusi_jzc`.`jzc_sessions` WHERE sesskey = 'ce6786e0c3d1b11eee1aee66c2cdcaaf'

SELECT code, value FROM `vlusi_jzc`.`jzc_shop_config` WHERE parent_id > 0

SELECT suppliers_id, suppliers_name, suppliers_desc
            FROM `vlusi_jzc`.`jzc_suppliers`
            WHERE  is_check = 1 

DELETE FROM `vlusi_jzc`.`jzc_link_goods` WHERE (goods_id = 0 OR link_goods_id = 0) AND admin_id = '1'

DELETE FROM `vlusi_jzc`.`jzc_group_goods` WHERE parent_id = 0 AND admin_id = '1'

DELETE FROM `vlusi_jzc`.`jzc_goods_article` WHERE goods_id = 0 AND admin_id = '1'

DELETE FROM `vlusi_jzc`.`jzc_goods_attr` WHERE goods_id = 0

SELECT touch_sale,touch_fencheng FROM `vlusi_jzc`.`jzc_drp_goods` WHERE goods_id = ''

SELECT c.cat_id, c.cat_name, c.measure_unit, c.parent_id, c.is_show, c.show_in_nav, c.grade, c.sort_order, COUNT(s.cat_id) AS has_children FROM `vlusi_jzc`.`jzc_category` AS c LEFT JOIN `vlusi_jzc`.`jzc_category` AS s ON s.parent_id=c.cat_id GROUP BY c.cat_id ORDER BY c.parent_id, c.sort_order ASC

SELECT cat_id, COUNT(*) AS goods_num  FROM `vlusi_jzc`.`jzc_goods` WHERE is_delete = 0 AND is_on_sale = 1  GROUP BY cat_id

SELECT gc.cat_id, COUNT(*) AS goods_num  FROM `vlusi_jzc`.`jzc_goods_cat` AS gc , `vlusi_jzc`.`jzc_goods` AS g  WHERE g.goods_id = gc.goods_id AND g.is_delete = 0 AND g.is_on_sale = 1  GROUP BY gc.cat_id

SELECT brand_id, brand_name FROM `vlusi_jzc`.`jzc_brand` ORDER BY sort_order

SELECT * FROM `vlusi_jzc`.`jzc_user_rank` ORDER BY min_points

SELECT cat_id, cat_name FROM `vlusi_jzc`.`jzc_goods_type` WHERE enabled = 1

DELETE FROM `vlusi_jzc`.`jzc_sessions_data` WHERE expiry < 1539263328

DELETE FROM `vlusi_jzc`.`jzc_sessions` WHERE expiry < 1539263328

SELECT userid, adminid, user_name, user_rank, discount, email, data, expiry FROM `vlusi_jzc`.`jzc_sessions` WHERE sesskey = 'ce6786e0c3d1b11eee1aee66c2cdcaaf'

SELECT code, value FROM `vlusi_jzc`.`jzc_shop_config` WHERE parent_id > 0

SELECT COUNT(*) FROM `vlusi_jzc`.`jzc_category` WHERE parent_id = '0' AND cat_name = '代金卡' AND cat_id<>'0'

INSERT INTO `vlusi_jzc`.`jzc_category`(cat_name, parent_id, is_show)VALUES ( '代金卡', '0', 1)

UPDATE `vlusi_jzc`.`jzc_sessions` SET expiry = '1539265139', ip = '0.0.0.0', userid = '0', adminid = '1', user_name='0', user_rank='0', discount='0', email='0', data = 'a:3:{s:10:\"admin_name\";s:5:\"admin\";s:11:\"action_list\";s:3:\"all\";s:10:\"last_check\";i:1539236324;}' WHERE sesskey = 'ce6786e0c3d1b11eee1aee66c2cdcaaf' LIMIT 1

DELETE FROM `vlusi_jzc`.`jzc_sessions_data` WHERE expiry < 1539263339

SELECT userid, adminid, user_name, user_rank, discount, email, data, expiry FROM `vlusi_jzc`.`jzc_sessions` WHERE sesskey = 'ce6786e0c3d1b11eee1aee66c2cdcaaf'

SELECT code, value FROM `vlusi_jzc`.`jzc_shop_config` WHERE parent_id > 0

SELECT COUNT(*) FROM `vlusi_jzc`.`jzc_goods` WHERE goods_sn = ''

SELECT userid, adminid, user_name, user_rank, discount, email, data, expiry FROM `vlusi_jzc`.`jzc_sessions` WHERE sesskey = 'ce6786e0c3d1b11eee1aee66c2cdcaaf'

SELECT code, value FROM `vlusi_jzc`.`jzc_shop_config` WHERE parent_id > 0

SELECT MAX(goods_id) + 1 FROM `vlusi_jzc`.`jzc_goods`

SELECT goods_sn FROM `vlusi_jzc`.`jzc_goods` WHERE goods_sn LIKE 'ECS000000%' AND goods_id <> ''  ORDER BY LENGTH(goods_sn) DESC

INSERT INTO `vlusi_jzc`.`jzc_goods` (goods_name, goods_name_style, goods_sn, cat_id, brand_id, shop_price, market_price, virtual_sales, is_promote, promote_price, promote_start_date, promote_end_date, goods_img, goods_thumb, original_img, keywords, goods_brief, seller_note, goods_weight, goods_number, warn_number, integral, give_integral, is_best, is_new, is_hot, is_on_sale, is_alone_sale, is_shipping, goods_desc, add_time, last_update, goods_type, rank_integral, suppliers_id)VALUES ('代金卡', '+', 'ECS000000', '1', '', '0', '0', '0', '0','0', '0', '0', '', '', '', '', '', '', '0', '1', '1', '0', '-1', '0', '0', '0', '1', '1', 0,  '', '1539236346', '1539236346', '0', '-1', '0')

SELECT count(*) FROM `vlusi_jzc`.`jzc_drp_goods`WHERE goods_id='1'

INSERT INTO `vlusi_jzc`.`jzc_drp_goods` (goods_id, touch_sale, touch_fencheng)VALUES ( '1', '0', '0')

INSERT INTO `vlusi_jzc`.`jzc_admin_log` (log_time, user_id, log_info, ip_address)  VALUES ('1539236346', 1, '添加商品: 代金卡', '0.0.0.0')

SELECT attr_id, attr_index FROM `vlusi_jzc`.`jzc_attribute` WHERE cat_id = '0'

SELECT g.*, a.attr_type
                FROM `vlusi_jzc`.`jzc_goods_attr` AS g
                    LEFT JOIN `vlusi_jzc`.`jzc_attribute` AS a
                        ON a.attr_id = g.attr_id
                WHERE g.goods_id = '1'

UPDATE `vlusi_jzc`.`jzc_goods` SET keywords = '' WHERE goods_id = '1' LIMIT 1

SELECT COUNT(*) FROM `vlusi_jzc`.`jzc_member_price` WHERE goods_id = '1' AND user_rank = '1'

DELETE FROM `vlusi_jzc`.`jzc_volume_price` WHERE price_type = '1' AND goods_id = '1'

UPDATE `vlusi_jzc`.`jzc_link_goods` SET  goods_id = '1'  WHERE goods_id = '0' AND admin_id = '1'

UPDATE `vlusi_jzc`.`jzc_link_goods` SET  link_goods_id = '1'  WHERE link_goods_id = '0' AND admin_id = '1'

UPDATE `vlusi_jzc`.`jzc_group_goods` SET  parent_id = '1'  WHERE parent_id = '0' AND admin_id = '1'

UPDATE `vlusi_jzc`.`jzc_goods_article` SET  goods_id = '1'  WHERE goods_id = '0' AND admin_id = '1'

SELECT COUNT(a.attr_id)
            FROM `vlusi_jzc`.`jzc_attribute` AS a, `vlusi_jzc`.`jzc_goods` AS g
            WHERE a.cat_id = g.goods_type
            AND g.goods_id = '1'

DELETE FROM `vlusi_jzc`.`jzc_sessions` WHERE expiry < 1539263346

SELECT userid, adminid, user_name, user_rank, discount, email, data, expiry FROM `vlusi_jzc`.`jzc_sessions` WHERE sesskey = 'ce6786e0c3d1b11eee1aee66c2cdcaaf'

SELECT code, value FROM `vlusi_jzc`.`jzc_shop_config` WHERE parent_id > 0

SELECT suppliers_id, suppliers_name, suppliers_desc
            FROM `vlusi_jzc`.`jzc_suppliers`
            WHERE  is_check = 1 

SELECT c.cat_id, c.cat_name, c.measure_unit, c.parent_id, c.is_show, c.show_in_nav, c.grade, c.sort_order, COUNT(s.cat_id) AS has_children FROM `vlusi_jzc`.`jzc_category` AS c LEFT JOIN `vlusi_jzc`.`jzc_category` AS s ON s.parent_id=c.cat_id GROUP BY c.cat_id ORDER BY c.parent_id, c.sort_order ASC

SELECT cat_id, COUNT(*) AS goods_num  FROM `vlusi_jzc`.`jzc_goods` WHERE is_delete = 0 AND is_on_sale = 1  GROUP BY cat_id

SELECT gc.cat_id, COUNT(*) AS goods_num  FROM `vlusi_jzc`.`jzc_goods_cat` AS gc , `vlusi_jzc`.`jzc_goods` AS g  WHERE g.goods_id = gc.goods_id AND g.is_delete = 0 AND g.is_on_sale = 1  GROUP BY gc.cat_id

SELECT brand_id, brand_name FROM `vlusi_jzc`.`jzc_brand` ORDER BY sort_order

SELECT suppliers_id, suppliers_name, suppliers_desc
            FROM `vlusi_jzc`.`jzc_suppliers`
            WHERE  is_check = 1 

SELECT COUNT(*) FROM `vlusi_jzc`.`jzc_goods` AS g WHERE is_delete='0'  AND is_real='1'

SELECT goods_id, goods_name, goods_type, goods_sn, virtual_sales, shop_price, is_on_sale, is_best, is_new, is_hot, sort_order, goods_number, integral,  (promote_price > 0 AND promote_start_date <= '1539244799' AND promote_end_date >= '1539244799') AS is_promote  FROM `vlusi_jzc`.`jzc_goods` AS g WHERE is_delete='0'  AND is_real='1' ORDER BY goods_id DESC  LIMIT 0,15

SELECT DISTINCT cat_id
            FROM `vlusi_jzc`.`jzc_attribute`
            WHERE attr_type = 1

DELETE FROM `vlusi_jzc`.`jzc_sessions_data` WHERE expiry < 1539263348

DELETE FROM `vlusi_jzc`.`jzc_sessions` WHERE expiry < 1539263348

SELECT userid, adminid, user_name, user_rank, discount, email, data, expiry FROM `vlusi_jzc`.`jzc_sessions` WHERE sesskey = 'ce6786e0c3d1b11eee1aee66c2cdcaaf'

SELECT code, value FROM `vlusi_jzc`.`jzc_shop_config` WHERE parent_id > 0

SELECT suppliers_id, suppliers_name, suppliers_desc
            FROM `vlusi_jzc`.`jzc_suppliers`
            WHERE  is_check = 1 

SELECT * FROM `vlusi_jzc`.`jzc_goods` WHERE goods_id = '1'

SELECT DISTINCT cat_id
            FROM `vlusi_jzc`.`jzc_attribute`
            WHERE attr_type = 1

SELECT g.goods_attr_id, g.attr_value, g.attr_id, a.attr_name
            FROM `vlusi_jzc`.`jzc_goods_attr` AS g
                LEFT JOIN `vlusi_jzc`.`jzc_attribute` AS a
                    ON a.attr_id = g.attr_id
            WHERE goods_id = '1'
            AND a.attr_type = 1
            ORDER BY g.goods_attr_id ASC

SELECT cat_id FROM `vlusi_jzc`.`jzc_goods_cat` WHERE goods_id = '1'

SELECT lg.link_goods_id AS goods_id, g.goods_name, lg.is_double FROM `vlusi_jzc`.`jzc_link_goods` AS lg, `vlusi_jzc`.`jzc_goods` AS g WHERE lg.goods_id = '1' AND lg.link_goods_id = g.goods_id 

SELECT gg.goods_id, gg.group_id, CONCAT(g.goods_name, ' -- [', gg.goods_price, ']') AS goods_name FROM `vlusi_jzc`.`jzc_group_goods` AS gg, `vlusi_jzc`.`jzc_goods` AS g WHERE gg.parent_id = '1' AND gg.goods_id = g.goods_id  order by gg.group_id asc, g.goods_id asc

SELECT g.article_id, a.title FROM `vlusi_jzc`.`jzc_goods_article` AS g, `vlusi_jzc`.`jzc_article` AS a WHERE g.goods_id = '1' AND g.article_id = a.article_id 

SELECT * FROM `vlusi_jzc`.`jzc_goods_gallery` WHERE goods_id = '1'

SELECT touch_sale,touch_fencheng FROM `vlusi_jzc`.`jzc_drp_goods` WHERE goods_id = '1'

SELECT c.cat_id, c.cat_name, c.measure_unit, c.parent_id, c.is_show, c.show_in_nav, c.grade, c.sort_order, COUNT(s.cat_id) AS has_children FROM `vlusi_jzc`.`jzc_category` AS c LEFT JOIN `vlusi_jzc`.`jzc_category` AS s ON s.parent_id=c.cat_id GROUP BY c.cat_id ORDER BY c.parent_id, c.sort_order ASC

SELECT cat_id, COUNT(*) AS goods_num  FROM `vlusi_jzc`.`jzc_goods` WHERE is_delete = 0 AND is_on_sale = 1  GROUP BY cat_id

SELECT gc.cat_id, COUNT(*) AS goods_num  FROM `vlusi_jzc`.`jzc_goods_cat` AS gc , `vlusi_jzc`.`jzc_goods` AS g  WHERE g.goods_id = gc.goods_id AND g.is_delete = 0 AND g.is_on_sale = 1  GROUP BY gc.cat_id

SELECT brand_id, brand_name FROM `vlusi_jzc`.`jzc_brand` ORDER BY sort_order

SELECT * FROM `vlusi_jzc`.`jzc_user_rank` ORDER BY min_points

SELECT user_rank, user_price FROM `vlusi_jzc`.`jzc_member_price` WHERE goods_id = '1'

SELECT cat_id, cat_name FROM `vlusi_jzc`.`jzc_goods_type` WHERE enabled = 1

SELECT `volume_number` , `volume_price` FROM `vlusi_jzc`.`jzc_volume_price` WHERE `goods_id` = '1' AND `price_type` = '1' ORDER BY `volume_number`

UPDATE `vlusi_jzc`.`jzc_sessions` SET expiry = '1539265153', ip = '0.0.0.0', userid = '0', adminid = '1', user_name='0', user_rank='0', discount='0', email='0', data = 'a:3:{s:10:\"admin_name\";s:5:\"admin\";s:11:\"action_list\";s:3:\"all\";s:10:\"last_check\";i:1539236324;}' WHERE sesskey = 'ce6786e0c3d1b11eee1aee66c2cdcaaf' LIMIT 1

SELECT userid, adminid, user_name, user_rank, discount, email, data, expiry FROM `vlusi_jzc`.`jzc_sessions` WHERE sesskey = 'ce6786e0c3d1b11eee1aee66c2cdcaaf'

SELECT code, value FROM `vlusi_jzc`.`jzc_shop_config` WHERE parent_id > 0

SELECT COUNT(*) FROM `vlusi_jzc`.`jzc_goods` WHERE goods_sn = 'ECS000000' AND goods_id <> '1'

SELECT goods_id FROM `vlusi_jzc`.`jzc_products`WHERE product_sn='ECS000000'

SELECT userid, adminid, user_name, user_rank, discount, email, data, expiry FROM `vlusi_jzc`.`jzc_sessions` WHERE sesskey = 'ce6786e0c3d1b11eee1aee66c2cdcaaf'

SELECT code, value FROM `vlusi_jzc`.`jzc_shop_config` WHERE parent_id > 0

SELECT COUNT(*) FROM `vlusi_jzc`.`jzc_goods` WHERE goods_sn = 'ECS000000' AND is_delete = 0 AND goods_id <> '1'

SELECT goods_thumb, goods_img, original_img  FROM `vlusi_jzc`.`jzc_goods` WHERE goods_id = '1'

UPDATE `vlusi_jzc`.`jzc_goods` SET goods_name = '代金卡', goods_name_style = '+', goods_sn = 'ECS000000', cat_id = '1', brand_id = '', shop_price = '0.00', market_price = '0.00', virtual_sales = '0', is_promote = '0', promote_price = '0', promote_start_date = '0', suppliers_id = '0', promote_end_date = '0', keywords = '', goods_brief = '', seller_note = '', goods_weight = '0',goods_number = '100', warn_number = '1', integral = '0', give_integral = '-1', rank_integral = '-1', is_best = '0', is_new = '0', is_hot = '0', is_on_sale = '1', is_alone_sale = '1', is_shipping = '0', goods_desc = '', last_update = '1539236362', goods_type = '0' WHERE goods_id = '1' LIMIT 1

SELECT count(*) FROM `vlusi_jzc`.`jzc_drp_goods`WHERE goods_id='1'

UPDATE `vlusi_jzc`.`jzc_drp_goods` SET touch_sale = '0.00', touch_fencheng = '0' WHERE goods_id = '1' LIMIT 1

INSERT INTO `vlusi_jzc`.`jzc_admin_log` (log_time, user_id, log_info, ip_address)  VALUES ('1539236362', 1, '编辑商品: 代金卡', '0.0.0.0')

SELECT attr_id, attr_index FROM `vlusi_jzc`.`jzc_attribute` WHERE cat_id = '0'

SELECT g.*, a.attr_type
                FROM `vlusi_jzc`.`jzc_goods_attr` AS g
                    LEFT JOIN `vlusi_jzc`.`jzc_attribute` AS a
                        ON a.attr_id = g.attr_id
                WHERE g.goods_id = '1'

UPDATE `vlusi_jzc`.`jzc_goods` SET keywords = '' WHERE goods_id = '1' LIMIT 1

SELECT COUNT(*) FROM `vlusi_jzc`.`jzc_member_price` WHERE goods_id = '1' AND user_rank = '1'

DELETE FROM `vlusi_jzc`.`jzc_volume_price` WHERE price_type = '1' AND goods_id = '1'

SELECT COUNT(a.attr_id)
            FROM `vlusi_jzc`.`jzc_attribute` AS a, `vlusi_jzc`.`jzc_goods` AS g
            WHERE a.cat_id = g.goods_type
            AND g.goods_id = '1'

DELETE FROM `vlusi_jzc`.`jzc_sessions` WHERE expiry < 1539263362

SELECT userid, adminid, user_name, user_rank, discount, email, data, expiry FROM `vlusi_jzc`.`jzc_sessions` WHERE sesskey = 'ce6786e0c3d1b11eee1aee66c2cdcaaf'

SELECT code, value FROM `vlusi_jzc`.`jzc_shop_config` WHERE parent_id > 0

SELECT suppliers_id, suppliers_name, suppliers_desc
            FROM `vlusi_jzc`.`jzc_suppliers`
            WHERE  is_check = 1 

SELECT c.cat_id, c.cat_name, c.measure_unit, c.parent_id, c.is_show, c.show_in_nav, c.grade, c.sort_order, COUNT(s.cat_id) AS has_children FROM `vlusi_jzc`.`jzc_category` AS c LEFT JOIN `vlusi_jzc`.`jzc_category` AS s ON s.parent_id=c.cat_id GROUP BY c.cat_id ORDER BY c.parent_id, c.sort_order ASC

SELECT cat_id, COUNT(*) AS goods_num  FROM `vlusi_jzc`.`jzc_goods` WHERE is_delete = 0 AND is_on_sale = 1  GROUP BY cat_id

SELECT gc.cat_id, COUNT(*) AS goods_num  FROM `vlusi_jzc`.`jzc_goods_cat` AS gc , `vlusi_jzc`.`jzc_goods` AS g  WHERE g.goods_id = gc.goods_id AND g.is_delete = 0 AND g.is_on_sale = 1  GROUP BY gc.cat_id

SELECT brand_id, brand_name FROM `vlusi_jzc`.`jzc_brand` ORDER BY sort_order

SELECT suppliers_id, suppliers_name, suppliers_desc
            FROM `vlusi_jzc`.`jzc_suppliers`
            WHERE  is_check = 1 

SELECT goods_id, goods_name, goods_type, goods_sn, virtual_sales, shop_price, is_on_sale, is_best, is_new, is_hot, sort_order, goods_number, integral,  (promote_price > 0 AND promote_start_date <= '1539244799' AND promote_end_date >= '1539244799') AS is_promote  FROM `vlusi_jzc`.`jzc_goods` AS g WHERE is_delete='0'  AND is_real='1' ORDER BY goods_id DESC  LIMIT 0,15

SELECT DISTINCT cat_id
            FROM `vlusi_jzc`.`jzc_attribute`
            WHERE attr_type = 1

UPDATE `vlusi_jzc`.`jzc_sessions` SET expiry = '1539265165', ip = '0.0.0.0', userid = '0', adminid = '1', user_name='0', user_rank='0', discount='0', email='0', data = 'a:3:{s:10:\"admin_name\";s:5:\"admin\";s:11:\"action_list\";s:3:\"all\";s:10:\"last_check\";i:1539236324;}' WHERE sesskey = 'ce6786e0c3d1b11eee1aee66c2cdcaaf' LIMIT 1

SELECT userid, adminid, user_name, user_rank, discount, email, data, expiry FROM `vlusi_jzc`.`jzc_sessions` WHERE sesskey = 'ce6786e0c3d1b11eee1aee66c2cdcaaf'

SELECT code, value FROM `vlusi_jzc`.`jzc_shop_config` WHERE parent_id > 0

SELECT * FROM `vlusi_jzc`.`jzc_shop_config` WHERE type<>'hidden'   AND (parent_id<>'5' AND id<>'5') ORDER BY parent_id, sort_order, id

SELECT region_id, region_name FROM `vlusi_jzc`.`jzc_region` WHERE region_type = '0' AND parent_id = '0'

SELECT region_id, region_name FROM `vlusi_jzc`.`jzc_region` WHERE region_type = '1' AND parent_id = '1'

SELECT region_id, region_name FROM `vlusi_jzc`.`jzc_region` WHERE region_type = '2' AND parent_id = '2'

DELETE FROM `vlusi_jzc`.`jzc_sessions` WHERE expiry < 1539263368

SELECT userid, adminid, user_name, user_rank, discount, email, data, expiry FROM `vlusi_jzc`.`jzc_sessions` WHERE sesskey = 'ce6786e0c3d1b11eee1aee66c2cdcaaf'

SELECT code, value FROM `vlusi_jzc`.`jzc_shop_config` WHERE parent_id > 0

SELECT * FROM `vlusi_jzc`.`jzc_payment` WHERE enabled = '1' ORDER BY pay_order

SELECT userid, adminid, user_name, user_rank, discount, email, data, expiry FROM `vlusi_jzc`.`jzc_sessions` WHERE sesskey = 'ce6786e0c3d1b11eee1aee66c2cdcaaf'

SELECT code, value FROM `vlusi_jzc`.`jzc_shop_config` WHERE parent_id > 0

DELETE FROM `vlusi_jzc`.`jzc_sessions_data` WHERE expiry < 1539263373

SELECT userid, adminid, user_name, user_rank, discount, email, data, expiry FROM `vlusi_jzc`.`jzc_sessions` WHERE sesskey = 'ce6786e0c3d1b11eee1aee66c2cdcaaf'

SELECT code, value FROM `vlusi_jzc`.`jzc_shop_config` WHERE parent_id > 0

SELECT COUNT(*) FROM `vlusi_jzc`.`jzc_payment` WHERE pay_name = '余额支付' AND pay_code <> 'balance'

SELECT COUNT(*) FROM `vlusi_jzc`.`jzc_payment` WHERE pay_code = 'balance'

INSERT INTO `vlusi_jzc`.`jzc_payment` (pay_code, pay_name, pay_desc, pay_config, is_cod, pay_fee, enabled, is_online)VALUES ('balance', '余额支付', '使用帐户余额支付。只有会员才能使用，通过设置信用额度，可以透支。', 'a:0:{}', '0', '0', 1, '1')

INSERT INTO `vlusi_jzc`.`jzc_admin_log` (log_time, user_id, log_info, ip_address)  VALUES ('1539236374', 1, '安装支付方式: 余额支付', '0.0.0.0')

DELETE FROM `vlusi_jzc`.`jzc_sessions` WHERE expiry < 1539263374

SELECT userid, adminid, user_name, user_rank, discount, email, data, expiry FROM `vlusi_jzc`.`jzc_sessions` WHERE sesskey = 'ce6786e0c3d1b11eee1aee66c2cdcaaf'

SELECT code, value FROM `vlusi_jzc`.`jzc_shop_config` WHERE parent_id > 0

SELECT * FROM `vlusi_jzc`.`jzc_payment` WHERE enabled = '1' ORDER BY pay_order

UPDATE `vlusi_jzc`.`jzc_sessions` SET expiry = '1539265176', ip = '0.0.0.0', userid = '0', adminid = '1', user_name='0', user_rank='0', discount='0', email='0', data = 'a:3:{s:10:\"admin_name\";s:5:\"admin\";s:11:\"action_list\";s:3:\"all\";s:10:\"last_check\";i:1539236324;}' WHERE sesskey = 'ce6786e0c3d1b11eee1aee66c2cdcaaf' LIMIT 1

DELETE FROM `vlusi_jzc`.`jzc_sessions` WHERE expiry < 1539263376

SELECT userid, adminid, user_name, user_rank, discount, email, data, expiry FROM `vlusi_jzc`.`jzc_sessions` WHERE sesskey = 'ce6786e0c3d1b11eee1aee66c2cdcaaf'

SELECT code, value FROM `vlusi_jzc`.`jzc_shop_config` WHERE parent_id > 0

SELECT shipping_id, shipping_name, shipping_desc, insure, support_cod,shipping_order FROM `vlusi_jzc`.`jzc_shipping` WHERE shipping_code='cac' ORDER BY shipping_order

SELECT shipping_id, shipping_name, shipping_desc, insure, support_cod,shipping_order FROM `vlusi_jzc`.`jzc_shipping` WHERE shipping_code='city_express' ORDER BY shipping_order

SELECT shipping_id, shipping_name, shipping_desc, insure, support_cod,shipping_order FROM `vlusi_jzc`.`jzc_shipping` WHERE shipping_code='ems' ORDER BY shipping_order

SELECT shipping_id, shipping_name, shipping_desc, insure, support_cod,shipping_order FROM `vlusi_jzc`.`jzc_shipping` WHERE shipping_code='flat' ORDER BY shipping_order

SELECT shipping_id, shipping_name, shipping_desc, insure, support_cod,shipping_order FROM `vlusi_jzc`.`jzc_shipping` WHERE shipping_code='fpd' ORDER BY shipping_order

SELECT shipping_id, shipping_name, shipping_desc, insure, support_cod,shipping_order FROM `vlusi_jzc`.`jzc_shipping` WHERE shipping_code='post_express' ORDER BY shipping_order

SELECT shipping_id, shipping_name, shipping_desc, insure, support_cod,shipping_order FROM `vlusi_jzc`.`jzc_shipping` WHERE shipping_code='post_mail' ORDER BY shipping_order

SELECT shipping_id, shipping_name, shipping_desc, insure, support_cod,shipping_order FROM `vlusi_jzc`.`jzc_shipping` WHERE shipping_code='presswork' ORDER BY shipping_order

SELECT shipping_id, shipping_name, shipping_desc, insure, support_cod,shipping_order FROM `vlusi_jzc`.`jzc_shipping` WHERE shipping_code='sf_express' ORDER BY shipping_order

SELECT shipping_id, shipping_name, shipping_desc, insure, support_cod,shipping_order FROM `vlusi_jzc`.`jzc_shipping` WHERE shipping_code='sto_express' ORDER BY shipping_order

SELECT shipping_id, shipping_name, shipping_desc, insure, support_cod,shipping_order FROM `vlusi_jzc`.`jzc_shipping` WHERE shipping_code='yto' ORDER BY shipping_order

SELECT shipping_id, shipping_name, shipping_desc, insure, support_cod,shipping_order FROM `vlusi_jzc`.`jzc_shipping` WHERE shipping_code='zto' ORDER BY shipping_order

DELETE FROM `vlusi_jzc`.`jzc_sessions_data` WHERE expiry < 1539263379

SELECT userid, adminid, user_name, user_rank, discount, email, data, expiry FROM `vlusi_jzc`.`jzc_sessions` WHERE sesskey = 'ce6786e0c3d1b11eee1aee66c2cdcaaf'

SELECT code, value FROM `vlusi_jzc`.`jzc_shop_config` WHERE parent_id > 0

SELECT shipping_id, shipping_name, shipping_desc, insure, support_cod,shipping_order FROM `vlusi_jzc`.`jzc_shipping` WHERE shipping_code='cac' ORDER BY shipping_order

SELECT shipping_id, shipping_name, shipping_desc, insure, support_cod,shipping_order FROM `vlusi_jzc`.`jzc_shipping` WHERE shipping_code='city_express' ORDER BY shipping_order

SELECT shipping_id, shipping_name, shipping_desc, insure, support_cod,shipping_order FROM `vlusi_jzc`.`jzc_shipping` WHERE shipping_code='ems' ORDER BY shipping_order

SELECT shipping_id, shipping_name, shipping_desc, insure, support_cod,shipping_order FROM `vlusi_jzc`.`jzc_shipping` WHERE shipping_code='flat' ORDER BY shipping_order

SELECT shipping_id, shipping_name, shipping_desc, insure, support_cod,shipping_order FROM `vlusi_jzc`.`jzc_shipping` WHERE shipping_code='fpd' ORDER BY shipping_order

SELECT shipping_id, shipping_name, shipping_desc, insure, support_cod,shipping_order FROM `vlusi_jzc`.`jzc_shipping` WHERE shipping_code='post_express' ORDER BY shipping_order

SELECT shipping_id, shipping_name, shipping_desc, insure, support_cod,shipping_order FROM `vlusi_jzc`.`jzc_shipping` WHERE shipping_code='post_mail' ORDER BY shipping_order

SELECT shipping_id, shipping_name, shipping_desc, insure, support_cod,shipping_order FROM `vlusi_jzc`.`jzc_shipping` WHERE shipping_code='presswork' ORDER BY shipping_order

SELECT shipping_id, shipping_name, shipping_desc, insure, support_cod,shipping_order FROM `vlusi_jzc`.`jzc_shipping` WHERE shipping_code='sf_express' ORDER BY shipping_order

SELECT shipping_id, shipping_name, shipping_desc, insure, support_cod,shipping_order FROM `vlusi_jzc`.`jzc_shipping` WHERE shipping_code='sto_express' ORDER BY shipping_order

SELECT shipping_id, shipping_name, shipping_desc, insure, support_cod,shipping_order FROM `vlusi_jzc`.`jzc_shipping` WHERE shipping_code='yto' ORDER BY shipping_order

SELECT shipping_id, shipping_name, shipping_desc, insure, support_cod,shipping_order FROM `vlusi_jzc`.`jzc_shipping` WHERE shipping_code='zto' ORDER BY shipping_order

DELETE FROM `vlusi_jzc`.`jzc_sessions_data` WHERE expiry < 1539263380

DELETE FROM `vlusi_jzc`.`jzc_sessions` WHERE expiry < 1539263380

SELECT userid, adminid, user_name, user_rank, discount, email, data, expiry FROM `vlusi_jzc`.`jzc_sessions` WHERE sesskey = 'ce6786e0c3d1b11eee1aee66c2cdcaaf'

SELECT code, value FROM `vlusi_jzc`.`jzc_shop_config` WHERE parent_id > 0

SELECT shipping_id FROM `vlusi_jzc`.`jzc_shipping` WHERE shipping_code = 'zto'

INSERT INTO `vlusi_jzc`.`jzc_shipping` (shipping_code, shipping_name, shipping_desc, insure, support_cod, enabled, print_bg, config_lable, print_model) VALUES ('zto', '中通速递', '中通快递的相关说明。保价费按照申报价值的2％交纳，但是，保价费不低于100元，保价金额不得高于10000元，保价金额超过10000元的，超过的部分无效', '2%', '0', 1, '/images/receipt/dly_zto.jpg', 't_shop_province,网店-省份,116,30,296.55,117.2,b_shop_province||,||t_customer_province,收件人-省份,114,32,649.95,114.3,b_customer_province||,||t_shop_address,网店-地址,260,57,151.75,152.05,b_shop_address||,||t_shop_name,网店-名称,259,28,152.65,212.4,b_shop_name||,||t_shop_tel,网店-联系电话,131,37,138.65,246.5,b_shop_tel||,||t_customer_post,收件人-邮编,104,39,659.2,242.2,b_customer_post||,||t_customer_tel,收件人-电话,158,22,461.9,241.9,b_customer_tel||,||t_customer_mobel,收件人-手机,159,21,463.25,265.4,b_customer_mobel||,||t_customer_name,收件人-姓名,109,32,498.9,115.8,b_customer_name||,||t_customer_address,收件人-详细地址,264,58,499.6,150.1,b_customer_address||,||t_months,月-当日日期,35,23,135.85,392.8,b_months||,||t_day,日-当日日期,24,23,180.1,392.8,b_day||,||', '2')

INSERT INTO `vlusi_jzc`.`jzc_admin_log` (log_time, user_id, log_info, ip_address)  VALUES ('1539236382', 1, '安装配送方式: 中通速递', '0.0.0.0')

DELETE FROM `vlusi_jzc`.`jzc_sessions` WHERE expiry < 1539263382

SELECT userid, adminid, user_name, user_rank, discount, email, data, expiry FROM `vlusi_jzc`.`jzc_sessions` WHERE sesskey = 'ce6786e0c3d1b11eee1aee66c2cdcaaf'

SELECT code, value FROM `vlusi_jzc`.`jzc_shop_config` WHERE parent_id > 0

SELECT shipping_name, shipping_code FROM `vlusi_jzc`.`jzc_shipping` WHERE shipping_id='1'

SELECT region_id, region_name FROM `vlusi_jzc`.`jzc_region` WHERE region_type = '0' AND parent_id = '0'

SELECT userid, adminid, user_name, user_rank, discount, email, data, expiry FROM `vlusi_jzc`.`jzc_sessions` WHERE sesskey = 'ce6786e0c3d1b11eee1aee66c2cdcaaf'

SELECT code, value FROM `vlusi_jzc`.`jzc_shop_config` WHERE parent_id > 0

SELECT COUNT(*) FROM `vlusi_jzc`.`jzc_shipping_area` WHERE shipping_id='1' AND shipping_area_name='全国'

SELECT shipping_code FROM `vlusi_jzc`.`jzc_shipping` WHERE shipping_id='1'

INSERT INTO `vlusi_jzc`.`jzc_shipping_area` (shipping_area_name, shipping_id, configure) VALUES ('全国', '1', 'a:5:{i:0;a:2:{s:4:"name";s:8:"item_fee";s:5:"value";s:2:"15";}i:1;a:2:{s:4:"name";s:8:"base_fee";s:5:"value";s:2:"10";}i:2;a:2:{s:4:"name";s:8:"step_fee";s:5:"value";s:1:"5";}i:3;a:2:{s:4:"name";s:10:"free_money";s:5:"value";s:0:"";}i:4;a:2:{s:4:"name";s:16:"fee_compute_mode";s:5:"value";s:9:"by_weight";}}')

INSERT INTO `vlusi_jzc`.`jzc_area_region` (shipping_area_id, region_id) VALUES ('1', '1')

INSERT INTO `vlusi_jzc`.`jzc_admin_log` (log_time, user_id, log_info, ip_address)  VALUES ('1539236396', 1, '添加配送区域: 全国', '0.0.0.0')

UPDATE `vlusi_jzc`.`jzc_sessions` SET expiry = '1539265196', ip = '0.0.0.0', userid = '0', adminid = '1', user_name='0', user_rank='0', discount='0', email='0', data = 'a:3:{s:10:\"admin_name\";s:5:\"admin\";s:11:\"action_list\";s:3:\"all\";s:10:\"last_check\";i:1539236324;}' WHERE sesskey = 'ce6786e0c3d1b11eee1aee66c2cdcaaf' LIMIT 1

DELETE FROM `vlusi_jzc`.`jzc_sessions_data` WHERE expiry < 1539263396

DELETE FROM `vlusi_jzc`.`jzc_sessions` WHERE expiry < 1539263396

SELECT userid, adminid, user_name, user_rank, discount, email, data, expiry FROM `vlusi_jzc`.`jzc_sessions` WHERE sesskey = 'ce6786e0c3d1b11eee1aee66c2cdcaaf'

SELECT code, value FROM `vlusi_jzc`.`jzc_shop_config` WHERE parent_id > 0

SELECT * FROM `vlusi_jzc`.`jzc_shipping_area` WHERE shipping_id = '1'

SELECT r.region_name FROM `vlusi_jzc`.`jzc_area_region` AS a, `vlusi_jzc`.`jzc_region` AS r WHERE a.region_id = r.region_id AND a.shipping_area_id = '1'

DELETE FROM `vlusi_jzc`.`jzc_sessions_data` WHERE expiry < 1539263399

SELECT userid, adminid, user_name, user_rank, discount, email, data, expiry FROM `vlusi_jzc`.`jzc_sessions` WHERE sesskey = 'ce6786e0c3d1b11eee1aee66c2cdcaaf'

SELECT code, value FROM `vlusi_jzc`.`jzc_shop_config` WHERE parent_id > 0

SELECT agency_id FROM `vlusi_jzc`.`jzc_admin_user` WHERE user_id = '1'

SELECT COUNT(*) FROM `vlusi_jzc`.`jzc_order_info` AS o WHERE 1 

UPDATE `vlusi_jzc`.`jzc_sessions` SET expiry = '1539265259', ip = '0.0.0.0', userid = '0', adminid = '1', user_name='0', user_rank='0', discount='0', email='0', data = 'a:3:{s:10:\"admin_name\";s:5:\"admin\";s:11:\"action_list\";s:3:\"all\";s:10:\"last_check\";i:1539236324;}' WHERE sesskey = 'ce6786e0c3d1b11eee1aee66c2cdcaaf' LIMIT 1

SELECT userid, adminid, user_name, user_rank, discount, email, data, expiry FROM `vlusi_jzc`.`jzc_sessions` WHERE sesskey = 'ce6786e0c3d1b11eee1aee66c2cdcaaf'

SELECT code, value FROM `vlusi_jzc`.`jzc_shop_config` WHERE parent_id > 0

UPDATE `vlusi_jzc`.`jzc_sessions` SET expiry = '1539265281', ip = '0.0.0.0', userid = '0', adminid = '1', user_name='0', user_rank='0', discount='0', email='0', data = 'a:3:{s:10:\"admin_name\";s:5:\"admin\";s:11:\"action_list\";s:3:\"all\";s:10:\"last_check\";i:1539236324;}' WHERE sesskey = 'ce6786e0c3d1b11eee1aee66c2cdcaaf' LIMIT 1

DELETE FROM `vlusi_jzc`.`jzc_sessions_data` WHERE expiry < 1539263481

SELECT userid, adminid, user_name, user_rank, discount, email, data, expiry FROM `vlusi_jzc`.`jzc_sessions` WHERE sesskey = 'ce6786e0c3d1b11eee1aee66c2cdcaaf'

SELECT code, value FROM `vlusi_jzc`.`jzc_shop_config` WHERE parent_id > 0

SELECT shipping_id, shipping_name, shipping_desc, insure, support_cod,shipping_order FROM `vlusi_jzc`.`jzc_shipping` WHERE shipping_code='cac' ORDER BY shipping_order

SELECT shipping_id, shipping_name, shipping_desc, insure, support_cod,shipping_order FROM `vlusi_jzc`.`jzc_shipping` WHERE shipping_code='city_express' ORDER BY shipping_order

SELECT shipping_id, shipping_name, shipping_desc, insure, support_cod,shipping_order FROM `vlusi_jzc`.`jzc_shipping` WHERE shipping_code='ems' ORDER BY shipping_order

SELECT shipping_id, shipping_name, shipping_desc, insure, support_cod,shipping_order FROM `vlusi_jzc`.`jzc_shipping` WHERE shipping_code='flat' ORDER BY shipping_order

SELECT shipping_id, shipping_name, shipping_desc, insure, support_cod,shipping_order FROM `vlusi_jzc`.`jzc_shipping` WHERE shipping_code='fpd' ORDER BY shipping_order

SELECT shipping_id, shipping_name, shipping_desc, insure, support_cod,shipping_order FROM `vlusi_jzc`.`jzc_shipping` WHERE shipping_code='post_express' ORDER BY shipping_order

SELECT shipping_id, shipping_name, shipping_desc, insure, support_cod,shipping_order FROM `vlusi_jzc`.`jzc_shipping` WHERE shipping_code='post_mail' ORDER BY shipping_order

SELECT shipping_id, shipping_name, shipping_desc, insure, support_cod,shipping_order FROM `vlusi_jzc`.`jzc_shipping` WHERE shipping_code='presswork' ORDER BY shipping_order

SELECT shipping_id, shipping_name, shipping_desc, insure, support_cod,shipping_order FROM `vlusi_jzc`.`jzc_shipping` WHERE shipping_code='sf_express' ORDER BY shipping_order

SELECT shipping_id, shipping_name, shipping_desc, insure, support_cod,shipping_order FROM `vlusi_jzc`.`jzc_shipping` WHERE shipping_code='sto_express' ORDER BY shipping_order

SELECT shipping_id, shipping_name, shipping_desc, insure, support_cod,shipping_order FROM `vlusi_jzc`.`jzc_shipping` WHERE shipping_code='yto' ORDER BY shipping_order

SELECT shipping_id, shipping_name, shipping_desc, insure, support_cod,shipping_order FROM `vlusi_jzc`.`jzc_shipping` WHERE shipping_code='zto' ORDER BY shipping_order

SELECT userid, adminid, user_name, user_rank, discount, email, data, expiry FROM `vlusi_jzc`.`jzc_sessions` WHERE sesskey = 'ce6786e0c3d1b11eee1aee66c2cdcaaf'

SELECT code, value FROM `vlusi_jzc`.`jzc_shop_config` WHERE parent_id > 0

SELECT agency_id FROM `vlusi_jzc`.`jzc_admin_user` WHERE user_id = '1'

SELECT COUNT(*) FROM `vlusi_jzc`.`jzc_order_info` AS o WHERE 1 

SELECT o.order_id, o.order_sn, o.kuaidi_name, o.kuaidi_sn, o.add_time, o.order_status, o.shipping_status, o.order_amount, o.money_paid,o.pay_status, o.consignee, o.address, o.email, o.tel, o.extension_code, o.extension_id, (   o.goods_amount + o.tax + o.shipping_fee + o.insure_fee + o.pay_fee + o.pack_fee + o.card_fee ) AS total_fee, IFNULL(u.user_name, '匿名用户') AS buyer  FROM `vlusi_jzc`.`jzc_order_info` AS o  LEFT JOIN `vlusi_jzc`.`jzc_users` AS u ON u.user_id=o.user_id WHERE 1  ORDER BY add_time DESC  LIMIT 0,15

DELETE FROM `vlusi_jzc`.`jzc_sessions` WHERE expiry < 1539263484

SELECT userid, adminid, user_name, user_rank, discount, email, data, expiry FROM `vlusi_jzc`.`jzc_sessions` WHERE sesskey = 'ce6786e0c3d1b11eee1aee66c2cdcaaf'

SELECT code, value FROM `vlusi_jzc`.`jzc_shop_config` WHERE parent_id > 0

SELECT *,  (goods_amount - discount + tax + shipping_fee + insure_fee + pay_fee + pack_fee + card_fee) AS total_fee  FROM `vlusi_jzc`.`jzc_order_info` WHERE order_id = '1'

DELETE FROM `vlusi_jzc`.`jzc_sessions` WHERE expiry < 1539263486

SELECT userid, adminid, user_name, user_rank, discount, email, data, expiry FROM `vlusi_jzc`.`jzc_sessions` WHERE sesskey = 'ce6786e0c3d1b11eee1aee66c2cdcaaf'

SELECT code, value FROM `vlusi_jzc`.`jzc_shop_config` WHERE parent_id > 0

DESC `vlusi_jzc`.`jzc_order_info`

UPDATE `vlusi_jzc`.`jzc_order_info` SET kuaidi_name = 'zhongtong', kuaidi_sn = '541193169716' WHERE order_id = '1'

INSERT INTO `vlusi_jzc`.`jzc_admin_log` (log_time, user_id, log_info, ip_address)  VALUES ('1539236533', 1, '编辑订单: 1', '0.0.0.0')

UPDATE `vlusi_jzc`.`jzc_sessions` SET expiry = '1539265333', ip = '0.0.0.0', userid = '0', adminid = '1', user_name='0', user_rank='0', discount='0', email='0', data = 'a:3:{s:10:\"admin_name\";s:5:\"admin\";s:11:\"action_list\";s:3:\"all\";s:10:\"last_check\";i:1539236324;}' WHERE sesskey = 'ce6786e0c3d1b11eee1aee66c2cdcaaf' LIMIT 1

DELETE FROM `vlusi_jzc`.`jzc_sessions_data` WHERE expiry < 1539263533

SELECT userid, adminid, user_name, user_rank, discount, email, data, expiry FROM `vlusi_jzc`.`jzc_sessions` WHERE sesskey = 'ce6786e0c3d1b11eee1aee66c2cdcaaf'

SELECT code, value FROM `vlusi_jzc`.`jzc_shop_config` WHERE parent_id > 0

SELECT o.order_id, o.order_sn, o.kuaidi_name, o.kuaidi_sn, o.add_time, o.order_status, o.shipping_status, o.order_amount, o.money_paid,o.pay_status, o.consignee, o.address, o.email, o.tel, o.extension_code, o.extension_id, (   o.goods_amount + o.tax + o.shipping_fee + o.insure_fee + o.pay_fee + o.pack_fee + o.card_fee ) AS total_fee, IFNULL(u.user_name, '匿名用户') AS buyer  FROM `vlusi_jzc`.`jzc_order_info` AS o  LEFT JOIN `vlusi_jzc`.`jzc_users` AS u ON u.user_id=o.user_id WHERE 1  ORDER BY add_time DESC  LIMIT 0,15

DELETE FROM `vlusi_jzc`.`jzc_sessions` WHERE expiry < 1539263534

SELECT userid, adminid, user_name, user_rank, discount, email, data, expiry FROM `vlusi_jzc`.`jzc_sessions` WHERE sesskey = 'ce6786e0c3d1b11eee1aee66c2cdcaaf'

SELECT code, value FROM `vlusi_jzc`.`jzc_shop_config` WHERE parent_id > 0

SELECT COUNT(*) FROM `vlusi_jzc`.`jzc_order_info` WHERE add_time >= '1539236324'

SELECT COUNT(*) FROM `vlusi_jzc`.`jzc_order_info` WHERE pay_time >= 1539236324

UPDATE `vlusi_jzc`.`jzc_sessions` SET expiry = '1539265335', ip = '0.0.0.0', userid = '0', adminid = '1', user_name='0', user_rank='0', discount='0', email='0', data = 'a:3:{s:10:\"admin_name\";s:5:\"admin\";s:11:\"action_list\";s:3:\"all\";s:10:\"last_check\";i:1539236535;}' WHERE sesskey = 'ce6786e0c3d1b11eee1aee66c2cdcaaf' LIMIT 1

SELECT userid, adminid, user_name, user_rank, discount, email, data, expiry FROM `vlusi_jzc`.`jzc_sessions` WHERE sesskey = 'ce6786e0c3d1b11eee1aee66c2cdcaaf'

SELECT code, value FROM `vlusi_jzc`.`jzc_shop_config` WHERE parent_id > 0

SELECT COUNT(*) FROM `vlusi_jzc`.`jzc_order_info` WHERE add_time >= '1539236535'

SELECT COUNT(*) FROM `vlusi_jzc`.`jzc_order_info` WHERE pay_time >= 1539236535

UPDATE `vlusi_jzc`.`jzc_sessions` SET expiry = '1539265515', ip = '0.0.0.0', userid = '0', adminid = '1', user_name='0', user_rank='0', discount='0', email='0', data = 'a:3:{s:10:\"admin_name\";s:5:\"admin\";s:11:\"action_list\";s:3:\"all\";s:10:\"last_check\";i:1539236715;}' WHERE sesskey = 'ce6786e0c3d1b11eee1aee66c2cdcaaf' LIMIT 1

SELECT userid, adminid, user_name, user_rank, discount, email, data, expiry FROM `vlusi_jzc`.`jzc_sessions` WHERE sesskey = 'ce6786e0c3d1b11eee1aee66c2cdcaaf'

SELECT code, value FROM `vlusi_jzc`.`jzc_shop_config` WHERE parent_id > 0

SELECT COUNT(*) FROM `vlusi_jzc`.`jzc_order_info` WHERE add_time >= '1539236715'

SELECT COUNT(*) FROM `vlusi_jzc`.`jzc_order_info` WHERE pay_time >= 1539236715

UPDATE `vlusi_jzc`.`jzc_sessions` SET expiry = '1539265695', ip = '0.0.0.0', userid = '0', adminid = '1', user_name='0', user_rank='0', discount='0', email='0', data = 'a:3:{s:10:\"admin_name\";s:5:\"admin\";s:11:\"action_list\";s:3:\"all\";s:10:\"last_check\";i:1539236895;}' WHERE sesskey = 'ce6786e0c3d1b11eee1aee66c2cdcaaf' LIMIT 1

DELETE FROM `vlusi_jzc`.`jzc_sessions_data` WHERE expiry < 1539263895

SELECT userid, adminid, user_name, user_rank, discount, email, data, expiry FROM `vlusi_jzc`.`jzc_sessions` WHERE sesskey = 'ce6786e0c3d1b11eee1aee66c2cdcaaf'

SELECT code, value FROM `vlusi_jzc`.`jzc_shop_config` WHERE parent_id > 0

SELECT COUNT(*) FROM `vlusi_jzc`.`jzc_order_info` WHERE add_time >= '1539236895'

SELECT COUNT(*) FROM `vlusi_jzc`.`jzc_order_info` WHERE pay_time >= 1539236895

UPDATE `vlusi_jzc`.`jzc_sessions` SET expiry = '1539265875', ip = '0.0.0.0', userid = '0', adminid = '1', user_name='0', user_rank='0', discount='0', email='0', data = 'a:3:{s:10:\"admin_name\";s:5:\"admin\";s:11:\"action_list\";s:3:\"all\";s:10:\"last_check\";i:1539237075;}' WHERE sesskey = 'ce6786e0c3d1b11eee1aee66c2cdcaaf' LIMIT 1

SELECT userid, adminid, user_name, user_rank, discount, email, data, expiry FROM `vlusi_jzc`.`jzc_sessions` WHERE sesskey = 'ce6786e0c3d1b11eee1aee66c2cdcaaf'

SELECT code, value FROM `vlusi_jzc`.`jzc_shop_config` WHERE parent_id > 0

SELECT COUNT(*) FROM `vlusi_jzc`.`jzc_order_info` WHERE add_time >= '1539237075'

SELECT COUNT(*) FROM `vlusi_jzc`.`jzc_order_info` WHERE pay_time >= 1539237075

UPDATE `vlusi_jzc`.`jzc_sessions` SET expiry = '1539266055', ip = '0.0.0.0', userid = '0', adminid = '1', user_name='0', user_rank='0', discount='0', email='0', data = 'a:3:{s:10:\"admin_name\";s:5:\"admin\";s:11:\"action_list\";s:3:\"all\";s:10:\"last_check\";i:1539237255;}' WHERE sesskey = 'ce6786e0c3d1b11eee1aee66c2cdcaaf' LIMIT 1

DELETE FROM `vlusi_jzc`.`jzc_sessions_data` WHERE expiry < 1539264255

SELECT userid, adminid, user_name, user_rank, discount, email, data, expiry FROM `vlusi_jzc`.`jzc_sessions` WHERE sesskey = 'ce6786e0c3d1b11eee1aee66c2cdcaaf'

SELECT code, value FROM `vlusi_jzc`.`jzc_shop_config` WHERE parent_id > 0

SELECT COUNT(*) FROM `vlusi_jzc`.`jzc_order_info` WHERE add_time >= '1539237255'

SELECT COUNT(*) FROM `vlusi_jzc`.`jzc_order_info` WHERE pay_time >= 1539237255

UPDATE `vlusi_jzc`.`jzc_sessions` SET expiry = '1539266235', ip = '0.0.0.0', userid = '0', adminid = '1', user_name='0', user_rank='0', discount='0', email='0', data = 'a:3:{s:10:\"admin_name\";s:5:\"admin\";s:11:\"action_list\";s:3:\"all\";s:10:\"last_check\";i:1539237435;}' WHERE sesskey = 'ce6786e0c3d1b11eee1aee66c2cdcaaf' LIMIT 1

SELECT userid, adminid, user_name, user_rank, discount, email, data, expiry FROM `vlusi_jzc`.`jzc_sessions` WHERE sesskey = 'ce6786e0c3d1b11eee1aee66c2cdcaaf'

SELECT code, value FROM `vlusi_jzc`.`jzc_shop_config` WHERE parent_id > 0

SELECT COUNT(*) FROM `vlusi_jzc`.`jzc_order_info` WHERE add_time >= '1539237435'

SELECT COUNT(*) FROM `vlusi_jzc`.`jzc_order_info` WHERE pay_time >= 1539237435

UPDATE `vlusi_jzc`.`jzc_sessions` SET expiry = '1539266415', ip = '0.0.0.0', userid = '0', adminid = '1', user_name='0', user_rank='0', discount='0', email='0', data = 'a:3:{s:10:\"admin_name\";s:5:\"admin\";s:11:\"action_list\";s:3:\"all\";s:10:\"last_check\";i:1539237615;}' WHERE sesskey = 'ce6786e0c3d1b11eee1aee66c2cdcaaf' LIMIT 1

SELECT userid, adminid, user_name, user_rank, discount, email, data, expiry FROM `vlusi_jzc`.`jzc_sessions` WHERE sesskey = 'ce6786e0c3d1b11eee1aee66c2cdcaaf'

SELECT code, value FROM `vlusi_jzc`.`jzc_shop_config` WHERE parent_id > 0

SELECT COUNT(*) FROM `vlusi_jzc`.`jzc_order_info` WHERE add_time >= '1539237615'

SELECT COUNT(*) FROM `vlusi_jzc`.`jzc_order_info` WHERE pay_time >= 1539237615

UPDATE `vlusi_jzc`.`jzc_sessions` SET expiry = '1539266595', ip = '0.0.0.0', userid = '0', adminid = '1', user_name='0', user_rank='0', discount='0', email='0', data = 'a:3:{s:10:\"admin_name\";s:5:\"admin\";s:11:\"action_list\";s:3:\"all\";s:10:\"last_check\";i:1539237795;}' WHERE sesskey = 'ce6786e0c3d1b11eee1aee66c2cdcaaf' LIMIT 1

SELECT userid, adminid, user_name, user_rank, discount, email, data, expiry FROM `vlusi_jzc`.`jzc_sessions` WHERE sesskey = 'ce6786e0c3d1b11eee1aee66c2cdcaaf'

SELECT code, value FROM `vlusi_jzc`.`jzc_shop_config` WHERE parent_id > 0

SELECT COUNT(*) FROM `vlusi_jzc`.`jzc_order_info` WHERE add_time >= '1539237795'

SELECT COUNT(*) FROM `vlusi_jzc`.`jzc_order_info` WHERE pay_time >= 1539237795

UPDATE `vlusi_jzc`.`jzc_sessions` SET expiry = '1539266775', ip = '0.0.0.0', userid = '0', adminid = '1', user_name='0', user_rank='0', discount='0', email='0', data = 'a:3:{s:10:\"admin_name\";s:5:\"admin\";s:11:\"action_list\";s:3:\"all\";s:10:\"last_check\";i:1539237975;}' WHERE sesskey = 'ce6786e0c3d1b11eee1aee66c2cdcaaf' LIMIT 1

DELETE FROM `vlusi_jzc`.`jzc_sessions_data` WHERE expiry < 1539264975

SELECT userid, adminid, user_name, user_rank, discount, email, data, expiry FROM `vlusi_jzc`.`jzc_sessions` WHERE sesskey = 'ce6786e0c3d1b11eee1aee66c2cdcaaf'

SELECT code, value FROM `vlusi_jzc`.`jzc_shop_config` WHERE parent_id > 0

SELECT COUNT(*) FROM `vlusi_jzc`.`jzc_order_info` WHERE add_time >= '1539237975'

SELECT COUNT(*) FROM `vlusi_jzc`.`jzc_order_info` WHERE pay_time >= 1539237975

UPDATE `vlusi_jzc`.`jzc_sessions` SET expiry = '1539266955', ip = '0.0.0.0', userid = '0', adminid = '1', user_name='0', user_rank='0', discount='0', email='0', data = 'a:3:{s:10:\"admin_name\";s:5:\"admin\";s:11:\"action_list\";s:3:\"all\";s:10:\"last_check\";i:1539238155;}' WHERE sesskey = 'ce6786e0c3d1b11eee1aee66c2cdcaaf' LIMIT 1

SELECT userid, adminid, user_name, user_rank, discount, email, data, expiry FROM `vlusi_jzc`.`jzc_sessions` WHERE sesskey = 'ce6786e0c3d1b11eee1aee66c2cdcaaf'

SELECT code, value FROM `vlusi_jzc`.`jzc_shop_config` WHERE parent_id > 0

SELECT COUNT(*) FROM `vlusi_jzc`.`jzc_order_info` WHERE add_time >= '1539238155'

SELECT COUNT(*) FROM `vlusi_jzc`.`jzc_order_info` WHERE pay_time >= 1539238155

UPDATE `vlusi_jzc`.`jzc_sessions` SET expiry = '1539267135', ip = '0.0.0.0', userid = '0', adminid = '1', user_name='0', user_rank='0', discount='0', email='0', data = 'a:3:{s:10:\"admin_name\";s:5:\"admin\";s:11:\"action_list\";s:3:\"all\";s:10:\"last_check\";i:1539238335;}' WHERE sesskey = 'ce6786e0c3d1b11eee1aee66c2cdcaaf' LIMIT 1

DELETE FROM `vlusi_jzc`.`jzc_sessions_data` WHERE expiry < 1539265335

SELECT userid, adminid, user_name, user_rank, discount, email, data, expiry FROM `vlusi_jzc`.`jzc_sessions` WHERE sesskey = 'ce6786e0c3d1b11eee1aee66c2cdcaaf'

SELECT code, value FROM `vlusi_jzc`.`jzc_shop_config` WHERE parent_id > 0

SELECT COUNT(*) FROM `vlusi_jzc`.`jzc_order_info` WHERE add_time >= '1539238335'

SELECT COUNT(*) FROM `vlusi_jzc`.`jzc_order_info` WHERE pay_time >= 1539238335

UPDATE `vlusi_jzc`.`jzc_sessions` SET expiry = '1539267315', ip = '0.0.0.0', userid = '0', adminid = '1', user_name='0', user_rank='0', discount='0', email='0', data = 'a:3:{s:10:\"admin_name\";s:5:\"admin\";s:11:\"action_list\";s:3:\"all\";s:10:\"last_check\";i:1539238515;}' WHERE sesskey = 'ce6786e0c3d1b11eee1aee66c2cdcaaf' LIMIT 1

