INSERT INTO `vlusi_jzc`.`jzc_sessions` (sesskey, expiry, ip, data) VALUES ('b5e4574072b38b770038731a5639eec0', '1539152888', '0.0.0.0', 'a:0:{}')

SELECT code, value FROM `vlusi_jzc`.`jzc_shop_config` WHERE parent_id > 0

UPDATE `vlusi_jzc`.`jzc_sessions` SET expiry = '1539152889', ip = '0.0.0.0', userid = '0', adminid = '0', user_name='0', user_rank='0', discount='0', email='0', data = 'a:0:{}' WHERE sesskey = 'b5e4574072b38b770038731a5639eec0' LIMIT 1

INSERT INTO `vlusi_jzc`.`jzc_sessions` (sesskey, expiry, ip, data) VALUES ('e85b16a71a3abb412163d036eab0d4a5', '1539153129', '0.0.0.0', 'a:0:{}')

SELECT code, value FROM `vlusi_jzc`.`jzc_shop_config` WHERE parent_id > 0

UPDATE `vlusi_jzc`.`jzc_sessions` SET expiry = '1539153129', ip = '0.0.0.0', userid = '0', adminid = '0', user_name='0', user_rank='0', discount='0', email='0', data = 'a:0:{}' WHERE sesskey = 'e85b16a71a3abb412163d036eab0d4a5' LIMIT 1

DELETE FROM `vlusi_jzc`.`jzc_sessions_data` WHERE expiry < 1539151329

INSERT INTO `vlusi_jzc`.`jzc_sessions` (sesskey, expiry, ip, data) VALUES ('1edec9b37036415ea56ae8f97b73eba0', '1539153139', '0.0.0.0', 'a:0:{}')

SELECT code, value FROM `vlusi_jzc`.`jzc_shop_config` WHERE parent_id > 0

UPDATE `vlusi_jzc`.`jzc_sessions` SET expiry = '1539153139', ip = '0.0.0.0', userid = '0', adminid = '0', user_name='0', user_rank='0', discount='0', email='0', data = 'a:0:{}' WHERE sesskey = '1edec9b37036415ea56ae8f97b73eba0' LIMIT 1

DELETE FROM `vlusi_jzc`.`jzc_sessions_data` WHERE expiry < 1539151339

SELECT userid, adminid, user_name, user_rank, discount, email, data, expiry FROM `vlusi_jzc`.`jzc_sessions` WHERE sesskey = 'b5e4574072b38b770038731a5639eec0'

SELECT code, value FROM `vlusi_jzc`.`jzc_shop_config` WHERE parent_id > 0

SELECT user_id, user_name, password, action_list, last_login  FROM `vlusi_jzc`.`jzc_admin_user` WHERE user_id = '1'

UPDATE `vlusi_jzc`.`jzc_admin_user` SET last_login = '1539124374', last_ip = '0.0.0.0' WHERE user_id = '1'

UPDATE `vlusi_jzc`.`jzc_sessions` SET expiry = '1539153174', ip = '0.0.0.0', userid = '0', adminid = '1', user_name='0', user_rank='0', discount='0', email='0', data = 'a:3:{s:10:\"admin_name\";s:5:\"admin\";s:11:\"action_list\";s:3:\"all\";s:10:\"last_check\";s:0:\"\";}' WHERE sesskey = 'b5e4574072b38b770038731a5639eec0' LIMIT 1

DELETE FROM `vlusi_jzc`.`jzc_sessions_data` WHERE expiry < 1539151374

DELETE FROM `vlusi_jzc`.`jzc_sessions` WHERE expiry < 1539151374

SELECT userid, adminid, user_name, user_rank, discount, email, data, expiry FROM `vlusi_jzc`.`jzc_sessions` WHERE sesskey = 'b5e4574072b38b770038731a5639eec0'

SELECT code, value FROM `vlusi_jzc`.`jzc_shop_config` WHERE parent_id > 0

SELECT message_id, sender_id, receiver_id, sent_time, readed, deleted, title, message, user_name FROM `vlusi_jzc`.`jzc_admin_message` AS a, `vlusi_jzc`.`jzc_admin_user` AS b WHERE a.sender_id = b.user_id AND a.receiver_id = '1' AND a.readed = 0 AND deleted = 0 ORDER BY a.sent_time DESC

SELECT pay_id, is_cod FROM `vlusi_jzc`.`jzc_payment` WHERE enabled = 1

SELECT COUNT(*) FROM `vlusi_jzc`.`jzc_order_info` WHERE 1  AND order_status  IN ('1','5')  AND shipping_status  IN ('1','2')  AND pay_status  IN ('2','1')  

SELECT pay_id FROM `vlusi_jzc`.`jzc_payment` WHERE is_cod = 1

SELECT COUNT(*) FROM `vlusi_jzc`.`jzc_order_info` WHERE 1  AND   order_status  IN ('1','5','6')  AND   shipping_status  IN ('0','3','5')  AND ( pay_status  IN ('2','1')  OR pay_id  IN ('') ) 

SELECT pay_id FROM `vlusi_jzc`.`jzc_payment` WHERE is_cod = 0

SELECT COUNT(*) FROM `vlusi_jzc`.`jzc_order_info` WHERE 1  AND   order_status  IN ('1','5')  AND   pay_status = '0' AND ( shipping_status  IN ('1','2')  OR pay_id  IN ('') ) 

SELECT COUNT(*) FROM `vlusi_jzc`.`jzc_order_info` WHERE 1  AND order_status = '0' 

SELECT COUNT(*) FROM `vlusi_jzc`.`jzc_order_info` WHERE  shipping_status=4

SELECT COUNT(*) AS oCount, IFNULL(SUM(order_amount), 0) AS oAmount FROM `vlusi_jzc`.`jzc_order_info`

SELECT COUNT(*) FROM `vlusi_jzc`.`jzc_goods` WHERE is_delete = 0 AND is_alone_sale = 1 AND is_real = 1

SELECT COUNT(*) FROM `vlusi_jzc`.`jzc_goods` WHERE is_delete = 0 AND is_alone_sale = 1 AND is_real=0 AND extension_code='virtual_card'

SELECT COUNT(*) FROM `vlusi_jzc`.`jzc_goods` WHERE is_delete = 0 AND is_new = 1 AND is_real = 1

SELECT COUNT(*) FROM `vlusi_jzc`.`jzc_goods` WHERE is_delete = 0 AND is_new = 1 AND is_real=0 AND extension_code='virtual_card'

SELECT COUNT(*) FROM `vlusi_jzc`.`jzc_goods` WHERE is_delete = 0 AND is_best = 1 AND is_real = 1

SELECT COUNT(*) FROM `vlusi_jzc`.`jzc_goods` WHERE is_delete = 0 AND is_best = 1 AND is_real=0 AND extension_code='virtual_card'

SELECT COUNT(*) FROM `vlusi_jzc`.`jzc_goods` WHERE is_delete = 0 AND is_hot = 1 AND is_real = 1

SELECT COUNT(*) FROM `vlusi_jzc`.`jzc_goods` WHERE is_delete = 0 AND is_hot = 1 AND is_real=0 AND extension_code='virtual_card'

SELECT COUNT(*) FROM `vlusi_jzc`.`jzc_goods` WHERE is_delete = 0 AND promote_price>0 AND promote_start_date <= '1539124375' AND promote_end_date >= '1539124375' AND is_real = 1

SELECT COUNT(*) FROM `vlusi_jzc`.`jzc_goods` WHERE is_delete = 0 AND promote_price>0 AND promote_start_date <= '1539124375' AND promote_end_date >= '1539124375' AND is_real=0 AND extension_code='virtual_card'

SELECT COUNT(*) FROM `vlusi_jzc`.`jzc_goods` WHERE is_delete = 0 AND goods_number <= warn_number AND is_real = 1

SELECT COUNT(*) FROM `vlusi_jzc`.`jzc_goods` WHERE is_delete = 0 AND goods_number <= warn_number AND is_real=0 AND extension_code='virtual_card'

SELECT COUNT(*) FROM `vlusi_jzc`.`jzc_stats` WHERE access_time > 1539072000

SELECT count(*) FROM `vlusi_jzc`.`jzc_sessions`

SELECT COUNT(f.msg_id) FROM `vlusi_jzc`.`jzc_feedback` AS f LEFT JOIN `vlusi_jzc`.`jzc_feedback` AS r ON r.parent_id=f.msg_id WHERE f.parent_id=0 AND ISNULL(r.msg_id) 

SELECT COUNT(*) FROM `vlusi_jzc`.`jzc_comment` WHERE status = 0 AND parent_id = 0

SELECT COUNT(*) FROM `vlusi_jzc`.`jzc_booking_goods` WHERE is_dispose = 0

SELECT COUNT(*) FROM `vlusi_jzc`.`jzc_user_account` WHERE process_type = 1 AND is_paid = 0 

DELETE FROM `vlusi_jzc`.`jzc_sessions_data` WHERE expiry < 1539151375

SELECT userid, adminid, user_name, user_rank, discount, email, data, expiry FROM `vlusi_jzc`.`jzc_sessions` WHERE sesskey = 'b5e4574072b38b770038731a5639eec0'

SELECT code, value FROM `vlusi_jzc`.`jzc_shop_config` WHERE parent_id > 0

SELECT COUNT(*) AS oCount, IFNULL(SUM(order_amount), 0) AS oAmount FROM `vlusi_jzc`.`jzc_order_info`

SELECT COUNT(*) FROM `vlusi_jzc`.`jzc_goods` WHERE is_delete = 0 AND is_alone_sale = 1 AND is_real = 1

SELECT COUNT(*) FROM `vlusi_jzc`.`jzc_users`

SELECT userid, adminid, user_name, user_rank, discount, email, data, expiry FROM `vlusi_jzc`.`jzc_sessions` WHERE sesskey = 'b5e4574072b38b770038731a5639eec0'

SELECT code, value FROM `vlusi_jzc`.`jzc_shop_config` WHERE parent_id > 0

SELECT value FROM `vlusi_jzc`.`jzc_shop_config` WHERE code = 'template'

SELECT value FROM `vlusi_jzc`.`jzc_shop_config` WHERE code = 'stylename'

UPDATE `vlusi_jzc`.`jzc_sessions` SET expiry = '1539153176', ip = '0.0.0.0', userid = '0', adminid = '1', user_name='0', user_rank='0', discount='0', email='0', data = 'a:3:{s:10:\"admin_name\";s:5:\"admin\";s:11:\"action_list\";s:3:\"all\";s:10:\"last_check\";i:1539124376;}' WHERE sesskey = 'b5e4574072b38b770038731a5639eec0' LIMIT 1

DELETE FROM `vlusi_jzc`.`jzc_sessions_data` WHERE expiry < 1539151376

DELETE FROM `vlusi_jzc`.`jzc_sessions` WHERE expiry < 1539151376

DELETE FROM `vlusi_jzc`.`jzc_sessions_data` WHERE expiry < 1539151376

DELETE FROM `vlusi_jzc`.`jzc_sessions` WHERE expiry < 1539151376

SELECT userid, adminid, user_name, user_rank, discount, email, data, expiry FROM `vlusi_jzc`.`jzc_sessions` WHERE sesskey = 'b5e4574072b38b770038731a5639eec0'

SELECT code, value FROM `vlusi_jzc`.`jzc_shop_config` WHERE parent_id > 0

SELECT rank_id, rank_name, min_points FROM `vlusi_jzc`.`jzc_user_rank` ORDER BY min_points ASC 

SELECT COUNT(*) FROM `vlusi_jzc`.`jzc_users` WHERE 1 

SELECT user_id, user_name,sex,birthday,mobile_phone,email, is_validated, user_money, frozen_money, rank_points, pay_points, reg_time  FROM `vlusi_jzc`.`jzc_users` WHERE 1  ORDER by user_id DESC LIMIT 0,15

DESC `vlusi_jzc`.`jzc_sessions_data`

INSERT INTO `vlusi_jzc`.`jzc_sessions_data` (sesskey, expiry, data) VALUES ('b5e4574072b38b770038731a5639eec0', '1539153178', 'a:4:{s:10:\"admin_name\";s:5:\"admin\";s:11:\"action_list\";s:3:\"all\";s:10:\"last_check\";i:1539124376;s:9:\"user_list\";a:1:{i:0;a:12:{s:7:\"user_id\";s:1:\"1\";s:9:\"user_name\";s:4:\"haha\";s:3:\"sex\";s:1:\"0\";s:8:\"birthday\";s:10:\"1958-01-01\";s:12:\"mobile_phone\";s:0:\"\";s:5:\"email\";s:19:\"15601590617@163.com\";s:12:\"is_validated\";s:1:\"0\";s:10:\"user_money\";s:6:\"400.00\";s:12:\"frozen_money\";s:4:\"0.00\";s:11:\"rank_points\";s:1:\"0\";s:10:\"pay_points\";s:1:\"0\";s:8:\"reg_time\";s:10:\"2018-10-07\";}}}')ON DUPLICATE KEY UPDATE expiry = expiry + 1539153178, data = 'a:4:{s:10:\"admin_name\";s:5:\"admin\";s:11:\"action_list\";s:3:\"all\";s:10:\"last_check\";i:1539124376;s:9:\"user_list\";a:1:{i:0;a:12:{s:7:\"user_id\";s:1:\"1\";s:9:\"user_name\";s:4:\"haha\";s:3:\"sex\";s:1:\"0\";s:8:\"birthday\";s:10:\"1958-01-01\";s:12:\"mobile_phone\";s:0:\"\";s:5:\"email\";s:19:\"15601590617@163.com\";s:12:\"is_validated\";s:1:\"0\";s:10:\"user_money\";s:6:\"400.00\";s:12:\"frozen_money\";s:4:\"0.00\";s:11:\"rank_points\";s:1:\"0\";s:10:\"pay_points\";s:1:\"0\";s:8:\"reg_time\";s:10:\"2018-10-07\";}}}'

UPDATE `vlusi_jzc`.`jzc_sessions` SET expiry = '1539153178', ip = '0.0.0.0', userid = '0', adminid = '1', user_name='0', user_rank='0', discount='0', email='0', data = '' WHERE sesskey = 'b5e4574072b38b770038731a5639eec0' LIMIT 1

DELETE FROM `vlusi_jzc`.`jzc_sessions` WHERE expiry < 1539151378

SELECT userid, adminid, user_name, user_rank, discount, email, data, expiry FROM `vlusi_jzc`.`jzc_sessions` WHERE sesskey = 'b5e4574072b38b770038731a5639eec0'

SELECT data, expiry FROM `vlusi_jzc`.`jzc_sessions_data` WHERE sesskey = 'b5e4574072b38b770038731a5639eec0'

SELECT code, value FROM `vlusi_jzc`.`jzc_shop_config` WHERE parent_id > 0

SELECT u.user_name, u.sex, u.birthday, u.pay_points, u.rank_points, u.user_rank , u.user_money, u.frozen_money, u.credit_line, u.parent_id, u2.user_name as parent_username, u.qq, u.msn, u.office_phone, u.home_phone, u.mobile_phone FROM `vlusi_jzc`.`jzc_users` u LEFT JOIN `vlusi_jzc`.`jzc_users` u2 ON u.parent_id = u2.user_id WHERE u.user_id='1'

SELECT u.user_id, u.sex, u.birthday, u.pay_points, u.rank_points, u.user_rank , u.user_money, u.frozen_money, u.credit_line, u.parent_id, u2.user_name as parent_username, u.qq, u.msn,
    u.office_phone, u.home_phone, u.mobile_phone FROM `vlusi_jzc`.`jzc_users` u LEFT JOIN `vlusi_jzc`.`jzc_users` u2 ON u.parent_id = u2.user_id WHERE u.user_id='1'

SELECT * FROM `vlusi_jzc`.`jzc_reg_fields` WHERE type < 2 AND display = 1 AND id != 6 ORDER BY dis_order, id

SELECT reg_field_id, content FROM `vlusi_jzc`.`jzc_reg_extend_info` WHERE user_id = 1

SELECT user_id FROM `vlusi_jzc`.`jzc_users` WHERE parent_id IN('1')

SELECT rank_id, rank_name, min_points FROM `vlusi_jzc`.`jzc_user_rank` WHERE special_rank = 1 ORDER BY min_points

DELETE FROM `vlusi_jzc`.`jzc_sessions_data` WHERE expiry < 1539151382

DELETE FROM `vlusi_jzc`.`jzc_sessions` WHERE expiry < 1539151382

SELECT userid, adminid, user_name, user_rank, discount, email, data, expiry FROM `vlusi_jzc`.`jzc_sessions` WHERE sesskey = 'b5e4574072b38b770038731a5639eec0'

SELECT data, expiry FROM `vlusi_jzc`.`jzc_sessions_data` WHERE sesskey = 'b5e4574072b38b770038731a5639eec0'

SELECT code, value FROM `vlusi_jzc`.`jzc_shop_config` WHERE parent_id > 0

UPDATE `vlusi_jzc`.`jzc_users`SET `ec_salt`='0' WHERE user_name= 'haha'

SELECT id FROM `vlusi_jzc`.`jzc_reg_fields` WHERE type = 0 AND display = 1 ORDER BY dis_order, id

DESC `vlusi_jzc`.`jzc_users`

UPDATE `vlusi_jzc`.`jzc_users` SET user_rank = '0', msn = '', qq = '', office_phone = '', home_phone = '', mobile_phone = '', credit_line = '0' WHERE user_name = 'haha'

INSERT INTO `vlusi_jzc`.`jzc_admin_log` (log_time, user_id, log_info, ip_address)  VALUES ('1539124394', 1, '编辑会员账号: haha', '0.0.0.0')

DESC `vlusi_jzc`.`jzc_sessions_data`

INSERT INTO `vlusi_jzc`.`jzc_sessions_data` (sesskey, expiry, data) VALUES ('b5e4574072b38b770038731a5639eec0', '1539153194', 'a:4:{s:10:\"admin_name\";s:5:\"admin\";s:11:\"action_list\";s:3:\"all\";s:10:\"last_check\";i:1539124376;s:9:\"user_list\";a:1:{i:0;a:12:{s:7:\"user_id\";s:1:\"1\";s:9:\"user_name\";s:4:\"haha\";s:3:\"sex\";s:1:\"0\";s:8:\"birthday\";s:10:\"1958-01-01\";s:12:\"mobile_phone\";s:0:\"\";s:5:\"email\";s:19:\"15601590617@163.com\";s:12:\"is_validated\";s:1:\"0\";s:10:\"user_money\";s:6:\"400.00\";s:12:\"frozen_money\";s:4:\"0.00\";s:11:\"rank_points\";s:1:\"0\";s:10:\"pay_points\";s:1:\"0\";s:8:\"reg_time\";s:10:\"2018-10-07\";}}}')ON DUPLICATE KEY UPDATE expiry = expiry + 1539153194, data = 'a:4:{s:10:\"admin_name\";s:5:\"admin\";s:11:\"action_list\";s:3:\"all\";s:10:\"last_check\";i:1539124376;s:9:\"user_list\";a:1:{i:0;a:12:{s:7:\"user_id\";s:1:\"1\";s:9:\"user_name\";s:4:\"haha\";s:3:\"sex\";s:1:\"0\";s:8:\"birthday\";s:10:\"1958-01-01\";s:12:\"mobile_phone\";s:0:\"\";s:5:\"email\";s:19:\"15601590617@163.com\";s:12:\"is_validated\";s:1:\"0\";s:10:\"user_money\";s:6:\"400.00\";s:12:\"frozen_money\";s:4:\"0.00\";s:11:\"rank_points\";s:1:\"0\";s:10:\"pay_points\";s:1:\"0\";s:8:\"reg_time\";s:10:\"2018-10-07\";}}}'

UPDATE `vlusi_jzc`.`jzc_sessions` SET expiry = '1539153194', ip = '0.0.0.0', userid = '0', adminid = '1', user_name='0', user_rank='0', discount='0', email='0', data = '' WHERE sesskey = 'b5e4574072b38b770038731a5639eec0' LIMIT 1

DELETE FROM `vlusi_jzc`.`jzc_sessions` WHERE expiry < 1539151394

SELECT userid, adminid, user_name, user_rank, discount, email, data, expiry FROM `vlusi_jzc`.`jzc_sessions` WHERE sesskey = 'b5e4574072b38b770038731a5639eec0'

SELECT data, expiry FROM `vlusi_jzc`.`jzc_sessions_data` WHERE sesskey = 'b5e4574072b38b770038731a5639eec0'

SELECT code, value FROM `vlusi_jzc`.`jzc_shop_config` WHERE parent_id > 0

SELECT rank_id, rank_name, min_points FROM `vlusi_jzc`.`jzc_user_rank` ORDER BY min_points ASC 

SELECT user_id, user_name,sex,birthday,mobile_phone,email, is_validated, user_money, frozen_money, rank_points, pay_points, reg_time  FROM `vlusi_jzc`.`jzc_users` WHERE 1  ORDER by user_id DESC LIMIT 0,15

INSERT INTO `vlusi_jzc`.`jzc_sessions` (sesskey, expiry, ip, data) VALUES ('d25c38c3087f32155fc4918da1a8e2b3', '1539153250', '0.0.0.0', 'a:0:{}')

SELECT code, value FROM `vlusi_jzc`.`jzc_shop_config` WHERE parent_id > 0

UPDATE `vlusi_jzc`.`jzc_sessions` SET expiry = '1539153250', ip = '0.0.0.0', userid = '0', adminid = '0', user_name='0', user_rank='0', discount='0', email='0', data = 'a:0:{}' WHERE sesskey = 'd25c38c3087f32155fc4918da1a8e2b3' LIMIT 1

DELETE FROM `vlusi_jzc`.`jzc_sessions` WHERE expiry < 1539151450

INSERT INTO `vlusi_jzc`.`jzc_sessions` (sesskey, expiry, ip, data) VALUES ('b46ae3dfec143331e6f66d33f5801fc3', '1539153250', '0.0.0.0', 'a:0:{}')

SELECT code, value FROM `vlusi_jzc`.`jzc_shop_config` WHERE parent_id > 0

UPDATE `vlusi_jzc`.`jzc_sessions` SET expiry = '1539153250', ip = '0.0.0.0', userid = '0', adminid = '0', user_name='0', user_rank='0', discount='0', email='0', data = 'a:0:{}' WHERE sesskey = 'b46ae3dfec143331e6f66d33f5801fc3' LIMIT 1

DELETE FROM `vlusi_jzc`.`jzc_sessions` WHERE expiry < 1539151450

SELECT userid, adminid, user_name, user_rank, discount, email, data, expiry FROM `vlusi_jzc`.`jzc_sessions` WHERE sesskey = 'b5e4574072b38b770038731a5639eec0'

SELECT data, expiry FROM `vlusi_jzc`.`jzc_sessions_data` WHERE sesskey = 'b5e4574072b38b770038731a5639eec0'

SELECT code, value FROM `vlusi_jzc`.`jzc_shop_config` WHERE parent_id > 0

DELETE FROM `vlusi_jzc`.`jzc_sessions_data` WHERE expiry < 1539151501

SELECT userid, adminid, user_name, user_rank, discount, email, data, expiry FROM `vlusi_jzc`.`jzc_sessions` WHERE sesskey = 'b5e4574072b38b770038731a5639eec0'

SELECT data, expiry FROM `vlusi_jzc`.`jzc_sessions_data` WHERE sesskey = 'b5e4574072b38b770038731a5639eec0'

SELECT code, value FROM `vlusi_jzc`.`jzc_shop_config` WHERE parent_id > 0

SELECT message_id, sender_id, receiver_id, sent_time, readed, deleted, title, message, user_name FROM `vlusi_jzc`.`jzc_admin_message` AS a, `vlusi_jzc`.`jzc_admin_user` AS b WHERE a.sender_id = b.user_id AND a.receiver_id = '1' AND a.readed = 0 AND deleted = 0 ORDER BY a.sent_time DESC

SELECT pay_id, is_cod FROM `vlusi_jzc`.`jzc_payment` WHERE enabled = 1

SELECT COUNT(*) FROM `vlusi_jzc`.`jzc_order_info` WHERE 1  AND order_status  IN ('1','5')  AND shipping_status  IN ('1','2')  AND pay_status  IN ('2','1')  

SELECT pay_id FROM `vlusi_jzc`.`jzc_payment` WHERE is_cod = 1

SELECT COUNT(*) FROM `vlusi_jzc`.`jzc_order_info` WHERE 1  AND   order_status  IN ('1','5','6')  AND   shipping_status  IN ('0','3','5')  AND ( pay_status  IN ('2','1')  OR pay_id  IN ('') ) 

SELECT pay_id FROM `vlusi_jzc`.`jzc_payment` WHERE is_cod = 0

SELECT COUNT(*) FROM `vlusi_jzc`.`jzc_order_info` WHERE 1  AND   order_status  IN ('1','5')  AND   pay_status = '0' AND ( shipping_status  IN ('1','2')  OR pay_id  IN ('') ) 

SELECT COUNT(*) FROM `vlusi_jzc`.`jzc_order_info` WHERE 1  AND order_status = '0' 

SELECT COUNT(*) FROM `vlusi_jzc`.`jzc_order_info` WHERE  shipping_status=4

SELECT COUNT(*) AS oCount, IFNULL(SUM(order_amount), 0) AS oAmount FROM `vlusi_jzc`.`jzc_order_info`

SELECT COUNT(*) FROM `vlusi_jzc`.`jzc_goods` WHERE is_delete = 0 AND is_alone_sale = 1 AND is_real = 1

SELECT COUNT(*) FROM `vlusi_jzc`.`jzc_goods` WHERE is_delete = 0 AND is_alone_sale = 1 AND is_real=0 AND extension_code='virtual_card'

SELECT COUNT(*) FROM `vlusi_jzc`.`jzc_goods` WHERE is_delete = 0 AND is_new = 1 AND is_real = 1

SELECT COUNT(*) FROM `vlusi_jzc`.`jzc_goods` WHERE is_delete = 0 AND is_new = 1 AND is_real=0 AND extension_code='virtual_card'

SELECT COUNT(*) FROM `vlusi_jzc`.`jzc_goods` WHERE is_delete = 0 AND is_best = 1 AND is_real = 1

SELECT COUNT(*) FROM `vlusi_jzc`.`jzc_goods` WHERE is_delete = 0 AND is_best = 1 AND is_real=0 AND extension_code='virtual_card'

SELECT COUNT(*) FROM `vlusi_jzc`.`jzc_goods` WHERE is_delete = 0 AND is_hot = 1 AND is_real = 1

SELECT COUNT(*) FROM `vlusi_jzc`.`jzc_goods` WHERE is_delete = 0 AND is_hot = 1 AND is_real=0 AND extension_code='virtual_card'

SELECT COUNT(*) FROM `vlusi_jzc`.`jzc_goods` WHERE is_delete = 0 AND promote_price>0 AND promote_start_date <= '1539124501' AND promote_end_date >= '1539124501' AND is_real = 1

SELECT COUNT(*) FROM `vlusi_jzc`.`jzc_goods` WHERE is_delete = 0 AND promote_price>0 AND promote_start_date <= '1539124501' AND promote_end_date >= '1539124501' AND is_real=0 AND extension_code='virtual_card'

SELECT COUNT(*) FROM `vlusi_jzc`.`jzc_goods` WHERE is_delete = 0 AND goods_number <= warn_number AND is_real = 1

SELECT COUNT(*) FROM `vlusi_jzc`.`jzc_goods` WHERE is_delete = 0 AND goods_number <= warn_number AND is_real=0 AND extension_code='virtual_card'

SELECT COUNT(*) FROM `vlusi_jzc`.`jzc_stats` WHERE access_time > 1539072000

SELECT count(*) FROM `vlusi_jzc`.`jzc_sessions`

SELECT COUNT(f.msg_id) FROM `vlusi_jzc`.`jzc_feedback` AS f LEFT JOIN `vlusi_jzc`.`jzc_feedback` AS r ON r.parent_id=f.msg_id WHERE f.parent_id=0 AND ISNULL(r.msg_id) 

SELECT COUNT(*) FROM `vlusi_jzc`.`jzc_comment` WHERE status = 0 AND parent_id = 0

SELECT COUNT(*) FROM `vlusi_jzc`.`jzc_booking_goods` WHERE is_dispose = 0

SELECT COUNT(*) FROM `vlusi_jzc`.`jzc_user_account` WHERE process_type = 1 AND is_paid = 0 

SELECT userid, adminid, user_name, user_rank, discount, email, data, expiry FROM `vlusi_jzc`.`jzc_sessions` WHERE sesskey = 'b5e4574072b38b770038731a5639eec0'

SELECT data, expiry FROM `vlusi_jzc`.`jzc_sessions_data` WHERE sesskey = 'b5e4574072b38b770038731a5639eec0'

SELECT code, value FROM `vlusi_jzc`.`jzc_shop_config` WHERE parent_id > 0

SELECT COUNT(*) AS oCount, IFNULL(SUM(order_amount), 0) AS oAmount FROM `vlusi_jzc`.`jzc_order_info`

SELECT COUNT(*) FROM `vlusi_jzc`.`jzc_goods` WHERE is_delete = 0 AND is_alone_sale = 1 AND is_real = 1

SELECT COUNT(*) FROM `vlusi_jzc`.`jzc_users`

SELECT value FROM `vlusi_jzc`.`jzc_shop_config` WHERE code = 'template'

SELECT value FROM `vlusi_jzc`.`jzc_shop_config` WHERE code = 'stylename'

SELECT userid, adminid, user_name, user_rank, discount, email, data, expiry FROM `vlusi_jzc`.`jzc_sessions` WHERE sesskey = 'b5e4574072b38b770038731a5639eec0'

SELECT data, expiry FROM `vlusi_jzc`.`jzc_sessions_data` WHERE sesskey = 'b5e4574072b38b770038731a5639eec0'

SELECT code, value FROM `vlusi_jzc`.`jzc_shop_config` WHERE parent_id > 0

SELECT rank_id, rank_name, min_points FROM `vlusi_jzc`.`jzc_user_rank` ORDER BY min_points ASC 

SELECT COUNT(*) FROM `vlusi_jzc`.`jzc_users` WHERE 1 

SELECT user_id, user_name,sex,birthday,mobile_phone,email, is_validated, user_money, frozen_money, rank_points, pay_points, reg_time  FROM `vlusi_jzc`.`jzc_users` WHERE 1  ORDER by user_id DESC LIMIT 0,15

DELETE FROM `vlusi_jzc`.`jzc_sessions` WHERE expiry < 1539151504

SELECT userid, adminid, user_name, user_rank, discount, email, data, expiry FROM `vlusi_jzc`.`jzc_sessions` WHERE sesskey = 'b5e4574072b38b770038731a5639eec0'

SELECT data, expiry FROM `vlusi_jzc`.`jzc_sessions_data` WHERE sesskey = 'b5e4574072b38b770038731a5639eec0'

SELECT code, value FROM `vlusi_jzc`.`jzc_shop_config` WHERE parent_id > 0

SELECT u.user_name, u.sex, u.birthday, u.pay_points, u.rank_points, u.user_rank , u.user_money, u.frozen_money, u.credit_line, u.parent_id, u2.user_name as parent_username, u.qq, u.msn, u.office_phone, u.home_phone, u.mobile_phone FROM `vlusi_jzc`.`jzc_users` u LEFT JOIN `vlusi_jzc`.`jzc_users` u2 ON u.parent_id = u2.user_id WHERE u.user_id='1'

SELECT u.user_id, u.sex, u.birthday, u.pay_points, u.rank_points, u.user_rank , u.user_money, u.frozen_money, u.credit_line, u.parent_id, u2.user_name as parent_username, u.qq, u.msn,
    u.office_phone, u.home_phone, u.mobile_phone FROM `vlusi_jzc`.`jzc_users` u LEFT JOIN `vlusi_jzc`.`jzc_users` u2 ON u.parent_id = u2.user_id WHERE u.user_id='1'

SELECT * FROM `vlusi_jzc`.`jzc_reg_fields` WHERE type < 2 AND display = 1 AND id != 6 ORDER BY dis_order, id

SELECT reg_field_id, content FROM `vlusi_jzc`.`jzc_reg_extend_info` WHERE user_id = 1

SELECT user_id FROM `vlusi_jzc`.`jzc_users` WHERE parent_id IN('1')

SELECT rank_id, rank_name, min_points FROM `vlusi_jzc`.`jzc_user_rank` WHERE special_rank = 1 ORDER BY min_points

SELECT userid, adminid, user_name, user_rank, discount, email, data, expiry FROM `vlusi_jzc`.`jzc_sessions` WHERE sesskey = 'b5e4574072b38b770038731a5639eec0'

SELECT data, expiry FROM `vlusi_jzc`.`jzc_sessions_data` WHERE sesskey = 'b5e4574072b38b770038731a5639eec0'

SELECT code, value FROM `vlusi_jzc`.`jzc_shop_config` WHERE parent_id > 0

UPDATE `vlusi_jzc`.`jzc_users`SET `ec_salt`='0' WHERE user_name= 'haha'

SELECT id FROM `vlusi_jzc`.`jzc_reg_fields` WHERE type = 0 AND display = 1 ORDER BY dis_order, id

DESC `vlusi_jzc`.`jzc_users`

UPDATE `vlusi_jzc`.`jzc_users` SET user_rank = '0', msn = '', qq = '', office_phone = '', home_phone = '', mobile_phone = '', credit_line = '0' WHERE user_name = 'haha'

INSERT INTO `vlusi_jzc`.`jzc_admin_log` (log_time, user_id, log_info, ip_address)  VALUES ('1539124557', 1, '编辑会员账号: haha', '0.0.0.0')

SELECT userid, adminid, user_name, user_rank, discount, email, data, expiry FROM `vlusi_jzc`.`jzc_sessions` WHERE sesskey = 'b5e4574072b38b770038731a5639eec0'

SELECT userid, adminid, user_name, user_rank, discount, email, data, expiry FROM `vlusi_jzc`.`jzc_sessions` WHERE sesskey = 'b5e4574072b38b770038731a5639eec0'

SELECT data, expiry FROM `vlusi_jzc`.`jzc_sessions_data` WHERE sesskey = 'b5e4574072b38b770038731a5639eec0'

SELECT data, expiry FROM `vlusi_jzc`.`jzc_sessions_data` WHERE sesskey = 'b5e4574072b38b770038731a5639eec0'

SELECT code, value FROM `vlusi_jzc`.`jzc_shop_config` WHERE parent_id > 0

SELECT code, value FROM `vlusi_jzc`.`jzc_shop_config` WHERE parent_id > 0

SELECT rank_id, rank_name, min_points FROM `vlusi_jzc`.`jzc_user_rank` ORDER BY min_points ASC 

SELECT user_id, user_name,sex,birthday,mobile_phone,email, is_validated, user_money, frozen_money, rank_points, pay_points, reg_time  FROM `vlusi_jzc`.`jzc_users` WHERE 1  ORDER by user_id DESC LIMIT 0,15

SELECT rank_id, rank_name, min_points FROM `vlusi_jzc`.`jzc_user_rank` ORDER BY min_points ASC 

SELECT user_id, user_name,sex,birthday,mobile_phone,email, is_validated, user_money, frozen_money, rank_points, pay_points, reg_time  FROM `vlusi_jzc`.`jzc_users` WHERE 1  ORDER by user_id DESC LIMIT 0,15

DELETE FROM `vlusi_jzc`.`jzc_sessions` WHERE expiry < 1539151560

DELETE FROM `vlusi_jzc`.`jzc_sessions` WHERE expiry < 1539151560

SELECT userid, adminid, user_name, user_rank, discount, email, data, expiry FROM `vlusi_jzc`.`jzc_sessions` WHERE sesskey = 'b5e4574072b38b770038731a5639eec0'

SELECT data, expiry FROM `vlusi_jzc`.`jzc_sessions_data` WHERE sesskey = 'b5e4574072b38b770038731a5639eec0'

SELECT code, value FROM `vlusi_jzc`.`jzc_shop_config` WHERE parent_id > 0

SELECT COUNT(*) FROM `vlusi_jzc`.`jzc_order_info` WHERE add_time >= '1539124376'

SELECT COUNT(*) FROM `vlusi_jzc`.`jzc_order_info` WHERE pay_time >= 1539124376

DESC `vlusi_jzc`.`jzc_sessions_data`

INSERT INTO `vlusi_jzc`.`jzc_sessions_data` (sesskey, expiry, data) VALUES ('b5e4574072b38b770038731a5639eec0', '1539153360', 'a:4:{s:10:\"admin_name\";s:5:\"admin\";s:11:\"action_list\";s:3:\"all\";s:10:\"last_check\";i:1539124560;s:9:\"user_list\";a:1:{i:0;a:12:{s:7:\"user_id\";s:1:\"1\";s:9:\"user_name\";s:4:\"haha\";s:3:\"sex\";s:1:\"0\";s:8:\"birthday\";s:10:\"1958-01-01\";s:12:\"mobile_phone\";s:0:\"\";s:5:\"email\";s:19:\"15601590617@163.com\";s:12:\"is_validated\";s:1:\"0\";s:10:\"user_money\";s:6:\"400.00\";s:12:\"frozen_money\";s:4:\"0.00\";s:11:\"rank_points\";s:1:\"0\";s:10:\"pay_points\";s:1:\"0\";s:8:\"reg_time\";s:10:\"2018-10-07\";}}}')ON DUPLICATE KEY UPDATE expiry = expiry + 1539153360, data = 'a:4:{s:10:\"admin_name\";s:5:\"admin\";s:11:\"action_list\";s:3:\"all\";s:10:\"last_check\";i:1539124560;s:9:\"user_list\";a:1:{i:0;a:12:{s:7:\"user_id\";s:1:\"1\";s:9:\"user_name\";s:4:\"haha\";s:3:\"sex\";s:1:\"0\";s:8:\"birthday\";s:10:\"1958-01-01\";s:12:\"mobile_phone\";s:0:\"\";s:5:\"email\";s:19:\"15601590617@163.com\";s:12:\"is_validated\";s:1:\"0\";s:10:\"user_money\";s:6:\"400.00\";s:12:\"frozen_money\";s:4:\"0.00\";s:11:\"rank_points\";s:1:\"0\";s:10:\"pay_points\";s:1:\"0\";s:8:\"reg_time\";s:10:\"2018-10-07\";}}}'

UPDATE `vlusi_jzc`.`jzc_sessions` SET expiry = '1539153360', ip = '0.0.0.0', userid = '0', adminid = '1', user_name='0', user_rank='0', discount='0', email='0', data = '' WHERE sesskey = 'b5e4574072b38b770038731a5639eec0' LIMIT 1

DELETE FROM `vlusi_jzc`.`jzc_sessions` WHERE expiry < 1539151560

SELECT userid, adminid, user_name, user_rank, discount, email, data, expiry FROM `vlusi_jzc`.`jzc_sessions` WHERE sesskey = 'b5e4574072b38b770038731a5639eec0'

SELECT data, expiry FROM `vlusi_jzc`.`jzc_sessions_data` WHERE sesskey = 'b5e4574072b38b770038731a5639eec0'

SELECT code, value FROM `vlusi_jzc`.`jzc_shop_config` WHERE parent_id > 0

SELECT COUNT(*) FROM `vlusi_jzc`.`jzc_order_info` WHERE add_time >= '1539124560'

SELECT COUNT(*) FROM `vlusi_jzc`.`jzc_order_info` WHERE pay_time >= 1539124560

DESC `vlusi_jzc`.`jzc_sessions_data`

INSERT INTO `vlusi_jzc`.`jzc_sessions_data` (sesskey, expiry, data) VALUES ('b5e4574072b38b770038731a5639eec0', '1539153541', 'a:4:{s:10:\"admin_name\";s:5:\"admin\";s:11:\"action_list\";s:3:\"all\";s:10:\"last_check\";i:1539124741;s:9:\"user_list\";a:1:{i:0;a:12:{s:7:\"user_id\";s:1:\"1\";s:9:\"user_name\";s:4:\"haha\";s:3:\"sex\";s:1:\"0\";s:8:\"birthday\";s:10:\"1958-01-01\";s:12:\"mobile_phone\";s:0:\"\";s:5:\"email\";s:19:\"15601590617@163.com\";s:12:\"is_validated\";s:1:\"0\";s:10:\"user_money\";s:6:\"400.00\";s:12:\"frozen_money\";s:4:\"0.00\";s:11:\"rank_points\";s:1:\"0\";s:10:\"pay_points\";s:1:\"0\";s:8:\"reg_time\";s:10:\"2018-10-07\";}}}')ON DUPLICATE KEY UPDATE expiry = expiry + 1539153541, data = 'a:4:{s:10:\"admin_name\";s:5:\"admin\";s:11:\"action_list\";s:3:\"all\";s:10:\"last_check\";i:1539124741;s:9:\"user_list\";a:1:{i:0;a:12:{s:7:\"user_id\";s:1:\"1\";s:9:\"user_name\";s:4:\"haha\";s:3:\"sex\";s:1:\"0\";s:8:\"birthday\";s:10:\"1958-01-01\";s:12:\"mobile_phone\";s:0:\"\";s:5:\"email\";s:19:\"15601590617@163.com\";s:12:\"is_validated\";s:1:\"0\";s:10:\"user_money\";s:6:\"400.00\";s:12:\"frozen_money\";s:4:\"0.00\";s:11:\"rank_points\";s:1:\"0\";s:10:\"pay_points\";s:1:\"0\";s:8:\"reg_time\";s:10:\"2018-10-07\";}}}'

UPDATE `vlusi_jzc`.`jzc_sessions` SET expiry = '1539153541', ip = '0.0.0.0', userid = '0', adminid = '1', user_name='0', user_rank='0', discount='0', email='0', data = '' WHERE sesskey = 'b5e4574072b38b770038731a5639eec0' LIMIT 1

SELECT userid, adminid, user_name, user_rank, discount, email, data, expiry FROM `vlusi_jzc`.`jzc_sessions` WHERE sesskey = 'b5e4574072b38b770038731a5639eec0'

SELECT data, expiry FROM `vlusi_jzc`.`jzc_sessions_data` WHERE sesskey = 'b5e4574072b38b770038731a5639eec0'

SELECT code, value FROM `vlusi_jzc`.`jzc_shop_config` WHERE parent_id > 0

SELECT COUNT(*) FROM `vlusi_jzc`.`jzc_order_info` WHERE add_time >= '1539124741'

SELECT COUNT(*) FROM `vlusi_jzc`.`jzc_order_info` WHERE pay_time >= 1539124741

DESC `vlusi_jzc`.`jzc_sessions_data`

INSERT INTO `vlusi_jzc`.`jzc_sessions_data` (sesskey, expiry, data) VALUES ('b5e4574072b38b770038731a5639eec0', '1539153721', 'a:4:{s:10:\"admin_name\";s:5:\"admin\";s:11:\"action_list\";s:3:\"all\";s:10:\"last_check\";i:1539124921;s:9:\"user_list\";a:1:{i:0;a:12:{s:7:\"user_id\";s:1:\"1\";s:9:\"user_name\";s:4:\"haha\";s:3:\"sex\";s:1:\"0\";s:8:\"birthday\";s:10:\"1958-01-01\";s:12:\"mobile_phone\";s:0:\"\";s:5:\"email\";s:19:\"15601590617@163.com\";s:12:\"is_validated\";s:1:\"0\";s:10:\"user_money\";s:6:\"400.00\";s:12:\"frozen_money\";s:4:\"0.00\";s:11:\"rank_points\";s:1:\"0\";s:10:\"pay_points\";s:1:\"0\";s:8:\"reg_time\";s:10:\"2018-10-07\";}}}')ON DUPLICATE KEY UPDATE expiry = expiry + 1539153721, data = 'a:4:{s:10:\"admin_name\";s:5:\"admin\";s:11:\"action_list\";s:3:\"all\";s:10:\"last_check\";i:1539124921;s:9:\"user_list\";a:1:{i:0;a:12:{s:7:\"user_id\";s:1:\"1\";s:9:\"user_name\";s:4:\"haha\";s:3:\"sex\";s:1:\"0\";s:8:\"birthday\";s:10:\"1958-01-01\";s:12:\"mobile_phone\";s:0:\"\";s:5:\"email\";s:19:\"15601590617@163.com\";s:12:\"is_validated\";s:1:\"0\";s:10:\"user_money\";s:6:\"400.00\";s:12:\"frozen_money\";s:4:\"0.00\";s:11:\"rank_points\";s:1:\"0\";s:10:\"pay_points\";s:1:\"0\";s:8:\"reg_time\";s:10:\"2018-10-07\";}}}'

UPDATE `vlusi_jzc`.`jzc_sessions` SET expiry = '1539153721', ip = '0.0.0.0', userid = '0', adminid = '1', user_name='0', user_rank='0', discount='0', email='0', data = '' WHERE sesskey = 'b5e4574072b38b770038731a5639eec0' LIMIT 1

DELETE FROM `vlusi_jzc`.`jzc_sessions_data` WHERE expiry < 1539151921

