INSERT INTO `vlusi_jzc`.`jzc_sessions` (sesskey, expiry, ip, data) VALUES ('1b32c840252e8aee254a3f8f402ed9ff', '1539427421', '0.0.0.0', 'a:0:{}')

SELECT code, value FROM `vlusi_jzc`.`jzc_shop_config` WHERE parent_id > 0

SELECT user_id, user_name, password, action_list, last_login  FROM `vlusi_jzc`.`jzc_admin_user` WHERE user_id = '1'

UPDATE `vlusi_jzc`.`jzc_admin_user` SET last_login = '1539398621', last_ip = '0.0.0.0' WHERE user_id = '1'

UPDATE `vlusi_jzc`.`jzc_sessions` SET expiry = '1539427422', ip = '0.0.0.0', userid = '0', adminid = '1', user_name='0', user_rank='0', discount='0', email='0', data = 'a:3:{s:10:\"admin_name\";s:5:\"admin\";s:11:\"action_list\";s:3:\"all\";s:10:\"last_check\";s:0:\"\";}' WHERE sesskey = '1b32c840252e8aee254a3f8f402ed9ff' LIMIT 1

DELETE FROM `vlusi_jzc`.`jzc_sessions` WHERE expiry < 1539425622

SELECT userid, adminid, user_name, user_rank, discount, email, data, expiry FROM `vlusi_jzc`.`jzc_sessions` WHERE sesskey = '1b32c840252e8aee254a3f8f402ed9ff'

SELECT code, value FROM `vlusi_jzc`.`jzc_shop_config` WHERE parent_id > 0

SELECT message_id, sender_id, receiver_id, sent_time, readed, deleted, title, message, user_name FROM `vlusi_jzc`.`jzc_admin_message` AS a, `vlusi_jzc`.`jzc_admin_user` AS b WHERE a.sender_id = b.user_id AND a.receiver_id = '1' AND a.readed = 0 AND deleted = 0 ORDER BY a.sent_time DESC

SELECT pay_id, is_cod FROM `vlusi_jzc`.`jzc_payment` WHERE enabled = 1

SELECT COUNT(*) FROM `vlusi_jzc`.`jzc_order_info` WHERE 1  AND order_status  IN ('1','5')  AND shipping_status  IN ('1','2')  AND pay_status  IN ('2','1')  

SELECT pay_id FROM `vlusi_jzc`.`jzc_payment` WHERE is_cod = 1

SELECT COUNT(*) FROM `vlusi_jzc`.`jzc_order_info` WHERE 1  AND   order_status  IN ('1','5','6')  AND   shipping_status  IN ('0','3','5')  AND ( pay_status  IN ('2','1')  OR pay_id  IN ('') ) 

SELECT pay_id FROM `vlusi_jzc`.`jzc_payment` WHERE is_cod = 0

SELECT COUNT(*) FROM `vlusi_jzc`.`jzc_order_info` WHERE 1  AND   order_status  IN ('1','5')  AND   pay_status = '0' AND ( shipping_status  IN ('1','2')  OR pay_id  IN ('1') ) 

SELECT COUNT(*) FROM `vlusi_jzc`.`jzc_order_info` WHERE 1  AND order_status = '0' 

SELECT COUNT(*) FROM `vlusi_jzc`.`jzc_order_info` WHERE  shipping_status=4

SELECT COUNT(*) AS oCount, IFNULL(SUM(order_amount), 0) AS oAmount FROM `vlusi_jzc`.`jzc_order_info`

SELECT COUNT(*) FROM `vlusi_jzc`.`jzc_goods` WHERE is_delete = 0 AND is_alone_sale = 1 AND is_real = 1

SELECT COUNT(*) FROM `vlusi_jzc`.`jzc_goods` WHERE is_delete = 0 AND is_alone_sale = 1 AND is_real=0 AND extension_code='virtual_card'

SELECT COUNT(*) FROM `vlusi_jzc`.`jzc_goods` WHERE is_delete = 0 AND is_new = 1 AND is_real = 1

SELECT COUNT(*) FROM `vlusi_jzc`.`jzc_goods` WHERE is_delete = 0 AND is_new = 1 AND is_real=0 AND extension_code='virtual_card'

SELECT COUNT(*) FROM `vlusi_jzc`.`jzc_goods` WHERE is_delete = 0 AND is_best = 1 AND is_real = 1

SELECT COUNT(*) FROM `vlusi_jzc`.`jzc_goods` WHERE is_delete = 0 AND is_best = 1 AND is_real=0 AND extension_code='virtual_card'

SELECT COUNT(*) FROM `vlusi_jzc`.`jzc_goods` WHERE is_delete = 0 AND is_hot = 1 AND is_real = 1

SELECT COUNT(*) FROM `vlusi_jzc`.`jzc_goods` WHERE is_delete = 0 AND is_hot = 1 AND is_real=0 AND extension_code='virtual_card'

SELECT COUNT(*) FROM `vlusi_jzc`.`jzc_goods` WHERE is_delete = 0 AND promote_price>0 AND promote_start_date <= '1539398622' AND promote_end_date >= '1539398622' AND is_real = 1

SELECT COUNT(*) FROM `vlusi_jzc`.`jzc_goods` WHERE is_delete = 0 AND promote_price>0 AND promote_start_date <= '1539398622' AND promote_end_date >= '1539398622' AND is_real=0 AND extension_code='virtual_card'

SELECT COUNT(*) FROM `vlusi_jzc`.`jzc_goods` WHERE is_delete = 0 AND goods_number <= warn_number AND is_real = 1

SELECT COUNT(*) FROM `vlusi_jzc`.`jzc_goods` WHERE is_delete = 0 AND goods_number <= warn_number AND is_real=0 AND extension_code='virtual_card'

SELECT COUNT(*) FROM `vlusi_jzc`.`jzc_stats` WHERE access_time > 1539331200

SELECT count(*) FROM `vlusi_jzc`.`jzc_sessions`

SELECT COUNT(f.msg_id) FROM `vlusi_jzc`.`jzc_feedback` AS f LEFT JOIN `vlusi_jzc`.`jzc_feedback` AS r ON r.parent_id=f.msg_id WHERE f.parent_id=0 AND ISNULL(r.msg_id) 

SELECT COUNT(*) FROM `vlusi_jzc`.`jzc_comment` WHERE status = 0 AND parent_id = 0

SELECT COUNT(*) FROM `vlusi_jzc`.`jzc_booking_goods` WHERE is_dispose = 0

SELECT COUNT(*) FROM `vlusi_jzc`.`jzc_user_account` WHERE process_type = 1 AND is_paid = 0 

SELECT userid, adminid, user_name, user_rank, discount, email, data, expiry FROM `vlusi_jzc`.`jzc_sessions` WHERE sesskey = '1b32c840252e8aee254a3f8f402ed9ff'

SELECT code, value FROM `vlusi_jzc`.`jzc_shop_config` WHERE parent_id > 0

SELECT COUNT(*) AS oCount, IFNULL(SUM(order_amount), 0) AS oAmount FROM `vlusi_jzc`.`jzc_order_info`

SELECT COUNT(*) FROM `vlusi_jzc`.`jzc_goods` WHERE is_delete = 0 AND is_alone_sale = 1 AND is_real = 1

SELECT COUNT(*) FROM `vlusi_jzc`.`jzc_users`

SELECT value FROM `vlusi_jzc`.`jzc_shop_config` WHERE code = 'template'

SELECT value FROM `vlusi_jzc`.`jzc_shop_config` WHERE code = 'stylename'

SELECT userid, adminid, user_name, user_rank, discount, email, data, expiry FROM `vlusi_jzc`.`jzc_sessions` WHERE sesskey = '1b32c840252e8aee254a3f8f402ed9ff'

SELECT code, value FROM `vlusi_jzc`.`jzc_shop_config` WHERE parent_id > 0

UPDATE `vlusi_jzc`.`jzc_sessions` SET expiry = '1539427423', ip = '0.0.0.0', userid = '0', adminid = '1', user_name='0', user_rank='0', discount='0', email='0', data = 'a:3:{s:10:\"admin_name\";s:5:\"admin\";s:11:\"action_list\";s:3:\"all\";s:10:\"last_check\";i:1539398623;}' WHERE sesskey = '1b32c840252e8aee254a3f8f402ed9ff' LIMIT 1

DELETE FROM `vlusi_jzc`.`jzc_sessions` WHERE expiry < 1539425624

SELECT userid, adminid, user_name, user_rank, discount, email, data, expiry FROM `vlusi_jzc`.`jzc_sessions` WHERE sesskey = '1b32c840252e8aee254a3f8f402ed9ff'

SELECT code, value FROM `vlusi_jzc`.`jzc_shop_config` WHERE parent_id > 0

SELECT COUNT(*) FROM `vlusi_jzc`.`jzc_order_info` WHERE add_time >= '1539398623'

SELECT COUNT(*) FROM `vlusi_jzc`.`jzc_order_info` WHERE pay_time >= 1539398623

UPDATE `vlusi_jzc`.`jzc_sessions` SET expiry = '1539427603', ip = '0.0.0.0', userid = '0', adminid = '1', user_name='0', user_rank='0', discount='0', email='0', data = 'a:3:{s:10:\"admin_name\";s:5:\"admin\";s:11:\"action_list\";s:3:\"all\";s:10:\"last_check\";i:1539398803;}' WHERE sesskey = '1b32c840252e8aee254a3f8f402ed9ff' LIMIT 1

