INSERT INTO `vlusi_jzc`.`jzc_sessions` (sesskey, expiry, ip, data) VALUES ('1123d1d6275ce5cd65ff9b60c85406c3', '1539499687', '0.0.0.0', 'a:0:{}')

SELECT code, value FROM `vlusi_jzc`.`jzc_shop_config` WHERE parent_id > 0

SELECT user_id, user_name, password, action_list, last_login  FROM `vlusi_jzc`.`jzc_admin_user` WHERE user_id = '1'

UPDATE `vlusi_jzc`.`jzc_admin_user` SET last_login = '1539470887', last_ip = '0.0.0.0' WHERE user_id = '1'

UPDATE `vlusi_jzc`.`jzc_sessions` SET expiry = '1539499688', ip = '0.0.0.0', userid = '0', adminid = '1', user_name='0', user_rank='0', discount='0', email='0', data = 'a:3:{s:10:\"admin_name\";s:5:\"admin\";s:11:\"action_list\";s:3:\"all\";s:10:\"last_check\";s:0:\"\";}' WHERE sesskey = '1123d1d6275ce5cd65ff9b60c85406c3' LIMIT 1

DELETE FROM `vlusi_jzc`.`jzc_sessions_data` WHERE expiry < 1539497888

DELETE FROM `vlusi_jzc`.`jzc_sessions` WHERE expiry < 1539497888

SELECT userid, adminid, user_name, user_rank, discount, email, data, expiry FROM `vlusi_jzc`.`jzc_sessions` WHERE sesskey = '1123d1d6275ce5cd65ff9b60c85406c3'

SELECT code, value FROM `vlusi_jzc`.`jzc_shop_config` WHERE parent_id > 0

SELECT message_id, sender_id, receiver_id, sent_time, readed, deleted, title, message, user_name FROM `vlusi_jzc`.`jzc_admin_message` AS a, `vlusi_jzc`.`jzc_admin_user` AS b WHERE a.sender_id = b.user_id AND a.receiver_id = '1' AND a.readed = 0 AND deleted = 0 ORDER BY a.sent_time DESC

SELECT pay_id, is_cod FROM `vlusi_jzc`.`jzc_payment` WHERE enabled = 1

SELECT COUNT(*) FROM `vlusi_jzc`.`jzc_order_info` WHERE 1  AND order_status  IN ('1','5')  AND shipping_status  IN ('1','2')  AND pay_status  IN ('2','1')  

SELECT pay_id FROM `vlusi_jzc`.`jzc_payment` WHERE is_cod = 1

SELECT COUNT(*) FROM `vlusi_jzc`.`jzc_order_info` WHERE 1  AND   order_status  IN ('1','5','6')  AND   shipping_status  IN ('0','3','5')  AND ( pay_status  IN ('2','1')  OR pay_id  IN ('') ) 

SELECT pay_id FROM `vlusi_jzc`.`jzc_payment` WHERE is_cod = 0

SELECT COUNT(*) FROM `vlusi_jzc`.`jzc_order_info` WHERE 1  AND   order_status  IN ('1','5')  AND   pay_status = '0' AND ( shipping_status  IN ('1','2')  OR pay_id  IN ('1') ) 

SELECT COUNT(*) FROM `vlusi_jzc`.`jzc_order_info` WHERE 1  AND order_status = '0' 

SELECT COUNT(*) FROM `vlusi_jzc`.`jzc_order_info` WHERE  shipping_status=4

SELECT COUNT(*) AS oCount, IFNULL(SUM(order_amount), 0) AS oAmount FROM `vlusi_jzc`.`jzc_order_info`

SELECT COUNT(*) FROM `vlusi_jzc`.`jzc_goods` WHERE is_delete = 0 AND is_alone_sale = 1 AND is_real = 1

SELECT COUNT(*) FROM `vlusi_jzc`.`jzc_goods` WHERE is_delete = 0 AND is_alone_sale = 1 AND is_real=0 AND extension_code='virtual_card'

SELECT COUNT(*) FROM `vlusi_jzc`.`jzc_goods` WHERE is_delete = 0 AND is_new = 1 AND is_real = 1

SELECT COUNT(*) FROM `vlusi_jzc`.`jzc_goods` WHERE is_delete = 0 AND is_new = 1 AND is_real=0 AND extension_code='virtual_card'

SELECT COUNT(*) FROM `vlusi_jzc`.`jzc_goods` WHERE is_delete = 0 AND is_best = 1 AND is_real = 1

SELECT COUNT(*) FROM `vlusi_jzc`.`jzc_goods` WHERE is_delete = 0 AND is_best = 1 AND is_real=0 AND extension_code='virtual_card'

SELECT COUNT(*) FROM `vlusi_jzc`.`jzc_goods` WHERE is_delete = 0 AND is_hot = 1 AND is_real = 1

SELECT COUNT(*) FROM `vlusi_jzc`.`jzc_goods` WHERE is_delete = 0 AND is_hot = 1 AND is_real=0 AND extension_code='virtual_card'

SELECT COUNT(*) FROM `vlusi_jzc`.`jzc_goods` WHERE is_delete = 0 AND promote_price>0 AND promote_start_date <= '1539470888' AND promote_end_date >= '1539470888' AND is_real = 1

SELECT COUNT(*) FROM `vlusi_jzc`.`jzc_goods` WHERE is_delete = 0 AND promote_price>0 AND promote_start_date <= '1539470888' AND promote_end_date >= '1539470888' AND is_real=0 AND extension_code='virtual_card'

SELECT COUNT(*) FROM `vlusi_jzc`.`jzc_goods` WHERE is_delete = 0 AND goods_number <= warn_number AND is_real = 1

SELECT COUNT(*) FROM `vlusi_jzc`.`jzc_goods` WHERE is_delete = 0 AND goods_number <= warn_number AND is_real=0 AND extension_code='virtual_card'

SELECT COUNT(*) FROM `vlusi_jzc`.`jzc_stats` WHERE access_time > 1539417600

SELECT count(*) FROM `vlusi_jzc`.`jzc_sessions`

SELECT COUNT(f.msg_id) FROM `vlusi_jzc`.`jzc_feedback` AS f LEFT JOIN `vlusi_jzc`.`jzc_feedback` AS r ON r.parent_id=f.msg_id WHERE f.parent_id=0 AND ISNULL(r.msg_id) 

SELECT COUNT(*) FROM `vlusi_jzc`.`jzc_comment` WHERE status = 0 AND parent_id = 0

SELECT COUNT(*) FROM `vlusi_jzc`.`jzc_booking_goods` WHERE is_dispose = 0

SELECT COUNT(*) FROM `vlusi_jzc`.`jzc_user_account` WHERE process_type = 1 AND is_paid = 0 

DELETE FROM `vlusi_jzc`.`jzc_sessions` WHERE expiry < 1539497888

SELECT userid, adminid, user_name, user_rank, discount, email, data, expiry FROM `vlusi_jzc`.`jzc_sessions` WHERE sesskey = '1123d1d6275ce5cd65ff9b60c85406c3'

SELECT code, value FROM `vlusi_jzc`.`jzc_shop_config` WHERE parent_id > 0

SELECT COUNT(*) AS oCount, IFNULL(SUM(order_amount), 0) AS oAmount FROM `vlusi_jzc`.`jzc_order_info`

SELECT COUNT(*) FROM `vlusi_jzc`.`jzc_goods` WHERE is_delete = 0 AND is_alone_sale = 1 AND is_real = 1

SELECT userid, adminid, user_name, user_rank, discount, email, data, expiry FROM `vlusi_jzc`.`jzc_sessions` WHERE sesskey = '1123d1d6275ce5cd65ff9b60c85406c3'

SELECT COUNT(*) FROM `vlusi_jzc`.`jzc_users`

SELECT value FROM `vlusi_jzc`.`jzc_shop_config` WHERE code = 'template'

SELECT value FROM `vlusi_jzc`.`jzc_shop_config` WHERE code = 'stylename'

SELECT code, value FROM `vlusi_jzc`.`jzc_shop_config` WHERE parent_id > 0

UPDATE `vlusi_jzc`.`jzc_sessions` SET expiry = '1539499689', ip = '0.0.0.0', userid = '0', adminid = '1', user_name='0', user_rank='0', discount='0', email='0', data = 'a:3:{s:10:\"admin_name\";s:5:\"admin\";s:11:\"action_list\";s:3:\"all\";s:10:\"last_check\";i:1539470889;}' WHERE sesskey = '1123d1d6275ce5cd65ff9b60c85406c3' LIMIT 1

DELETE FROM `vlusi_jzc`.`jzc_sessions` WHERE expiry < 1539497890

SELECT userid, adminid, user_name, user_rank, discount, email, data, expiry FROM `vlusi_jzc`.`jzc_sessions` WHERE sesskey = '1123d1d6275ce5cd65ff9b60c85406c3'

SELECT code, value FROM `vlusi_jzc`.`jzc_shop_config` WHERE parent_id > 0

SELECT COUNT(*) FROM `vlusi_jzc`.`jzc_amount_card` AS ac WHERE 1 

SELECT *FROM `vlusi_jzc`.`jzc_amount_card` AS ac WHERE 1  ORDER by ac.amount_id DESC LIMIT 15

SELECT userid, adminid, user_name, user_rank, discount, email, data, expiry FROM `vlusi_jzc`.`jzc_sessions` WHERE sesskey = '1123d1d6275ce5cd65ff9b60c85406c3'

SELECT code, value FROM `vlusi_jzc`.`jzc_shop_config` WHERE parent_id > 0

SELECT agency_id FROM `vlusi_jzc`.`jzc_admin_user` WHERE user_id = '1'

SELECT COUNT(*) FROM `vlusi_jzc`.`jzc_order_info` AS o WHERE 1 

SELECT o.order_id, o.order_sn, o.kuaidi_name, o.kuaidi_sn, o.add_time, o.order_status, o.shipping_status, o.order_amount, o.money_paid,o.pay_status, o.consignee, o.address, o.email, o.tel, o.extension_code, o.extension_id, (   o.goods_amount + o.tax + o.shipping_fee + o.insure_fee + o.pay_fee + o.pack_fee + o.card_fee ) AS total_fee, IFNULL(u.user_name, '匿名用户') AS buyer  FROM `vlusi_jzc`.`jzc_order_info` AS o  LEFT JOIN `vlusi_jzc`.`jzc_users` AS u ON u.user_id=o.user_id WHERE 1  ORDER BY add_time DESC  LIMIT 0,15

DELETE FROM `vlusi_jzc`.`jzc_sessions_data` WHERE expiry < 1539497894

DELETE FROM `vlusi_jzc`.`jzc_sessions` WHERE expiry < 1539497894

SELECT userid, adminid, user_name, user_rank, discount, email, data, expiry FROM `vlusi_jzc`.`jzc_sessions` WHERE sesskey = '1123d1d6275ce5cd65ff9b60c85406c3'

SELECT code, value FROM `vlusi_jzc`.`jzc_shop_config` WHERE parent_id > 0

SELECT c.*, COUNT(s.cat_id) AS has_children, COUNT(a.article_id) AS aricle_num  FROM `vlusi_jzc`.`jzc_article_cat` AS c LEFT JOIN `vlusi_jzc`.`jzc_article_cat` AS s ON s.parent_id=c.cat_id LEFT JOIN `vlusi_jzc`.`jzc_article` AS a ON a.cat_id=c.cat_id GROUP BY c.cat_id  ORDER BY parent_id, sort_order ASC

DELETE FROM `vlusi_jzc`.`jzc_sessions` WHERE expiry < 1539497896

SELECT userid, adminid, user_name, user_rank, discount, email, data, expiry FROM `vlusi_jzc`.`jzc_sessions` WHERE sesskey = '1123d1d6275ce5cd65ff9b60c85406c3'

SELECT code, value FROM `vlusi_jzc`.`jzc_shop_config` WHERE parent_id > 0

SELECT COUNT(*) FROM `vlusi_jzc`.`jzc_order_info` WHERE add_time >= '1539470889'

SELECT COUNT(*) FROM `vlusi_jzc`.`jzc_order_info` WHERE pay_time >= 1539470889

UPDATE `vlusi_jzc`.`jzc_sessions` SET expiry = '1539499877', ip = '0.0.0.0', userid = '0', adminid = '1', user_name='0', user_rank='0', discount='0', email='0', data = 'a:3:{s:10:\"admin_name\";s:5:\"admin\";s:11:\"action_list\";s:3:\"all\";s:10:\"last_check\";i:1539471077;}' WHERE sesskey = '1123d1d6275ce5cd65ff9b60c85406c3' LIMIT 1

SELECT userid, adminid, user_name, user_rank, discount, email, data, expiry FROM `vlusi_jzc`.`jzc_sessions` WHERE sesskey = '1123d1d6275ce5cd65ff9b60c85406c3'

SELECT code, value FROM `vlusi_jzc`.`jzc_shop_config` WHERE parent_id > 0

SELECT COUNT(*) FROM `vlusi_jzc`.`jzc_order_info` WHERE add_time >= '1539471077'

SELECT COUNT(*) FROM `vlusi_jzc`.`jzc_order_info` WHERE pay_time >= 1539471077

UPDATE `vlusi_jzc`.`jzc_sessions` SET expiry = '1539500057', ip = '0.0.0.0', userid = '0', adminid = '1', user_name='0', user_rank='0', discount='0', email='0', data = 'a:3:{s:10:\"admin_name\";s:5:\"admin\";s:11:\"action_list\";s:3:\"all\";s:10:\"last_check\";i:1539471257;}' WHERE sesskey = '1123d1d6275ce5cd65ff9b60c85406c3' LIMIT 1

SELECT userid, adminid, user_name, user_rank, discount, email, data, expiry FROM `vlusi_jzc`.`jzc_sessions` WHERE sesskey = '1123d1d6275ce5cd65ff9b60c85406c3'

SELECT code, value FROM `vlusi_jzc`.`jzc_shop_config` WHERE parent_id > 0

SELECT COUNT(*) FROM `vlusi_jzc`.`jzc_order_info` WHERE add_time >= '1539471257'

SELECT COUNT(*) FROM `vlusi_jzc`.`jzc_order_info` WHERE pay_time >= 1539471257

UPDATE `vlusi_jzc`.`jzc_sessions` SET expiry = '1539500237', ip = '0.0.0.0', userid = '0', adminid = '1', user_name='0', user_rank='0', discount='0', email='0', data = 'a:3:{s:10:\"admin_name\";s:5:\"admin\";s:11:\"action_list\";s:3:\"all\";s:10:\"last_check\";i:1539471437;}' WHERE sesskey = '1123d1d6275ce5cd65ff9b60c85406c3' LIMIT 1

SELECT userid, adminid, user_name, user_rank, discount, email, data, expiry FROM `vlusi_jzc`.`jzc_sessions` WHERE sesskey = '1123d1d6275ce5cd65ff9b60c85406c3'

SELECT code, value FROM `vlusi_jzc`.`jzc_shop_config` WHERE parent_id > 0

SELECT COUNT(*) FROM `vlusi_jzc`.`jzc_order_info` WHERE add_time >= '1539471437'

SELECT COUNT(*) FROM `vlusi_jzc`.`jzc_order_info` WHERE pay_time >= 1539471437

UPDATE `vlusi_jzc`.`jzc_sessions` SET expiry = '1539500417', ip = '0.0.0.0', userid = '0', adminid = '1', user_name='0', user_rank='0', discount='0', email='0', data = 'a:3:{s:10:\"admin_name\";s:5:\"admin\";s:11:\"action_list\";s:3:\"all\";s:10:\"last_check\";i:1539471617;}' WHERE sesskey = '1123d1d6275ce5cd65ff9b60c85406c3' LIMIT 1

SELECT userid, adminid, user_name, user_rank, discount, email, data, expiry FROM `vlusi_jzc`.`jzc_sessions` WHERE sesskey = '1123d1d6275ce5cd65ff9b60c85406c3'

SELECT code, value FROM `vlusi_jzc`.`jzc_shop_config` WHERE parent_id > 0

SELECT COUNT(*) FROM `vlusi_jzc`.`jzc_order_info` WHERE add_time >= '1539471617'

SELECT COUNT(*) FROM `vlusi_jzc`.`jzc_order_info` WHERE pay_time >= 1539471617

UPDATE `vlusi_jzc`.`jzc_sessions` SET expiry = '1539500597', ip = '0.0.0.0', userid = '0', adminid = '1', user_name='0', user_rank='0', discount='0', email='0', data = 'a:3:{s:10:\"admin_name\";s:5:\"admin\";s:11:\"action_list\";s:3:\"all\";s:10:\"last_check\";i:1539471797;}' WHERE sesskey = '1123d1d6275ce5cd65ff9b60c85406c3' LIMIT 1

DELETE FROM `vlusi_jzc`.`jzc_sessions_data` WHERE expiry < 1539498797

SELECT userid, adminid, user_name, user_rank, discount, email, data, expiry FROM `vlusi_jzc`.`jzc_sessions` WHERE sesskey = '1123d1d6275ce5cd65ff9b60c85406c3'

SELECT code, value FROM `vlusi_jzc`.`jzc_shop_config` WHERE parent_id > 0

SELECT COUNT(*) FROM `vlusi_jzc`.`jzc_order_info` WHERE add_time >= '1539471797'

SELECT COUNT(*) FROM `vlusi_jzc`.`jzc_order_info` WHERE pay_time >= 1539471797

UPDATE `vlusi_jzc`.`jzc_sessions` SET expiry = '1539500777', ip = '0.0.0.0', userid = '0', adminid = '1', user_name='0', user_rank='0', discount='0', email='0', data = 'a:3:{s:10:\"admin_name\";s:5:\"admin\";s:11:\"action_list\";s:3:\"all\";s:10:\"last_check\";i:1539471977;}' WHERE sesskey = '1123d1d6275ce5cd65ff9b60c85406c3' LIMIT 1

SELECT userid, adminid, user_name, user_rank, discount, email, data, expiry FROM `vlusi_jzc`.`jzc_sessions` WHERE sesskey = '1123d1d6275ce5cd65ff9b60c85406c3'

SELECT code, value FROM `vlusi_jzc`.`jzc_shop_config` WHERE parent_id > 0

SELECT COUNT(*) FROM `vlusi_jzc`.`jzc_order_info` WHERE add_time >= '1539471977'

SELECT COUNT(*) FROM `vlusi_jzc`.`jzc_order_info` WHERE pay_time >= 1539471977

UPDATE `vlusi_jzc`.`jzc_sessions` SET expiry = '1539500957', ip = '0.0.0.0', userid = '0', adminid = '1', user_name='0', user_rank='0', discount='0', email='0', data = 'a:3:{s:10:\"admin_name\";s:5:\"admin\";s:11:\"action_list\";s:3:\"all\";s:10:\"last_check\";i:1539472157;}' WHERE sesskey = '1123d1d6275ce5cd65ff9b60c85406c3' LIMIT 1

DELETE FROM `vlusi_jzc`.`jzc_sessions_data` WHERE expiry < 1539499157

INSERT INTO `vlusi_jzc`.`jzc_sessions` (sesskey, expiry, ip, data) VALUES ('82af0ffcfc434715d4162bf54f396d94', '1539500957', '127.0.0.1', 'a:0:{}')

SELECT code, value FROM `vlusi_jzc`.`jzc_shop_config` WHERE parent_id > 0

UPDATE `vlusi_jzc`.`jzc_sessions` SET expiry = '1539500957', ip = '127.0.0.1', userid = '0', adminid = '0', user_name='0', user_rank='0', discount='0', email='0', data = 'a:0:{}' WHERE sesskey = '82af0ffcfc434715d4162bf54f396d94' LIMIT 1

DELETE FROM `vlusi_jzc`.`jzc_sessions_data` WHERE expiry < 1539499157

SELECT userid, adminid, user_name, user_rank, discount, email, data, expiry FROM `vlusi_jzc`.`jzc_sessions` WHERE sesskey = '1123d1d6275ce5cd65ff9b60c85406c3'

SELECT code, value FROM `vlusi_jzc`.`jzc_shop_config` WHERE parent_id > 0

SELECT COUNT(*) FROM `vlusi_jzc`.`jzc_order_info` WHERE add_time >= '1539472157'

SELECT COUNT(*) FROM `vlusi_jzc`.`jzc_order_info` WHERE pay_time >= 1539472157

UPDATE `vlusi_jzc`.`jzc_sessions` SET expiry = '1539501137', ip = '0.0.0.0', userid = '0', adminid = '1', user_name='0', user_rank='0', discount='0', email='0', data = 'a:3:{s:10:\"admin_name\";s:5:\"admin\";s:11:\"action_list\";s:3:\"all\";s:10:\"last_check\";i:1539472337;}' WHERE sesskey = '1123d1d6275ce5cd65ff9b60c85406c3' LIMIT 1

SELECT userid, adminid, user_name, user_rank, discount, email, data, expiry FROM `vlusi_jzc`.`jzc_sessions` WHERE sesskey = '1123d1d6275ce5cd65ff9b60c85406c3'

SELECT code, value FROM `vlusi_jzc`.`jzc_shop_config` WHERE parent_id > 0

SELECT COUNT(*) FROM `vlusi_jzc`.`jzc_order_info` WHERE add_time >= '1539472337'

SELECT COUNT(*) FROM `vlusi_jzc`.`jzc_order_info` WHERE pay_time >= 1539472337

UPDATE `vlusi_jzc`.`jzc_sessions` SET expiry = '1539501317', ip = '0.0.0.0', userid = '0', adminid = '1', user_name='0', user_rank='0', discount='0', email='0', data = 'a:3:{s:10:\"admin_name\";s:5:\"admin\";s:11:\"action_list\";s:3:\"all\";s:10:\"last_check\";i:1539472517;}' WHERE sesskey = '1123d1d6275ce5cd65ff9b60c85406c3' LIMIT 1

DELETE FROM `vlusi_jzc`.`jzc_sessions_data` WHERE expiry < 1539499517

SELECT userid, adminid, user_name, user_rank, discount, email, data, expiry FROM `vlusi_jzc`.`jzc_sessions` WHERE sesskey = '1123d1d6275ce5cd65ff9b60c85406c3'

SELECT code, value FROM `vlusi_jzc`.`jzc_shop_config` WHERE parent_id > 0

SELECT COUNT(*) FROM `vlusi_jzc`.`jzc_order_info` WHERE add_time >= '1539472517'

SELECT COUNT(*) FROM `vlusi_jzc`.`jzc_order_info` WHERE pay_time >= 1539472517

UPDATE `vlusi_jzc`.`jzc_sessions` SET expiry = '1539501497', ip = '0.0.0.0', userid = '0', adminid = '1', user_name='0', user_rank='0', discount='0', email='0', data = 'a:3:{s:10:\"admin_name\";s:5:\"admin\";s:11:\"action_list\";s:3:\"all\";s:10:\"last_check\";i:1539472697;}' WHERE sesskey = '1123d1d6275ce5cd65ff9b60c85406c3' LIMIT 1

SELECT userid, adminid, user_name, user_rank, discount, email, data, expiry FROM `vlusi_jzc`.`jzc_sessions` WHERE sesskey = '1123d1d6275ce5cd65ff9b60c85406c3'

SELECT code, value FROM `vlusi_jzc`.`jzc_shop_config` WHERE parent_id > 0

SELECT COUNT(*) FROM `vlusi_jzc`.`jzc_order_info` WHERE add_time >= '1539472697'

SELECT COUNT(*) FROM `vlusi_jzc`.`jzc_order_info` WHERE pay_time >= 1539472697

UPDATE `vlusi_jzc`.`jzc_sessions` SET expiry = '1539501677', ip = '0.0.0.0', userid = '0', adminid = '1', user_name='0', user_rank='0', discount='0', email='0', data = 'a:3:{s:10:\"admin_name\";s:5:\"admin\";s:11:\"action_list\";s:3:\"all\";s:10:\"last_check\";i:1539472877;}' WHERE sesskey = '1123d1d6275ce5cd65ff9b60c85406c3' LIMIT 1

SELECT userid, adminid, user_name, user_rank, discount, email, data, expiry FROM `vlusi_jzc`.`jzc_sessions` WHERE sesskey = '1123d1d6275ce5cd65ff9b60c85406c3'

SELECT code, value FROM `vlusi_jzc`.`jzc_shop_config` WHERE parent_id > 0

SELECT COUNT(*) FROM `vlusi_jzc`.`jzc_order_info` WHERE add_time >= '1539472877'

SELECT COUNT(*) FROM `vlusi_jzc`.`jzc_order_info` WHERE pay_time >= 1539472877

UPDATE `vlusi_jzc`.`jzc_sessions` SET expiry = '1539501857', ip = '0.0.0.0', userid = '0', adminid = '1', user_name='0', user_rank='0', discount='0', email='0', data = 'a:3:{s:10:\"admin_name\";s:5:\"admin\";s:11:\"action_list\";s:3:\"all\";s:10:\"last_check\";i:1539473057;}' WHERE sesskey = '1123d1d6275ce5cd65ff9b60c85406c3' LIMIT 1

DELETE FROM `vlusi_jzc`.`jzc_sessions_data` WHERE expiry < 1539500057

SELECT userid, adminid, user_name, user_rank, discount, email, data, expiry FROM `vlusi_jzc`.`jzc_sessions` WHERE sesskey = '1123d1d6275ce5cd65ff9b60c85406c3'

SELECT code, value FROM `vlusi_jzc`.`jzc_shop_config` WHERE parent_id > 0

SELECT COUNT(*) FROM `vlusi_jzc`.`jzc_order_info` WHERE add_time >= '1539473057'

SELECT COUNT(*) FROM `vlusi_jzc`.`jzc_order_info` WHERE pay_time >= 1539473057

UPDATE `vlusi_jzc`.`jzc_sessions` SET expiry = '1539502037', ip = '0.0.0.0', userid = '0', adminid = '1', user_name='0', user_rank='0', discount='0', email='0', data = 'a:3:{s:10:\"admin_name\";s:5:\"admin\";s:11:\"action_list\";s:3:\"all\";s:10:\"last_check\";i:1539473237;}' WHERE sesskey = '1123d1d6275ce5cd65ff9b60c85406c3' LIMIT 1

SELECT userid, adminid, user_name, user_rank, discount, email, data, expiry FROM `vlusi_jzc`.`jzc_sessions` WHERE sesskey = '1123d1d6275ce5cd65ff9b60c85406c3'

SELECT code, value FROM `vlusi_jzc`.`jzc_shop_config` WHERE parent_id > 0

SELECT COUNT(*) FROM `vlusi_jzc`.`jzc_order_info` WHERE add_time >= '1539473237'

SELECT COUNT(*) FROM `vlusi_jzc`.`jzc_order_info` WHERE pay_time >= 1539473237

UPDATE `vlusi_jzc`.`jzc_sessions` SET expiry = '1539502217', ip = '0.0.0.0', userid = '0', adminid = '1', user_name='0', user_rank='0', discount='0', email='0', data = 'a:3:{s:10:\"admin_name\";s:5:\"admin\";s:11:\"action_list\";s:3:\"all\";s:10:\"last_check\";i:1539473417;}' WHERE sesskey = '1123d1d6275ce5cd65ff9b60c85406c3' LIMIT 1

SELECT userid, adminid, user_name, user_rank, discount, email, data, expiry FROM `vlusi_jzc`.`jzc_sessions` WHERE sesskey = '1123d1d6275ce5cd65ff9b60c85406c3'

SELECT code, value FROM `vlusi_jzc`.`jzc_shop_config` WHERE parent_id > 0

SELECT COUNT(*) FROM `vlusi_jzc`.`jzc_order_info` WHERE add_time >= '1539473417'

SELECT COUNT(*) FROM `vlusi_jzc`.`jzc_order_info` WHERE pay_time >= 1539473417

UPDATE `vlusi_jzc`.`jzc_sessions` SET expiry = '1539502397', ip = '0.0.0.0', userid = '0', adminid = '1', user_name='0', user_rank='0', discount='0', email='0', data = 'a:3:{s:10:\"admin_name\";s:5:\"admin\";s:11:\"action_list\";s:3:\"all\";s:10:\"last_check\";i:1539473597;}' WHERE sesskey = '1123d1d6275ce5cd65ff9b60c85406c3' LIMIT 1

DELETE FROM `vlusi_jzc`.`jzc_sessions_data` WHERE expiry < 1539500597

SELECT userid, adminid, user_name, user_rank, discount, email, data, expiry FROM `vlusi_jzc`.`jzc_sessions` WHERE sesskey = '1123d1d6275ce5cd65ff9b60c85406c3'

SELECT code, value FROM `vlusi_jzc`.`jzc_shop_config` WHERE parent_id > 0

SELECT COUNT(*) FROM `vlusi_jzc`.`jzc_order_info` WHERE add_time >= '1539473597'

SELECT COUNT(*) FROM `vlusi_jzc`.`jzc_order_info` WHERE pay_time >= 1539473597

UPDATE `vlusi_jzc`.`jzc_sessions` SET expiry = '1539502577', ip = '0.0.0.0', userid = '0', adminid = '1', user_name='0', user_rank='0', discount='0', email='0', data = 'a:3:{s:10:\"admin_name\";s:5:\"admin\";s:11:\"action_list\";s:3:\"all\";s:10:\"last_check\";i:1539473777;}' WHERE sesskey = '1123d1d6275ce5cd65ff9b60c85406c3' LIMIT 1

DELETE FROM `vlusi_jzc`.`jzc_sessions_data` WHERE expiry < 1539500777

SELECT userid, adminid, user_name, user_rank, discount, email, data, expiry FROM `vlusi_jzc`.`jzc_sessions` WHERE sesskey = '1123d1d6275ce5cd65ff9b60c85406c3'

SELECT code, value FROM `vlusi_jzc`.`jzc_shop_config` WHERE parent_id > 0

SELECT COUNT(*) FROM `vlusi_jzc`.`jzc_order_info` WHERE add_time >= '1539473777'

SELECT COUNT(*) FROM `vlusi_jzc`.`jzc_order_info` WHERE pay_time >= 1539473777

UPDATE `vlusi_jzc`.`jzc_sessions` SET expiry = '1539502757', ip = '0.0.0.0', userid = '0', adminid = '1', user_name='0', user_rank='0', discount='0', email='0', data = 'a:3:{s:10:\"admin_name\";s:5:\"admin\";s:11:\"action_list\";s:3:\"all\";s:10:\"last_check\";i:1539473957;}' WHERE sesskey = '1123d1d6275ce5cd65ff9b60c85406c3' LIMIT 1

DELETE FROM `vlusi_jzc`.`jzc_sessions_data` WHERE expiry < 1539500957

SELECT userid, adminid, user_name, user_rank, discount, email, data, expiry FROM `vlusi_jzc`.`jzc_sessions` WHERE sesskey = '1123d1d6275ce5cd65ff9b60c85406c3'

SELECT code, value FROM `vlusi_jzc`.`jzc_shop_config` WHERE parent_id > 0

SELECT COUNT(*) FROM `vlusi_jzc`.`jzc_order_info` WHERE add_time >= '1539473957'

SELECT COUNT(*) FROM `vlusi_jzc`.`jzc_order_info` WHERE pay_time >= 1539473957

UPDATE `vlusi_jzc`.`jzc_sessions` SET expiry = '1539502937', ip = '0.0.0.0', userid = '0', adminid = '1', user_name='0', user_rank='0', discount='0', email='0', data = 'a:3:{s:10:\"admin_name\";s:5:\"admin\";s:11:\"action_list\";s:3:\"all\";s:10:\"last_check\";i:1539474137;}' WHERE sesskey = '1123d1d6275ce5cd65ff9b60c85406c3' LIMIT 1

SELECT userid, adminid, user_name, user_rank, discount, email, data, expiry FROM `vlusi_jzc`.`jzc_sessions` WHERE sesskey = '1123d1d6275ce5cd65ff9b60c85406c3'

SELECT code, value FROM `vlusi_jzc`.`jzc_shop_config` WHERE parent_id > 0

SELECT COUNT(*) FROM `vlusi_jzc`.`jzc_order_info` WHERE add_time >= '1539474137'

SELECT COUNT(*) FROM `vlusi_jzc`.`jzc_order_info` WHERE pay_time >= 1539474137

UPDATE `vlusi_jzc`.`jzc_sessions` SET expiry = '1539503117', ip = '0.0.0.0', userid = '0', adminid = '1', user_name='0', user_rank='0', discount='0', email='0', data = 'a:3:{s:10:\"admin_name\";s:5:\"admin\";s:11:\"action_list\";s:3:\"all\";s:10:\"last_check\";i:1539474317;}' WHERE sesskey = '1123d1d6275ce5cd65ff9b60c85406c3' LIMIT 1

DELETE FROM `vlusi_jzc`.`jzc_sessions_data` WHERE expiry < 1539501317

SELECT userid, adminid, user_name, user_rank, discount, email, data, expiry FROM `vlusi_jzc`.`jzc_sessions` WHERE sesskey = '1123d1d6275ce5cd65ff9b60c85406c3'

SELECT code, value FROM `vlusi_jzc`.`jzc_shop_config` WHERE parent_id > 0

SELECT COUNT(*) FROM `vlusi_jzc`.`jzc_order_info` WHERE add_time >= '1539474317'

SELECT COUNT(*) FROM `vlusi_jzc`.`jzc_order_info` WHERE pay_time >= 1539474317

UPDATE `vlusi_jzc`.`jzc_sessions` SET expiry = '1539503297', ip = '0.0.0.0', userid = '0', adminid = '1', user_name='0', user_rank='0', discount='0', email='0', data = 'a:3:{s:10:\"admin_name\";s:5:\"admin\";s:11:\"action_list\";s:3:\"all\";s:10:\"last_check\";i:1539474497;}' WHERE sesskey = '1123d1d6275ce5cd65ff9b60c85406c3' LIMIT 1

SELECT userid, adminid, user_name, user_rank, discount, email, data, expiry FROM `vlusi_jzc`.`jzc_sessions` WHERE sesskey = '1123d1d6275ce5cd65ff9b60c85406c3'

SELECT code, value FROM `vlusi_jzc`.`jzc_shop_config` WHERE parent_id > 0

SELECT COUNT(*) FROM `vlusi_jzc`.`jzc_order_info` WHERE add_time >= '1539474497'

SELECT COUNT(*) FROM `vlusi_jzc`.`jzc_order_info` WHERE pay_time >= 1539474497

UPDATE `vlusi_jzc`.`jzc_sessions` SET expiry = '1539503477', ip = '0.0.0.0', userid = '0', adminid = '1', user_name='0', user_rank='0', discount='0', email='0', data = 'a:3:{s:10:\"admin_name\";s:5:\"admin\";s:11:\"action_list\";s:3:\"all\";s:10:\"last_check\";i:1539474677;}' WHERE sesskey = '1123d1d6275ce5cd65ff9b60c85406c3' LIMIT 1

SELECT userid, adminid, user_name, user_rank, discount, email, data, expiry FROM `vlusi_jzc`.`jzc_sessions` WHERE sesskey = '1123d1d6275ce5cd65ff9b60c85406c3'

SELECT code, value FROM `vlusi_jzc`.`jzc_shop_config` WHERE parent_id > 0

SELECT COUNT(*) FROM `vlusi_jzc`.`jzc_order_info` WHERE add_time >= '1539474677'

SELECT COUNT(*) FROM `vlusi_jzc`.`jzc_order_info` WHERE pay_time >= 1539474677

UPDATE `vlusi_jzc`.`jzc_sessions` SET expiry = '1539503657', ip = '0.0.0.0', userid = '0', adminid = '1', user_name='0', user_rank='0', discount='0', email='0', data = 'a:3:{s:10:\"admin_name\";s:5:\"admin\";s:11:\"action_list\";s:3:\"all\";s:10:\"last_check\";i:1539474857;}' WHERE sesskey = '1123d1d6275ce5cd65ff9b60c85406c3' LIMIT 1

SELECT userid, adminid, user_name, user_rank, discount, email, data, expiry FROM `vlusi_jzc`.`jzc_sessions` WHERE sesskey = '1123d1d6275ce5cd65ff9b60c85406c3'

SELECT code, value FROM `vlusi_jzc`.`jzc_shop_config` WHERE parent_id > 0

SELECT COUNT(*) FROM `vlusi_jzc`.`jzc_order_info` WHERE add_time >= '1539474857'

SELECT COUNT(*) FROM `vlusi_jzc`.`jzc_order_info` WHERE pay_time >= 1539474857

UPDATE `vlusi_jzc`.`jzc_sessions` SET expiry = '1539503837', ip = '0.0.0.0', userid = '0', adminid = '1', user_name='0', user_rank='0', discount='0', email='0', data = 'a:3:{s:10:\"admin_name\";s:5:\"admin\";s:11:\"action_list\";s:3:\"all\";s:10:\"last_check\";i:1539475037;}' WHERE sesskey = '1123d1d6275ce5cd65ff9b60c85406c3' LIMIT 1

SELECT userid, adminid, user_name, user_rank, discount, email, data, expiry FROM `vlusi_jzc`.`jzc_sessions` WHERE sesskey = '1123d1d6275ce5cd65ff9b60c85406c3'

SELECT code, value FROM `vlusi_jzc`.`jzc_shop_config` WHERE parent_id > 0

SELECT COUNT(*) FROM `vlusi_jzc`.`jzc_order_info` WHERE add_time >= '1539475037'

SELECT COUNT(*) FROM `vlusi_jzc`.`jzc_order_info` WHERE pay_time >= 1539475037

UPDATE `vlusi_jzc`.`jzc_sessions` SET expiry = '1539504017', ip = '0.0.0.0', userid = '0', adminid = '1', user_name='0', user_rank='0', discount='0', email='0', data = 'a:3:{s:10:\"admin_name\";s:5:\"admin\";s:11:\"action_list\";s:3:\"all\";s:10:\"last_check\";i:1539475217;}' WHERE sesskey = '1123d1d6275ce5cd65ff9b60c85406c3' LIMIT 1

DELETE FROM `vlusi_jzc`.`jzc_sessions_data` WHERE expiry < 1539502217

SELECT userid, adminid, user_name, user_rank, discount, email, data, expiry FROM `vlusi_jzc`.`jzc_sessions` WHERE sesskey = '1123d1d6275ce5cd65ff9b60c85406c3'

SELECT code, value FROM `vlusi_jzc`.`jzc_shop_config` WHERE parent_id > 0

SELECT COUNT(*) FROM `vlusi_jzc`.`jzc_order_info` WHERE add_time >= '1539475217'

SELECT COUNT(*) FROM `vlusi_jzc`.`jzc_order_info` WHERE pay_time >= 1539475217

UPDATE `vlusi_jzc`.`jzc_sessions` SET expiry = '1539504197', ip = '0.0.0.0', userid = '0', adminid = '1', user_name='0', user_rank='0', discount='0', email='0', data = 'a:3:{s:10:\"admin_name\";s:5:\"admin\";s:11:\"action_list\";s:3:\"all\";s:10:\"last_check\";i:1539475397;}' WHERE sesskey = '1123d1d6275ce5cd65ff9b60c85406c3' LIMIT 1

SELECT userid, adminid, user_name, user_rank, discount, email, data, expiry FROM `vlusi_jzc`.`jzc_sessions` WHERE sesskey = '1123d1d6275ce5cd65ff9b60c85406c3'

SELECT code, value FROM `vlusi_jzc`.`jzc_shop_config` WHERE parent_id > 0

SELECT COUNT(*) FROM `vlusi_jzc`.`jzc_order_info` WHERE add_time >= '1539475397'

SELECT COUNT(*) FROM `vlusi_jzc`.`jzc_order_info` WHERE pay_time >= 1539475397

UPDATE `vlusi_jzc`.`jzc_sessions` SET expiry = '1539504377', ip = '0.0.0.0', userid = '0', adminid = '1', user_name='0', user_rank='0', discount='0', email='0', data = 'a:3:{s:10:\"admin_name\";s:5:\"admin\";s:11:\"action_list\";s:3:\"all\";s:10:\"last_check\";i:1539475577;}' WHERE sesskey = '1123d1d6275ce5cd65ff9b60c85406c3' LIMIT 1

SELECT userid, adminid, user_name, user_rank, discount, email, data, expiry FROM `vlusi_jzc`.`jzc_sessions` WHERE sesskey = '1123d1d6275ce5cd65ff9b60c85406c3'

SELECT code, value FROM `vlusi_jzc`.`jzc_shop_config` WHERE parent_id > 0

SELECT COUNT(*) FROM `vlusi_jzc`.`jzc_order_info` WHERE add_time >= '1539475577'

SELECT COUNT(*) FROM `vlusi_jzc`.`jzc_order_info` WHERE pay_time >= 1539475577

UPDATE `vlusi_jzc`.`jzc_sessions` SET expiry = '1539504557', ip = '0.0.0.0', userid = '0', adminid = '1', user_name='0', user_rank='0', discount='0', email='0', data = 'a:3:{s:10:\"admin_name\";s:5:\"admin\";s:11:\"action_list\";s:3:\"all\";s:10:\"last_check\";i:1539475757;}' WHERE sesskey = '1123d1d6275ce5cd65ff9b60c85406c3' LIMIT 1

DELETE FROM `vlusi_jzc`.`jzc_sessions_data` WHERE expiry < 1539502757

SELECT userid, adminid, user_name, user_rank, discount, email, data, expiry FROM `vlusi_jzc`.`jzc_sessions` WHERE sesskey = '1123d1d6275ce5cd65ff9b60c85406c3'

SELECT code, value FROM `vlusi_jzc`.`jzc_shop_config` WHERE parent_id > 0

SELECT COUNT(*) FROM `vlusi_jzc`.`jzc_order_info` WHERE add_time >= '1539475757'

SELECT COUNT(*) FROM `vlusi_jzc`.`jzc_order_info` WHERE pay_time >= 1539475757

UPDATE `vlusi_jzc`.`jzc_sessions` SET expiry = '1539504737', ip = '0.0.0.0', userid = '0', adminid = '1', user_name='0', user_rank='0', discount='0', email='0', data = 'a:3:{s:10:\"admin_name\";s:5:\"admin\";s:11:\"action_list\";s:3:\"all\";s:10:\"last_check\";i:1539475937;}' WHERE sesskey = '1123d1d6275ce5cd65ff9b60c85406c3' LIMIT 1

SELECT userid, adminid, user_name, user_rank, discount, email, data, expiry FROM `vlusi_jzc`.`jzc_sessions` WHERE sesskey = '1123d1d6275ce5cd65ff9b60c85406c3'

SELECT code, value FROM `vlusi_jzc`.`jzc_shop_config` WHERE parent_id > 0

SELECT COUNT(*) FROM `vlusi_jzc`.`jzc_order_info` WHERE add_time >= '1539475937'

SELECT COUNT(*) FROM `vlusi_jzc`.`jzc_order_info` WHERE pay_time >= 1539475937

UPDATE `vlusi_jzc`.`jzc_sessions` SET expiry = '1539504917', ip = '0.0.0.0', userid = '0', adminid = '1', user_name='0', user_rank='0', discount='0', email='0', data = 'a:3:{s:10:\"admin_name\";s:5:\"admin\";s:11:\"action_list\";s:3:\"all\";s:10:\"last_check\";i:1539476117;}' WHERE sesskey = '1123d1d6275ce5cd65ff9b60c85406c3' LIMIT 1

SELECT userid, adminid, user_name, user_rank, discount, email, data, expiry FROM `vlusi_jzc`.`jzc_sessions` WHERE sesskey = '1123d1d6275ce5cd65ff9b60c85406c3'

SELECT code, value FROM `vlusi_jzc`.`jzc_shop_config` WHERE parent_id > 0

SELECT COUNT(*) FROM `vlusi_jzc`.`jzc_order_info` WHERE add_time >= '1539476117'

SELECT COUNT(*) FROM `vlusi_jzc`.`jzc_order_info` WHERE pay_time >= 1539476117

UPDATE `vlusi_jzc`.`jzc_sessions` SET expiry = '1539505097', ip = '0.0.0.0', userid = '0', adminid = '1', user_name='0', user_rank='0', discount='0', email='0', data = 'a:3:{s:10:\"admin_name\";s:5:\"admin\";s:11:\"action_list\";s:3:\"all\";s:10:\"last_check\";i:1539476297;}' WHERE sesskey = '1123d1d6275ce5cd65ff9b60c85406c3' LIMIT 1

DELETE FROM `vlusi_jzc`.`jzc_sessions_data` WHERE expiry < 1539503297

SELECT userid, adminid, user_name, user_rank, discount, email, data, expiry FROM `vlusi_jzc`.`jzc_sessions` WHERE sesskey = '1123d1d6275ce5cd65ff9b60c85406c3'

SELECT code, value FROM `vlusi_jzc`.`jzc_shop_config` WHERE parent_id > 0

SELECT COUNT(*) FROM `vlusi_jzc`.`jzc_order_info` WHERE add_time >= '1539476297'

SELECT COUNT(*) FROM `vlusi_jzc`.`jzc_order_info` WHERE pay_time >= 1539476297

UPDATE `vlusi_jzc`.`jzc_sessions` SET expiry = '1539505277', ip = '0.0.0.0', userid = '0', adminid = '1', user_name='0', user_rank='0', discount='0', email='0', data = 'a:3:{s:10:\"admin_name\";s:5:\"admin\";s:11:\"action_list\";s:3:\"all\";s:10:\"last_check\";i:1539476477;}' WHERE sesskey = '1123d1d6275ce5cd65ff9b60c85406c3' LIMIT 1

DELETE FROM `vlusi_jzc`.`jzc_sessions_data` WHERE expiry < 1539503477

SELECT userid, adminid, user_name, user_rank, discount, email, data, expiry FROM `vlusi_jzc`.`jzc_sessions` WHERE sesskey = '1123d1d6275ce5cd65ff9b60c85406c3'

SELECT code, value FROM `vlusi_jzc`.`jzc_shop_config` WHERE parent_id > 0

SELECT COUNT(*) FROM `vlusi_jzc`.`jzc_order_info` WHERE add_time >= '1539476477'

SELECT COUNT(*) FROM `vlusi_jzc`.`jzc_order_info` WHERE pay_time >= 1539476477

UPDATE `vlusi_jzc`.`jzc_sessions` SET expiry = '1539505457', ip = '0.0.0.0', userid = '0', adminid = '1', user_name='0', user_rank='0', discount='0', email='0', data = 'a:3:{s:10:\"admin_name\";s:5:\"admin\";s:11:\"action_list\";s:3:\"all\";s:10:\"last_check\";i:1539476657;}' WHERE sesskey = '1123d1d6275ce5cd65ff9b60c85406c3' LIMIT 1

SELECT userid, adminid, user_name, user_rank, discount, email, data, expiry FROM `vlusi_jzc`.`jzc_sessions` WHERE sesskey = '1123d1d6275ce5cd65ff9b60c85406c3'

SELECT code, value FROM `vlusi_jzc`.`jzc_shop_config` WHERE parent_id > 0

SELECT COUNT(*) FROM `vlusi_jzc`.`jzc_order_info` WHERE add_time >= '1539476657'

SELECT COUNT(*) FROM `vlusi_jzc`.`jzc_order_info` WHERE pay_time >= 1539476657

UPDATE `vlusi_jzc`.`jzc_sessions` SET expiry = '1539505637', ip = '0.0.0.0', userid = '0', adminid = '1', user_name='0', user_rank='0', discount='0', email='0', data = 'a:3:{s:10:\"admin_name\";s:5:\"admin\";s:11:\"action_list\";s:3:\"all\";s:10:\"last_check\";i:1539476837;}' WHERE sesskey = '1123d1d6275ce5cd65ff9b60c85406c3' LIMIT 1

SELECT userid, adminid, user_name, user_rank, discount, email, data, expiry FROM `vlusi_jzc`.`jzc_sessions` WHERE sesskey = '1123d1d6275ce5cd65ff9b60c85406c3'

SELECT code, value FROM `vlusi_jzc`.`jzc_shop_config` WHERE parent_id > 0

SELECT COUNT(*) FROM `vlusi_jzc`.`jzc_order_info` WHERE add_time >= '1539476837'

SELECT COUNT(*) FROM `vlusi_jzc`.`jzc_order_info` WHERE pay_time >= 1539476837

UPDATE `vlusi_jzc`.`jzc_sessions` SET expiry = '1539505817', ip = '0.0.0.0', userid = '0', adminid = '1', user_name='0', user_rank='0', discount='0', email='0', data = 'a:3:{s:10:\"admin_name\";s:5:\"admin\";s:11:\"action_list\";s:3:\"all\";s:10:\"last_check\";i:1539477017;}' WHERE sesskey = '1123d1d6275ce5cd65ff9b60c85406c3' LIMIT 1

DELETE FROM `vlusi_jzc`.`jzc_sessions_data` WHERE expiry < 1539504017

SELECT userid, adminid, user_name, user_rank, discount, email, data, expiry FROM `vlusi_jzc`.`jzc_sessions` WHERE sesskey = '1123d1d6275ce5cd65ff9b60c85406c3'

SELECT code, value FROM `vlusi_jzc`.`jzc_shop_config` WHERE parent_id > 0

SELECT COUNT(*) FROM `vlusi_jzc`.`jzc_order_info` WHERE add_time >= '1539477017'

SELECT COUNT(*) FROM `vlusi_jzc`.`jzc_order_info` WHERE pay_time >= 1539477017

UPDATE `vlusi_jzc`.`jzc_sessions` SET expiry = '1539505997', ip = '0.0.0.0', userid = '0', adminid = '1', user_name='0', user_rank='0', discount='0', email='0', data = 'a:3:{s:10:\"admin_name\";s:5:\"admin\";s:11:\"action_list\";s:3:\"all\";s:10:\"last_check\";i:1539477197;}' WHERE sesskey = '1123d1d6275ce5cd65ff9b60c85406c3' LIMIT 1

INSERT INTO `vlusi_jzc`.`jzc_sessions` (sesskey, expiry, ip, data) VALUES ('4a7b7a980dcb7830308b5df00973b3a3', '1539505997', '127.0.0.1', 'a:0:{}')

SELECT code, value FROM `vlusi_jzc`.`jzc_shop_config` WHERE parent_id > 0

UPDATE `vlusi_jzc`.`jzc_sessions` SET expiry = '1539505997', ip = '127.0.0.1', userid = '0', adminid = '0', user_name='0', user_rank='0', discount='0', email='0', data = 'a:0:{}' WHERE sesskey = '4a7b7a980dcb7830308b5df00973b3a3' LIMIT 1

SELECT userid, adminid, user_name, user_rank, discount, email, data, expiry FROM `vlusi_jzc`.`jzc_sessions` WHERE sesskey = '1123d1d6275ce5cd65ff9b60c85406c3'

SELECT code, value FROM `vlusi_jzc`.`jzc_shop_config` WHERE parent_id > 0

SELECT COUNT(*) FROM `vlusi_jzc`.`jzc_order_info` WHERE add_time >= '1539477197'

SELECT COUNT(*) FROM `vlusi_jzc`.`jzc_order_info` WHERE pay_time >= 1539477197

UPDATE `vlusi_jzc`.`jzc_sessions` SET expiry = '1539506177', ip = '0.0.0.0', userid = '0', adminid = '1', user_name='0', user_rank='0', discount='0', email='0', data = 'a:3:{s:10:\"admin_name\";s:5:\"admin\";s:11:\"action_list\";s:3:\"all\";s:10:\"last_check\";i:1539477377;}' WHERE sesskey = '1123d1d6275ce5cd65ff9b60c85406c3' LIMIT 1

SELECT userid, adminid, user_name, user_rank, discount, email, data, expiry FROM `vlusi_jzc`.`jzc_sessions` WHERE sesskey = '1123d1d6275ce5cd65ff9b60c85406c3'

SELECT code, value FROM `vlusi_jzc`.`jzc_shop_config` WHERE parent_id > 0

SELECT COUNT(*) FROM `vlusi_jzc`.`jzc_order_info` WHERE add_time >= '1539477377'

SELECT COUNT(*) FROM `vlusi_jzc`.`jzc_order_info` WHERE pay_time >= 1539477377

UPDATE `vlusi_jzc`.`jzc_sessions` SET expiry = '1539506357', ip = '0.0.0.0', userid = '0', adminid = '1', user_name='0', user_rank='0', discount='0', email='0', data = 'a:3:{s:10:\"admin_name\";s:5:\"admin\";s:11:\"action_list\";s:3:\"all\";s:10:\"last_check\";i:1539477557;}' WHERE sesskey = '1123d1d6275ce5cd65ff9b60c85406c3' LIMIT 1

DELETE FROM `vlusi_jzc`.`jzc_sessions_data` WHERE expiry < 1539504557

SELECT userid, adminid, user_name, user_rank, discount, email, data, expiry FROM `vlusi_jzc`.`jzc_sessions` WHERE sesskey = '1123d1d6275ce5cd65ff9b60c85406c3'

SELECT code, value FROM `vlusi_jzc`.`jzc_shop_config` WHERE parent_id > 0

SELECT COUNT(*) FROM `vlusi_jzc`.`jzc_order_info` WHERE add_time >= '1539477557'

SELECT COUNT(*) FROM `vlusi_jzc`.`jzc_order_info` WHERE pay_time >= 1539477557

UPDATE `vlusi_jzc`.`jzc_sessions` SET expiry = '1539506537', ip = '0.0.0.0', userid = '0', adminid = '1', user_name='0', user_rank='0', discount='0', email='0', data = 'a:3:{s:10:\"admin_name\";s:5:\"admin\";s:11:\"action_list\";s:3:\"all\";s:10:\"last_check\";i:1539477737;}' WHERE sesskey = '1123d1d6275ce5cd65ff9b60c85406c3' LIMIT 1

DELETE FROM `vlusi_jzc`.`jzc_sessions_data` WHERE expiry < 1539504737

SELECT userid, adminid, user_name, user_rank, discount, email, data, expiry FROM `vlusi_jzc`.`jzc_sessions` WHERE sesskey = '1123d1d6275ce5cd65ff9b60c85406c3'

SELECT code, value FROM `vlusi_jzc`.`jzc_shop_config` WHERE parent_id > 0

SELECT COUNT(*) FROM `vlusi_jzc`.`jzc_order_info` WHERE add_time >= '1539477737'

SELECT COUNT(*) FROM `vlusi_jzc`.`jzc_order_info` WHERE pay_time >= 1539477737

UPDATE `vlusi_jzc`.`jzc_sessions` SET expiry = '1539506717', ip = '0.0.0.0', userid = '0', adminid = '1', user_name='0', user_rank='0', discount='0', email='0', data = 'a:3:{s:10:\"admin_name\";s:5:\"admin\";s:11:\"action_list\";s:3:\"all\";s:10:\"last_check\";i:1539477917;}' WHERE sesskey = '1123d1d6275ce5cd65ff9b60c85406c3' LIMIT 1

SELECT userid, adminid, user_name, user_rank, discount, email, data, expiry FROM `vlusi_jzc`.`jzc_sessions` WHERE sesskey = '1123d1d6275ce5cd65ff9b60c85406c3'

SELECT code, value FROM `vlusi_jzc`.`jzc_shop_config` WHERE parent_id > 0

SELECT COUNT(*) FROM `vlusi_jzc`.`jzc_order_info` WHERE add_time >= '1539477917'

SELECT COUNT(*) FROM `vlusi_jzc`.`jzc_order_info` WHERE pay_time >= 1539477917

UPDATE `vlusi_jzc`.`jzc_sessions` SET expiry = '1539506897', ip = '0.0.0.0', userid = '0', adminid = '1', user_name='0', user_rank='0', discount='0', email='0', data = 'a:3:{s:10:\"admin_name\";s:5:\"admin\";s:11:\"action_list\";s:3:\"all\";s:10:\"last_check\";i:1539478097;}' WHERE sesskey = '1123d1d6275ce5cd65ff9b60c85406c3' LIMIT 1

SELECT userid, adminid, user_name, user_rank, discount, email, data, expiry FROM `vlusi_jzc`.`jzc_sessions` WHERE sesskey = '1123d1d6275ce5cd65ff9b60c85406c3'

SELECT code, value FROM `vlusi_jzc`.`jzc_shop_config` WHERE parent_id > 0

SELECT COUNT(*) FROM `vlusi_jzc`.`jzc_order_info` WHERE add_time >= '1539478097'

SELECT COUNT(*) FROM `vlusi_jzc`.`jzc_order_info` WHERE pay_time >= 1539478097

UPDATE `vlusi_jzc`.`jzc_sessions` SET expiry = '1539507077', ip = '0.0.0.0', userid = '0', adminid = '1', user_name='0', user_rank='0', discount='0', email='0', data = 'a:3:{s:10:\"admin_name\";s:5:\"admin\";s:11:\"action_list\";s:3:\"all\";s:10:\"last_check\";i:1539478277;}' WHERE sesskey = '1123d1d6275ce5cd65ff9b60c85406c3' LIMIT 1

SELECT userid, adminid, user_name, user_rank, discount, email, data, expiry FROM `vlusi_jzc`.`jzc_sessions` WHERE sesskey = '1123d1d6275ce5cd65ff9b60c85406c3'

SELECT code, value FROM `vlusi_jzc`.`jzc_shop_config` WHERE parent_id > 0

SELECT COUNT(*) FROM `vlusi_jzc`.`jzc_order_info` WHERE add_time >= '1539478277'

SELECT COUNT(*) FROM `vlusi_jzc`.`jzc_order_info` WHERE pay_time >= 1539478277

UPDATE `vlusi_jzc`.`jzc_sessions` SET expiry = '1539507257', ip = '0.0.0.0', userid = '0', adminid = '1', user_name='0', user_rank='0', discount='0', email='0', data = 'a:3:{s:10:\"admin_name\";s:5:\"admin\";s:11:\"action_list\";s:3:\"all\";s:10:\"last_check\";i:1539478457;}' WHERE sesskey = '1123d1d6275ce5cd65ff9b60c85406c3' LIMIT 1

SELECT userid, adminid, user_name, user_rank, discount, email, data, expiry FROM `vlusi_jzc`.`jzc_sessions` WHERE sesskey = '1123d1d6275ce5cd65ff9b60c85406c3'

SELECT code, value FROM `vlusi_jzc`.`jzc_shop_config` WHERE parent_id > 0

SELECT COUNT(*) FROM `vlusi_jzc`.`jzc_order_info` WHERE add_time >= '1539478457'

SELECT COUNT(*) FROM `vlusi_jzc`.`jzc_order_info` WHERE pay_time >= 1539478457

UPDATE `vlusi_jzc`.`jzc_sessions` SET expiry = '1539507437', ip = '0.0.0.0', userid = '0', adminid = '1', user_name='0', user_rank='0', discount='0', email='0', data = 'a:3:{s:10:\"admin_name\";s:5:\"admin\";s:11:\"action_list\";s:3:\"all\";s:10:\"last_check\";i:1539478637;}' WHERE sesskey = '1123d1d6275ce5cd65ff9b60c85406c3' LIMIT 1

DELETE FROM `vlusi_jzc`.`jzc_sessions_data` WHERE expiry < 1539505637

SELECT userid, adminid, user_name, user_rank, discount, email, data, expiry FROM `vlusi_jzc`.`jzc_sessions` WHERE sesskey = '1123d1d6275ce5cd65ff9b60c85406c3'

SELECT code, value FROM `vlusi_jzc`.`jzc_shop_config` WHERE parent_id > 0

SELECT COUNT(*) FROM `vlusi_jzc`.`jzc_order_info` WHERE add_time >= '1539478637'

SELECT COUNT(*) FROM `vlusi_jzc`.`jzc_order_info` WHERE pay_time >= 1539478637

UPDATE `vlusi_jzc`.`jzc_sessions` SET expiry = '1539507617', ip = '0.0.0.0', userid = '0', adminid = '1', user_name='0', user_rank='0', discount='0', email='0', data = 'a:3:{s:10:\"admin_name\";s:5:\"admin\";s:11:\"action_list\";s:3:\"all\";s:10:\"last_check\";i:1539478817;}' WHERE sesskey = '1123d1d6275ce5cd65ff9b60c85406c3' LIMIT 1

SELECT userid, adminid, user_name, user_rank, discount, email, data, expiry FROM `vlusi_jzc`.`jzc_sessions` WHERE sesskey = '1123d1d6275ce5cd65ff9b60c85406c3'

SELECT code, value FROM `vlusi_jzc`.`jzc_shop_config` WHERE parent_id > 0

SELECT COUNT(*) FROM `vlusi_jzc`.`jzc_order_info` WHERE add_time >= '1539478817'

SELECT COUNT(*) FROM `vlusi_jzc`.`jzc_order_info` WHERE pay_time >= 1539478817

UPDATE `vlusi_jzc`.`jzc_sessions` SET expiry = '1539507797', ip = '0.0.0.0', userid = '0', adminid = '1', user_name='0', user_rank='0', discount='0', email='0', data = 'a:3:{s:10:\"admin_name\";s:5:\"admin\";s:11:\"action_list\";s:3:\"all\";s:10:\"last_check\";i:1539478997;}' WHERE sesskey = '1123d1d6275ce5cd65ff9b60c85406c3' LIMIT 1

SELECT userid, adminid, user_name, user_rank, discount, email, data, expiry FROM `vlusi_jzc`.`jzc_sessions` WHERE sesskey = '1123d1d6275ce5cd65ff9b60c85406c3'

SELECT code, value FROM `vlusi_jzc`.`jzc_shop_config` WHERE parent_id > 0

SELECT COUNT(*) FROM `vlusi_jzc`.`jzc_order_info` WHERE add_time >= '1539478997'

SELECT COUNT(*) FROM `vlusi_jzc`.`jzc_order_info` WHERE pay_time >= 1539478997

UPDATE `vlusi_jzc`.`jzc_sessions` SET expiry = '1539507977', ip = '0.0.0.0', userid = '0', adminid = '1', user_name='0', user_rank='0', discount='0', email='0', data = 'a:3:{s:10:\"admin_name\";s:5:\"admin\";s:11:\"action_list\";s:3:\"all\";s:10:\"last_check\";i:1539479177;}' WHERE sesskey = '1123d1d6275ce5cd65ff9b60c85406c3' LIMIT 1

SELECT userid, adminid, user_name, user_rank, discount, email, data, expiry FROM `vlusi_jzc`.`jzc_sessions` WHERE sesskey = '1123d1d6275ce5cd65ff9b60c85406c3'

SELECT code, value FROM `vlusi_jzc`.`jzc_shop_config` WHERE parent_id > 0

SELECT COUNT(*) FROM `vlusi_jzc`.`jzc_order_info` WHERE add_time >= '1539479177'

SELECT COUNT(*) FROM `vlusi_jzc`.`jzc_order_info` WHERE pay_time >= 1539479177

UPDATE `vlusi_jzc`.`jzc_sessions` SET expiry = '1539508157', ip = '0.0.0.0', userid = '0', adminid = '1', user_name='0', user_rank='0', discount='0', email='0', data = 'a:3:{s:10:\"admin_name\";s:5:\"admin\";s:11:\"action_list\";s:3:\"all\";s:10:\"last_check\";i:1539479357;}' WHERE sesskey = '1123d1d6275ce5cd65ff9b60c85406c3' LIMIT 1

DELETE FROM `vlusi_jzc`.`jzc_sessions_data` WHERE expiry < 1539506357

SELECT userid, adminid, user_name, user_rank, discount, email, data, expiry FROM `vlusi_jzc`.`jzc_sessions` WHERE sesskey = '1123d1d6275ce5cd65ff9b60c85406c3'

SELECT code, value FROM `vlusi_jzc`.`jzc_shop_config` WHERE parent_id > 0

SELECT COUNT(*) FROM `vlusi_jzc`.`jzc_order_info` WHERE add_time >= '1539479357'

SELECT COUNT(*) FROM `vlusi_jzc`.`jzc_order_info` WHERE pay_time >= 1539479357

UPDATE `vlusi_jzc`.`jzc_sessions` SET expiry = '1539508337', ip = '0.0.0.0', userid = '0', adminid = '1', user_name='0', user_rank='0', discount='0', email='0', data = 'a:3:{s:10:\"admin_name\";s:5:\"admin\";s:11:\"action_list\";s:3:\"all\";s:10:\"last_check\";i:1539479537;}' WHERE sesskey = '1123d1d6275ce5cd65ff9b60c85406c3' LIMIT 1

SELECT userid, adminid, user_name, user_rank, discount, email, data, expiry FROM `vlusi_jzc`.`jzc_sessions` WHERE sesskey = '1123d1d6275ce5cd65ff9b60c85406c3'

SELECT code, value FROM `vlusi_jzc`.`jzc_shop_config` WHERE parent_id > 0

SELECT COUNT(*) FROM `vlusi_jzc`.`jzc_order_info` WHERE add_time >= '1539479537'

SELECT COUNT(*) FROM `vlusi_jzc`.`jzc_order_info` WHERE pay_time >= 1539479537

UPDATE `vlusi_jzc`.`jzc_sessions` SET expiry = '1539508517', ip = '0.0.0.0', userid = '0', adminid = '1', user_name='0', user_rank='0', discount='0', email='0', data = 'a:3:{s:10:\"admin_name\";s:5:\"admin\";s:11:\"action_list\";s:3:\"all\";s:10:\"last_check\";i:1539479717;}' WHERE sesskey = '1123d1d6275ce5cd65ff9b60c85406c3' LIMIT 1

DELETE FROM `vlusi_jzc`.`jzc_sessions_data` WHERE expiry < 1539506717

SELECT userid, adminid, user_name, user_rank, discount, email, data, expiry FROM `vlusi_jzc`.`jzc_sessions` WHERE sesskey = '1123d1d6275ce5cd65ff9b60c85406c3'

SELECT code, value FROM `vlusi_jzc`.`jzc_shop_config` WHERE parent_id > 0

SELECT COUNT(*) FROM `vlusi_jzc`.`jzc_order_info` WHERE add_time >= '1539479717'

SELECT COUNT(*) FROM `vlusi_jzc`.`jzc_order_info` WHERE pay_time >= 1539479717

UPDATE `vlusi_jzc`.`jzc_sessions` SET expiry = '1539508697', ip = '0.0.0.0', userid = '0', adminid = '1', user_name='0', user_rank='0', discount='0', email='0', data = 'a:3:{s:10:\"admin_name\";s:5:\"admin\";s:11:\"action_list\";s:3:\"all\";s:10:\"last_check\";i:1539479897;}' WHERE sesskey = '1123d1d6275ce5cd65ff9b60c85406c3' LIMIT 1

SELECT userid, adminid, user_name, user_rank, discount, email, data, expiry FROM `vlusi_jzc`.`jzc_sessions` WHERE sesskey = '1123d1d6275ce5cd65ff9b60c85406c3'

SELECT code, value FROM `vlusi_jzc`.`jzc_shop_config` WHERE parent_id > 0

SELECT COUNT(*) FROM `vlusi_jzc`.`jzc_order_info` WHERE add_time >= '1539479897'

SELECT COUNT(*) FROM `vlusi_jzc`.`jzc_order_info` WHERE pay_time >= 1539479897

UPDATE `vlusi_jzc`.`jzc_sessions` SET expiry = '1539508877', ip = '0.0.0.0', userid = '0', adminid = '1', user_name='0', user_rank='0', discount='0', email='0', data = 'a:3:{s:10:\"admin_name\";s:5:\"admin\";s:11:\"action_list\";s:3:\"all\";s:10:\"last_check\";i:1539480077;}' WHERE sesskey = '1123d1d6275ce5cd65ff9b60c85406c3' LIMIT 1

DELETE FROM `vlusi_jzc`.`jzc_sessions_data` WHERE expiry < 1539507077

SELECT userid, adminid, user_name, user_rank, discount, email, data, expiry FROM `vlusi_jzc`.`jzc_sessions` WHERE sesskey = '1123d1d6275ce5cd65ff9b60c85406c3'

SELECT code, value FROM `vlusi_jzc`.`jzc_shop_config` WHERE parent_id > 0

SELECT COUNT(*) FROM `vlusi_jzc`.`jzc_order_info` WHERE add_time >= '1539480077'

SELECT COUNT(*) FROM `vlusi_jzc`.`jzc_order_info` WHERE pay_time >= 1539480077

UPDATE `vlusi_jzc`.`jzc_sessions` SET expiry = '1539509057', ip = '0.0.0.0', userid = '0', adminid = '1', user_name='0', user_rank='0', discount='0', email='0', data = 'a:3:{s:10:\"admin_name\";s:5:\"admin\";s:11:\"action_list\";s:3:\"all\";s:10:\"last_check\";i:1539480257;}' WHERE sesskey = '1123d1d6275ce5cd65ff9b60c85406c3' LIMIT 1

SELECT userid, adminid, user_name, user_rank, discount, email, data, expiry FROM `vlusi_jzc`.`jzc_sessions` WHERE sesskey = '1123d1d6275ce5cd65ff9b60c85406c3'

SELECT code, value FROM `vlusi_jzc`.`jzc_shop_config` WHERE parent_id > 0

SELECT COUNT(*) FROM `vlusi_jzc`.`jzc_order_info` WHERE add_time >= '1539480257'

SELECT COUNT(*) FROM `vlusi_jzc`.`jzc_order_info` WHERE pay_time >= 1539480257

UPDATE `vlusi_jzc`.`jzc_sessions` SET expiry = '1539509237', ip = '0.0.0.0', userid = '0', adminid = '1', user_name='0', user_rank='0', discount='0', email='0', data = 'a:3:{s:10:\"admin_name\";s:5:\"admin\";s:11:\"action_list\";s:3:\"all\";s:10:\"last_check\";i:1539480437;}' WHERE sesskey = '1123d1d6275ce5cd65ff9b60c85406c3' LIMIT 1

DELETE FROM `vlusi_jzc`.`jzc_sessions_data` WHERE expiry < 1539507437

SELECT userid, adminid, user_name, user_rank, discount, email, data, expiry FROM `vlusi_jzc`.`jzc_sessions` WHERE sesskey = '1123d1d6275ce5cd65ff9b60c85406c3'

SELECT code, value FROM `vlusi_jzc`.`jzc_shop_config` WHERE parent_id > 0

SELECT COUNT(*) FROM `vlusi_jzc`.`jzc_order_info` WHERE add_time >= '1539480437'

SELECT COUNT(*) FROM `vlusi_jzc`.`jzc_order_info` WHERE pay_time >= 1539480437

UPDATE `vlusi_jzc`.`jzc_sessions` SET expiry = '1539509417', ip = '0.0.0.0', userid = '0', adminid = '1', user_name='0', user_rank='0', discount='0', email='0', data = 'a:3:{s:10:\"admin_name\";s:5:\"admin\";s:11:\"action_list\";s:3:\"all\";s:10:\"last_check\";i:1539480617;}' WHERE sesskey = '1123d1d6275ce5cd65ff9b60c85406c3' LIMIT 1

DELETE FROM `vlusi_jzc`.`jzc_sessions_data` WHERE expiry < 1539507617

SELECT userid, adminid, user_name, user_rank, discount, email, data, expiry FROM `vlusi_jzc`.`jzc_sessions` WHERE sesskey = '1123d1d6275ce5cd65ff9b60c85406c3'

SELECT code, value FROM `vlusi_jzc`.`jzc_shop_config` WHERE parent_id > 0

SELECT COUNT(*) FROM `vlusi_jzc`.`jzc_order_info` WHERE add_time >= '1539480617'

SELECT COUNT(*) FROM `vlusi_jzc`.`jzc_order_info` WHERE pay_time >= 1539480617

UPDATE `vlusi_jzc`.`jzc_sessions` SET expiry = '1539509597', ip = '0.0.0.0', userid = '0', adminid = '1', user_name='0', user_rank='0', discount='0', email='0', data = 'a:3:{s:10:\"admin_name\";s:5:\"admin\";s:11:\"action_list\";s:3:\"all\";s:10:\"last_check\";i:1539480797;}' WHERE sesskey = '1123d1d6275ce5cd65ff9b60c85406c3' LIMIT 1

SELECT userid, adminid, user_name, user_rank, discount, email, data, expiry FROM `vlusi_jzc`.`jzc_sessions` WHERE sesskey = '1123d1d6275ce5cd65ff9b60c85406c3'

SELECT code, value FROM `vlusi_jzc`.`jzc_shop_config` WHERE parent_id > 0

SELECT COUNT(*) FROM `vlusi_jzc`.`jzc_order_info` WHERE add_time >= '1539480797'

SELECT COUNT(*) FROM `vlusi_jzc`.`jzc_order_info` WHERE pay_time >= 1539480797

UPDATE `vlusi_jzc`.`jzc_sessions` SET expiry = '1539509777', ip = '0.0.0.0', userid = '0', adminid = '1', user_name='0', user_rank='0', discount='0', email='0', data = 'a:3:{s:10:\"admin_name\";s:5:\"admin\";s:11:\"action_list\";s:3:\"all\";s:10:\"last_check\";i:1539480977;}' WHERE sesskey = '1123d1d6275ce5cd65ff9b60c85406c3' LIMIT 1

SELECT userid, adminid, user_name, user_rank, discount, email, data, expiry FROM `vlusi_jzc`.`jzc_sessions` WHERE sesskey = '1123d1d6275ce5cd65ff9b60c85406c3'

SELECT code, value FROM `vlusi_jzc`.`jzc_shop_config` WHERE parent_id > 0

SELECT COUNT(*) FROM `vlusi_jzc`.`jzc_order_info` WHERE add_time >= '1539480977'

SELECT COUNT(*) FROM `vlusi_jzc`.`jzc_order_info` WHERE pay_time >= 1539480977

UPDATE `vlusi_jzc`.`jzc_sessions` SET expiry = '1539509957', ip = '0.0.0.0', userid = '0', adminid = '1', user_name='0', user_rank='0', discount='0', email='0', data = 'a:3:{s:10:\"admin_name\";s:5:\"admin\";s:11:\"action_list\";s:3:\"all\";s:10:\"last_check\";i:1539481157;}' WHERE sesskey = '1123d1d6275ce5cd65ff9b60c85406c3' LIMIT 1

SELECT userid, adminid, user_name, user_rank, discount, email, data, expiry FROM `vlusi_jzc`.`jzc_sessions` WHERE sesskey = '1123d1d6275ce5cd65ff9b60c85406c3'

SELECT code, value FROM `vlusi_jzc`.`jzc_shop_config` WHERE parent_id > 0

SELECT COUNT(*) FROM `vlusi_jzc`.`jzc_order_info` WHERE add_time >= '1539481157'

SELECT COUNT(*) FROM `vlusi_jzc`.`jzc_order_info` WHERE pay_time >= 1539481157

UPDATE `vlusi_jzc`.`jzc_sessions` SET expiry = '1539510137', ip = '0.0.0.0', userid = '0', adminid = '1', user_name='0', user_rank='0', discount='0', email='0', data = 'a:3:{s:10:\"admin_name\";s:5:\"admin\";s:11:\"action_list\";s:3:\"all\";s:10:\"last_check\";i:1539481337;}' WHERE sesskey = '1123d1d6275ce5cd65ff9b60c85406c3' LIMIT 1

DELETE FROM `vlusi_jzc`.`jzc_sessions_data` WHERE expiry < 1539508337

SELECT userid, adminid, user_name, user_rank, discount, email, data, expiry FROM `vlusi_jzc`.`jzc_sessions` WHERE sesskey = '1123d1d6275ce5cd65ff9b60c85406c3'

SELECT code, value FROM `vlusi_jzc`.`jzc_shop_config` WHERE parent_id > 0

SELECT COUNT(*) FROM `vlusi_jzc`.`jzc_order_info` WHERE add_time >= '1539481337'

SELECT COUNT(*) FROM `vlusi_jzc`.`jzc_order_info` WHERE pay_time >= 1539481337

UPDATE `vlusi_jzc`.`jzc_sessions` SET expiry = '1539510317', ip = '0.0.0.0', userid = '0', adminid = '1', user_name='0', user_rank='0', discount='0', email='0', data = 'a:3:{s:10:\"admin_name\";s:5:\"admin\";s:11:\"action_list\";s:3:\"all\";s:10:\"last_check\";i:1539481517;}' WHERE sesskey = '1123d1d6275ce5cd65ff9b60c85406c3' LIMIT 1

DELETE FROM `vlusi_jzc`.`jzc_sessions_data` WHERE expiry < 1539508517

SELECT userid, adminid, user_name, user_rank, discount, email, data, expiry FROM `vlusi_jzc`.`jzc_sessions` WHERE sesskey = '1123d1d6275ce5cd65ff9b60c85406c3'

SELECT code, value FROM `vlusi_jzc`.`jzc_shop_config` WHERE parent_id > 0

SELECT COUNT(*) FROM `vlusi_jzc`.`jzc_order_info` WHERE add_time >= '1539481517'

SELECT COUNT(*) FROM `vlusi_jzc`.`jzc_order_info` WHERE pay_time >= 1539481517

UPDATE `vlusi_jzc`.`jzc_sessions` SET expiry = '1539510497', ip = '0.0.0.0', userid = '0', adminid = '1', user_name='0', user_rank='0', discount='0', email='0', data = 'a:3:{s:10:\"admin_name\";s:5:\"admin\";s:11:\"action_list\";s:3:\"all\";s:10:\"last_check\";i:1539481697;}' WHERE sesskey = '1123d1d6275ce5cd65ff9b60c85406c3' LIMIT 1

SELECT userid, adminid, user_name, user_rank, discount, email, data, expiry FROM `vlusi_jzc`.`jzc_sessions` WHERE sesskey = '1123d1d6275ce5cd65ff9b60c85406c3'

SELECT code, value FROM `vlusi_jzc`.`jzc_shop_config` WHERE parent_id > 0

SELECT COUNT(*) FROM `vlusi_jzc`.`jzc_order_info` WHERE add_time >= '1539481697'

SELECT COUNT(*) FROM `vlusi_jzc`.`jzc_order_info` WHERE pay_time >= 1539481697

UPDATE `vlusi_jzc`.`jzc_sessions` SET expiry = '1539510677', ip = '0.0.0.0', userid = '0', adminid = '1', user_name='0', user_rank='0', discount='0', email='0', data = 'a:3:{s:10:\"admin_name\";s:5:\"admin\";s:11:\"action_list\";s:3:\"all\";s:10:\"last_check\";i:1539481877;}' WHERE sesskey = '1123d1d6275ce5cd65ff9b60c85406c3' LIMIT 1

DELETE FROM `vlusi_jzc`.`jzc_sessions_data` WHERE expiry < 1539508877

SELECT userid, adminid, user_name, user_rank, discount, email, data, expiry FROM `vlusi_jzc`.`jzc_sessions` WHERE sesskey = '1123d1d6275ce5cd65ff9b60c85406c3'

SELECT code, value FROM `vlusi_jzc`.`jzc_shop_config` WHERE parent_id > 0

SELECT COUNT(*) FROM `vlusi_jzc`.`jzc_order_info` WHERE add_time >= '1539481877'

SELECT COUNT(*) FROM `vlusi_jzc`.`jzc_order_info` WHERE pay_time >= 1539481877

UPDATE `vlusi_jzc`.`jzc_sessions` SET expiry = '1539510857', ip = '0.0.0.0', userid = '0', adminid = '1', user_name='0', user_rank='0', discount='0', email='0', data = 'a:3:{s:10:\"admin_name\";s:5:\"admin\";s:11:\"action_list\";s:3:\"all\";s:10:\"last_check\";i:1539482057;}' WHERE sesskey = '1123d1d6275ce5cd65ff9b60c85406c3' LIMIT 1

DELETE FROM `vlusi_jzc`.`jzc_sessions_data` WHERE expiry < 1539509057

SELECT userid, adminid, user_name, user_rank, discount, email, data, expiry FROM `vlusi_jzc`.`jzc_sessions` WHERE sesskey = '1123d1d6275ce5cd65ff9b60c85406c3'

SELECT code, value FROM `vlusi_jzc`.`jzc_shop_config` WHERE parent_id > 0

SELECT COUNT(*) FROM `vlusi_jzc`.`jzc_order_info` WHERE add_time >= '1539482057'

SELECT COUNT(*) FROM `vlusi_jzc`.`jzc_order_info` WHERE pay_time >= 1539482057

UPDATE `vlusi_jzc`.`jzc_sessions` SET expiry = '1539511037', ip = '0.0.0.0', userid = '0', adminid = '1', user_name='0', user_rank='0', discount='0', email='0', data = 'a:3:{s:10:\"admin_name\";s:5:\"admin\";s:11:\"action_list\";s:3:\"all\";s:10:\"last_check\";i:1539482237;}' WHERE sesskey = '1123d1d6275ce5cd65ff9b60c85406c3' LIMIT 1

DELETE FROM `vlusi_jzc`.`jzc_sessions_data` WHERE expiry < 1539509237

INSERT INTO `vlusi_jzc`.`jzc_sessions` (sesskey, expiry, ip, data) VALUES ('4bea4d76355212b09ca9115b2c1a6d00', '1539511037', '127.0.0.1', 'a:0:{}')

SELECT code, value FROM `vlusi_jzc`.`jzc_shop_config` WHERE parent_id > 0

UPDATE `vlusi_jzc`.`jzc_sessions` SET expiry = '1539511037', ip = '127.0.0.1', userid = '0', adminid = '0', user_name='0', user_rank='0', discount='0', email='0', data = 'a:0:{}' WHERE sesskey = '4bea4d76355212b09ca9115b2c1a6d00' LIMIT 1

SELECT userid, adminid, user_name, user_rank, discount, email, data, expiry FROM `vlusi_jzc`.`jzc_sessions` WHERE sesskey = '1123d1d6275ce5cd65ff9b60c85406c3'

SELECT code, value FROM `vlusi_jzc`.`jzc_shop_config` WHERE parent_id > 0

SELECT COUNT(*) FROM `vlusi_jzc`.`jzc_order_info` WHERE add_time >= '1539482237'

SELECT COUNT(*) FROM `vlusi_jzc`.`jzc_order_info` WHERE pay_time >= 1539482237

UPDATE `vlusi_jzc`.`jzc_sessions` SET expiry = '1539511217', ip = '0.0.0.0', userid = '0', adminid = '1', user_name='0', user_rank='0', discount='0', email='0', data = 'a:3:{s:10:\"admin_name\";s:5:\"admin\";s:11:\"action_list\";s:3:\"all\";s:10:\"last_check\";i:1539482417;}' WHERE sesskey = '1123d1d6275ce5cd65ff9b60c85406c3' LIMIT 1

DELETE FROM `vlusi_jzc`.`jzc_sessions_data` WHERE expiry < 1539509417

SELECT userid, adminid, user_name, user_rank, discount, email, data, expiry FROM `vlusi_jzc`.`jzc_sessions` WHERE sesskey = '1123d1d6275ce5cd65ff9b60c85406c3'

SELECT code, value FROM `vlusi_jzc`.`jzc_shop_config` WHERE parent_id > 0

SELECT COUNT(*) FROM `vlusi_jzc`.`jzc_order_info` WHERE add_time >= '1539482417'

SELECT COUNT(*) FROM `vlusi_jzc`.`jzc_order_info` WHERE pay_time >= 1539482417

UPDATE `vlusi_jzc`.`jzc_sessions` SET expiry = '1539511397', ip = '0.0.0.0', userid = '0', adminid = '1', user_name='0', user_rank='0', discount='0', email='0', data = 'a:3:{s:10:\"admin_name\";s:5:\"admin\";s:11:\"action_list\";s:3:\"all\";s:10:\"last_check\";i:1539482597;}' WHERE sesskey = '1123d1d6275ce5cd65ff9b60c85406c3' LIMIT 1

DELETE FROM `vlusi_jzc`.`jzc_sessions_data` WHERE expiry < 1539509597

SELECT userid, adminid, user_name, user_rank, discount, email, data, expiry FROM `vlusi_jzc`.`jzc_sessions` WHERE sesskey = '1123d1d6275ce5cd65ff9b60c85406c3'

SELECT code, value FROM `vlusi_jzc`.`jzc_shop_config` WHERE parent_id > 0

SELECT COUNT(*) FROM `vlusi_jzc`.`jzc_order_info` WHERE add_time >= '1539482597'

SELECT COUNT(*) FROM `vlusi_jzc`.`jzc_order_info` WHERE pay_time >= 1539482597

UPDATE `vlusi_jzc`.`jzc_sessions` SET expiry = '1539511577', ip = '0.0.0.0', userid = '0', adminid = '1', user_name='0', user_rank='0', discount='0', email='0', data = 'a:3:{s:10:\"admin_name\";s:5:\"admin\";s:11:\"action_list\";s:3:\"all\";s:10:\"last_check\";i:1539482777;}' WHERE sesskey = '1123d1d6275ce5cd65ff9b60c85406c3' LIMIT 1

DELETE FROM `vlusi_jzc`.`jzc_sessions_data` WHERE expiry < 1539509777

SELECT userid, adminid, user_name, user_rank, discount, email, data, expiry FROM `vlusi_jzc`.`jzc_sessions` WHERE sesskey = '1123d1d6275ce5cd65ff9b60c85406c3'

SELECT code, value FROM `vlusi_jzc`.`jzc_shop_config` WHERE parent_id > 0

SELECT COUNT(*) FROM `vlusi_jzc`.`jzc_order_info` WHERE add_time >= '1539482777'

SELECT COUNT(*) FROM `vlusi_jzc`.`jzc_order_info` WHERE pay_time >= 1539482777

UPDATE `vlusi_jzc`.`jzc_sessions` SET expiry = '1539511757', ip = '0.0.0.0', userid = '0', adminid = '1', user_name='0', user_rank='0', discount='0', email='0', data = 'a:3:{s:10:\"admin_name\";s:5:\"admin\";s:11:\"action_list\";s:3:\"all\";s:10:\"last_check\";i:1539482957;}' WHERE sesskey = '1123d1d6275ce5cd65ff9b60c85406c3' LIMIT 1

DELETE FROM `vlusi_jzc`.`jzc_sessions_data` WHERE expiry < 1539509957

SELECT userid, adminid, user_name, user_rank, discount, email, data, expiry FROM `vlusi_jzc`.`jzc_sessions` WHERE sesskey = '1123d1d6275ce5cd65ff9b60c85406c3'

SELECT code, value FROM `vlusi_jzc`.`jzc_shop_config` WHERE parent_id > 0

SELECT COUNT(*) FROM `vlusi_jzc`.`jzc_order_info` WHERE add_time >= '1539482957'

SELECT COUNT(*) FROM `vlusi_jzc`.`jzc_order_info` WHERE pay_time >= 1539482957

UPDATE `vlusi_jzc`.`jzc_sessions` SET expiry = '1539511937', ip = '0.0.0.0', userid = '0', adminid = '1', user_name='0', user_rank='0', discount='0', email='0', data = 'a:3:{s:10:\"admin_name\";s:5:\"admin\";s:11:\"action_list\";s:3:\"all\";s:10:\"last_check\";i:1539483137;}' WHERE sesskey = '1123d1d6275ce5cd65ff9b60c85406c3' LIMIT 1

SELECT userid, adminid, user_name, user_rank, discount, email, data, expiry FROM `vlusi_jzc`.`jzc_sessions` WHERE sesskey = '1123d1d6275ce5cd65ff9b60c85406c3'

SELECT code, value FROM `vlusi_jzc`.`jzc_shop_config` WHERE parent_id > 0

SELECT COUNT(*) FROM `vlusi_jzc`.`jzc_order_info` WHERE add_time >= '1539483137'

SELECT COUNT(*) FROM `vlusi_jzc`.`jzc_order_info` WHERE pay_time >= 1539483137

UPDATE `vlusi_jzc`.`jzc_sessions` SET expiry = '1539512117', ip = '0.0.0.0', userid = '0', adminid = '1', user_name='0', user_rank='0', discount='0', email='0', data = 'a:3:{s:10:\"admin_name\";s:5:\"admin\";s:11:\"action_list\";s:3:\"all\";s:10:\"last_check\";i:1539483317;}' WHERE sesskey = '1123d1d6275ce5cd65ff9b60c85406c3' LIMIT 1

SELECT userid, adminid, user_name, user_rank, discount, email, data, expiry FROM `vlusi_jzc`.`jzc_sessions` WHERE sesskey = '1123d1d6275ce5cd65ff9b60c85406c3'

SELECT code, value FROM `vlusi_jzc`.`jzc_shop_config` WHERE parent_id > 0

SELECT COUNT(*) FROM `vlusi_jzc`.`jzc_order_info` WHERE add_time >= '1539483317'

SELECT COUNT(*) FROM `vlusi_jzc`.`jzc_order_info` WHERE pay_time >= 1539483317

UPDATE `vlusi_jzc`.`jzc_sessions` SET expiry = '1539512297', ip = '0.0.0.0', userid = '0', adminid = '1', user_name='0', user_rank='0', discount='0', email='0', data = 'a:3:{s:10:\"admin_name\";s:5:\"admin\";s:11:\"action_list\";s:3:\"all\";s:10:\"last_check\";i:1539483497;}' WHERE sesskey = '1123d1d6275ce5cd65ff9b60c85406c3' LIMIT 1

SELECT userid, adminid, user_name, user_rank, discount, email, data, expiry FROM `vlusi_jzc`.`jzc_sessions` WHERE sesskey = '1123d1d6275ce5cd65ff9b60c85406c3'

SELECT code, value FROM `vlusi_jzc`.`jzc_shop_config` WHERE parent_id > 0

SELECT COUNT(*) FROM `vlusi_jzc`.`jzc_order_info` WHERE add_time >= '1539483497'

SELECT COUNT(*) FROM `vlusi_jzc`.`jzc_order_info` WHERE pay_time >= 1539483497

UPDATE `vlusi_jzc`.`jzc_sessions` SET expiry = '1539512477', ip = '0.0.0.0', userid = '0', adminid = '1', user_name='0', user_rank='0', discount='0', email='0', data = 'a:3:{s:10:\"admin_name\";s:5:\"admin\";s:11:\"action_list\";s:3:\"all\";s:10:\"last_check\";i:1539483677;}' WHERE sesskey = '1123d1d6275ce5cd65ff9b60c85406c3' LIMIT 1

SELECT userid, adminid, user_name, user_rank, discount, email, data, expiry FROM `vlusi_jzc`.`jzc_sessions` WHERE sesskey = '1123d1d6275ce5cd65ff9b60c85406c3'

SELECT code, value FROM `vlusi_jzc`.`jzc_shop_config` WHERE parent_id > 0

SELECT COUNT(*) FROM `vlusi_jzc`.`jzc_order_info` WHERE add_time >= '1539483677'

SELECT COUNT(*) FROM `vlusi_jzc`.`jzc_order_info` WHERE pay_time >= 1539483677

UPDATE `vlusi_jzc`.`jzc_sessions` SET expiry = '1539512657', ip = '0.0.0.0', userid = '0', adminid = '1', user_name='0', user_rank='0', discount='0', email='0', data = 'a:3:{s:10:\"admin_name\";s:5:\"admin\";s:11:\"action_list\";s:3:\"all\";s:10:\"last_check\";i:1539483857;}' WHERE sesskey = '1123d1d6275ce5cd65ff9b60c85406c3' LIMIT 1

SELECT userid, adminid, user_name, user_rank, discount, email, data, expiry FROM `vlusi_jzc`.`jzc_sessions` WHERE sesskey = '1123d1d6275ce5cd65ff9b60c85406c3'

SELECT code, value FROM `vlusi_jzc`.`jzc_shop_config` WHERE parent_id > 0

SELECT COUNT(*) FROM `vlusi_jzc`.`jzc_order_info` WHERE add_time >= '1539483857'

SELECT COUNT(*) FROM `vlusi_jzc`.`jzc_order_info` WHERE pay_time >= 1539483857

UPDATE `vlusi_jzc`.`jzc_sessions` SET expiry = '1539512837', ip = '0.0.0.0', userid = '0', adminid = '1', user_name='0', user_rank='0', discount='0', email='0', data = 'a:3:{s:10:\"admin_name\";s:5:\"admin\";s:11:\"action_list\";s:3:\"all\";s:10:\"last_check\";i:1539484037;}' WHERE sesskey = '1123d1d6275ce5cd65ff9b60c85406c3' LIMIT 1

DELETE FROM `vlusi_jzc`.`jzc_sessions_data` WHERE expiry < 1539511037

SELECT userid, adminid, user_name, user_rank, discount, email, data, expiry FROM `vlusi_jzc`.`jzc_sessions` WHERE sesskey = '1123d1d6275ce5cd65ff9b60c85406c3'

SELECT code, value FROM `vlusi_jzc`.`jzc_shop_config` WHERE parent_id > 0

SELECT COUNT(*) FROM `vlusi_jzc`.`jzc_order_info` WHERE add_time >= '1539484037'

SELECT COUNT(*) FROM `vlusi_jzc`.`jzc_order_info` WHERE pay_time >= 1539484037

UPDATE `vlusi_jzc`.`jzc_sessions` SET expiry = '1539513017', ip = '0.0.0.0', userid = '0', adminid = '1', user_name='0', user_rank='0', discount='0', email='0', data = 'a:3:{s:10:\"admin_name\";s:5:\"admin\";s:11:\"action_list\";s:3:\"all\";s:10:\"last_check\";i:1539484217;}' WHERE sesskey = '1123d1d6275ce5cd65ff9b60c85406c3' LIMIT 1

SELECT userid, adminid, user_name, user_rank, discount, email, data, expiry FROM `vlusi_jzc`.`jzc_sessions` WHERE sesskey = '1123d1d6275ce5cd65ff9b60c85406c3'

INSERT INTO `vlusi_jzc`.`jzc_sessions` (sesskey, expiry, ip, data) VALUES ('1123d1d6275ce5cd65ff9b60c85406c3', '1539517688', '0.0.0.0', 'a:0:{}')

SELECT code, value FROM `vlusi_jzc`.`jzc_shop_config` WHERE parent_id > 0

UPDATE `vlusi_jzc`.`jzc_sessions` SET expiry = '1539517689', ip = '0.0.0.0', userid = '0', adminid = '0', user_name='0', user_rank='0', discount='0', email='0', data = 'a:1:{s:10:\"last_check\";i:1539488889;}' WHERE sesskey = '1123d1d6275ce5cd65ff9b60c85406c3' LIMIT 1

DELETE FROM `vlusi_jzc`.`jzc_sessions_data` WHERE expiry < 1539515889

SELECT userid, adminid, user_name, user_rank, discount, email, data, expiry FROM `vlusi_jzc`.`jzc_sessions` WHERE sesskey = '1123d1d6275ce5cd65ff9b60c85406c3'

SELECT code, value FROM `vlusi_jzc`.`jzc_shop_config` WHERE parent_id > 0

SELECT COUNT(*) FROM `vlusi_jzc`.`jzc_order_info` WHERE add_time >= '1539488889'

SELECT COUNT(*) FROM `vlusi_jzc`.`jzc_order_info` WHERE pay_time >= 1539488889

UPDATE `vlusi_jzc`.`jzc_sessions` SET expiry = '1539517868', ip = '0.0.0.0', userid = '0', adminid = '0', user_name='0', user_rank='0', discount='0', email='0', data = 'a:1:{s:10:\"last_check\";i:1539489068;}' WHERE sesskey = '1123d1d6275ce5cd65ff9b60c85406c3' LIMIT 1

DELETE FROM `vlusi_jzc`.`jzc_sessions` WHERE expiry < 1539516068

SELECT userid, adminid, user_name, user_rank, discount, email, data, expiry FROM `vlusi_jzc`.`jzc_sessions` WHERE sesskey = '1123d1d6275ce5cd65ff9b60c85406c3'

SELECT code, value FROM `vlusi_jzc`.`jzc_shop_config` WHERE parent_id > 0

SELECT COUNT(*) FROM `vlusi_jzc`.`jzc_order_info` WHERE add_time >= '1539489068'

SELECT COUNT(*) FROM `vlusi_jzc`.`jzc_order_info` WHERE pay_time >= 1539489068

UPDATE `vlusi_jzc`.`jzc_sessions` SET expiry = '1539518048', ip = '0.0.0.0', userid = '0', adminid = '0', user_name='0', user_rank='0', discount='0', email='0', data = 'a:1:{s:10:\"last_check\";i:1539489248;}' WHERE sesskey = '1123d1d6275ce5cd65ff9b60c85406c3' LIMIT 1

DELETE FROM `vlusi_jzc`.`jzc_sessions_data` WHERE expiry < 1539516248

DELETE FROM `vlusi_jzc`.`jzc_sessions` WHERE expiry < 1539516248

SELECT userid, adminid, user_name, user_rank, discount, email, data, expiry FROM `vlusi_jzc`.`jzc_sessions` WHERE sesskey = '1123d1d6275ce5cd65ff9b60c85406c3'

SELECT code, value FROM `vlusi_jzc`.`jzc_shop_config` WHERE parent_id > 0

SELECT COUNT(*) FROM `vlusi_jzc`.`jzc_order_info` WHERE add_time >= '1539489248'

SELECT COUNT(*) FROM `vlusi_jzc`.`jzc_order_info` WHERE pay_time >= 1539489248

UPDATE `vlusi_jzc`.`jzc_sessions` SET expiry = '1539518228', ip = '0.0.0.0', userid = '0', adminid = '0', user_name='0', user_rank='0', discount='0', email='0', data = 'a:1:{s:10:\"last_check\";i:1539489428;}' WHERE sesskey = '1123d1d6275ce5cd65ff9b60c85406c3' LIMIT 1

DELETE FROM `vlusi_jzc`.`jzc_sessions` WHERE expiry < 1539516428

SELECT userid, adminid, user_name, user_rank, discount, email, data, expiry FROM `vlusi_jzc`.`jzc_sessions` WHERE sesskey = '1123d1d6275ce5cd65ff9b60c85406c3'

SELECT code, value FROM `vlusi_jzc`.`jzc_shop_config` WHERE parent_id > 0

SELECT COUNT(*) FROM `vlusi_jzc`.`jzc_order_info` WHERE add_time >= '1539489428'

SELECT COUNT(*) FROM `vlusi_jzc`.`jzc_order_info` WHERE pay_time >= 1539489428

UPDATE `vlusi_jzc`.`jzc_sessions` SET expiry = '1539518408', ip = '0.0.0.0', userid = '0', adminid = '0', user_name='0', user_rank='0', discount='0', email='0', data = 'a:1:{s:10:\"last_check\";i:1539489608;}' WHERE sesskey = '1123d1d6275ce5cd65ff9b60c85406c3' LIMIT 1

DELETE FROM `vlusi_jzc`.`jzc_sessions` WHERE expiry < 1539516608

SELECT userid, adminid, user_name, user_rank, discount, email, data, expiry FROM `vlusi_jzc`.`jzc_sessions` WHERE sesskey = '1123d1d6275ce5cd65ff9b60c85406c3'

SELECT code, value FROM `vlusi_jzc`.`jzc_shop_config` WHERE parent_id > 0

SELECT COUNT(*) FROM `vlusi_jzc`.`jzc_order_info` WHERE add_time >= '1539489608'

SELECT COUNT(*) FROM `vlusi_jzc`.`jzc_order_info` WHERE pay_time >= 1539489608

UPDATE `vlusi_jzc`.`jzc_sessions` SET expiry = '1539518588', ip = '0.0.0.0', userid = '0', adminid = '0', user_name='0', user_rank='0', discount='0', email='0', data = 'a:1:{s:10:\"last_check\";i:1539489788;}' WHERE sesskey = '1123d1d6275ce5cd65ff9b60c85406c3' LIMIT 1

DELETE FROM `vlusi_jzc`.`jzc_sessions_data` WHERE expiry < 1539516788

DELETE FROM `vlusi_jzc`.`jzc_sessions` WHERE expiry < 1539516788

SELECT userid, adminid, user_name, user_rank, discount, email, data, expiry FROM `vlusi_jzc`.`jzc_sessions` WHERE sesskey = '1123d1d6275ce5cd65ff9b60c85406c3'

SELECT code, value FROM `vlusi_jzc`.`jzc_shop_config` WHERE parent_id > 0

SELECT COUNT(*) FROM `vlusi_jzc`.`jzc_order_info` WHERE add_time >= '1539489788'

SELECT COUNT(*) FROM `vlusi_jzc`.`jzc_order_info` WHERE pay_time >= 1539489788

UPDATE `vlusi_jzc`.`jzc_sessions` SET expiry = '1539518768', ip = '0.0.0.0', userid = '0', adminid = '0', user_name='0', user_rank='0', discount='0', email='0', data = 'a:1:{s:10:\"last_check\";i:1539489968;}' WHERE sesskey = '1123d1d6275ce5cd65ff9b60c85406c3' LIMIT 1

DELETE FROM `vlusi_jzc`.`jzc_sessions_data` WHERE expiry < 1539516968

DELETE FROM `vlusi_jzc`.`jzc_sessions` WHERE expiry < 1539516968

SELECT userid, adminid, user_name, user_rank, discount, email, data, expiry FROM `vlusi_jzc`.`jzc_sessions` WHERE sesskey = '1123d1d6275ce5cd65ff9b60c85406c3'

SELECT code, value FROM `vlusi_jzc`.`jzc_shop_config` WHERE parent_id > 0

SELECT COUNT(*) FROM `vlusi_jzc`.`jzc_order_info` WHERE add_time >= '1539489968'

SELECT COUNT(*) FROM `vlusi_jzc`.`jzc_order_info` WHERE pay_time >= 1539489968

UPDATE `vlusi_jzc`.`jzc_sessions` SET expiry = '1539518948', ip = '0.0.0.0', userid = '0', adminid = '0', user_name='0', user_rank='0', discount='0', email='0', data = 'a:1:{s:10:\"last_check\";i:1539490148;}' WHERE sesskey = '1123d1d6275ce5cd65ff9b60c85406c3' LIMIT 1

DELETE FROM `vlusi_jzc`.`jzc_sessions` WHERE expiry < 1539517148

SELECT userid, adminid, user_name, user_rank, discount, email, data, expiry FROM `vlusi_jzc`.`jzc_sessions` WHERE sesskey = '1123d1d6275ce5cd65ff9b60c85406c3'

SELECT code, value FROM `vlusi_jzc`.`jzc_shop_config` WHERE parent_id > 0

SELECT COUNT(*) FROM `vlusi_jzc`.`jzc_order_info` WHERE add_time >= '1539490148'

SELECT COUNT(*) FROM `vlusi_jzc`.`jzc_order_info` WHERE pay_time >= 1539490148

UPDATE `vlusi_jzc`.`jzc_sessions` SET expiry = '1539519128', ip = '0.0.0.0', userid = '0', adminid = '0', user_name='0', user_rank='0', discount='0', email='0', data = 'a:1:{s:10:\"last_check\";i:1539490328;}' WHERE sesskey = '1123d1d6275ce5cd65ff9b60c85406c3' LIMIT 1

DELETE FROM `vlusi_jzc`.`jzc_sessions` WHERE expiry < 1539517328

SELECT userid, adminid, user_name, user_rank, discount, email, data, expiry FROM `vlusi_jzc`.`jzc_sessions` WHERE sesskey = '1123d1d6275ce5cd65ff9b60c85406c3'

SELECT code, value FROM `vlusi_jzc`.`jzc_shop_config` WHERE parent_id > 0

SELECT COUNT(*) FROM `vlusi_jzc`.`jzc_order_info` WHERE add_time >= '1539490328'

SELECT COUNT(*) FROM `vlusi_jzc`.`jzc_order_info` WHERE pay_time >= 1539490328

UPDATE `vlusi_jzc`.`jzc_sessions` SET expiry = '1539519308', ip = '0.0.0.0', userid = '0', adminid = '0', user_name='0', user_rank='0', discount='0', email='0', data = 'a:1:{s:10:\"last_check\";i:1539490508;}' WHERE sesskey = '1123d1d6275ce5cd65ff9b60c85406c3' LIMIT 1

DELETE FROM `vlusi_jzc`.`jzc_sessions` WHERE expiry < 1539517508

SELECT userid, adminid, user_name, user_rank, discount, email, data, expiry FROM `vlusi_jzc`.`jzc_sessions` WHERE sesskey = '1123d1d6275ce5cd65ff9b60c85406c3'

SELECT code, value FROM `vlusi_jzc`.`jzc_shop_config` WHERE parent_id > 0

SELECT COUNT(*) FROM `vlusi_jzc`.`jzc_order_info` WHERE add_time >= '1539490508'

SELECT COUNT(*) FROM `vlusi_jzc`.`jzc_order_info` WHERE pay_time >= 1539490508

UPDATE `vlusi_jzc`.`jzc_sessions` SET expiry = '1539519488', ip = '0.0.0.0', userid = '0', adminid = '0', user_name='0', user_rank='0', discount='0', email='0', data = 'a:1:{s:10:\"last_check\";i:1539490688;}' WHERE sesskey = '1123d1d6275ce5cd65ff9b60c85406c3' LIMIT 1

DELETE FROM `vlusi_jzc`.`jzc_sessions` WHERE expiry < 1539517688

