SELECT userid, adminid, user_name, user_rank, discount, email, data, expiry FROM `vlusi_jzc`.`jzc_sessions` WHERE sesskey = '27d75751680e126d826c5b1d6ea0b028'

SELECT data, expiry FROM `vlusi_jzc`.`jzc_sessions_data` WHERE sesskey = '27d75751680e126d826c5b1d6ea0b028'

SELECT code, value FROM `vlusi_jzc`.`jzc_shop_config` WHERE parent_id > 0

SELECT COUNT(*) FROM `vlusi_jzc`.`jzc_order_info` WHERE add_time >= '1540071059'

SELECT COUNT(*) FROM `vlusi_jzc`.`jzc_order_info` WHERE pay_time >= 1540071059

DESC `vlusi_jzc`.`jzc_sessions_data`

INSERT INTO `vlusi_jzc`.`jzc_sessions_data` (sesskey, expiry, data) VALUES ('27d75751680e126d826c5b1d6ea0b028', '1540208570', 'a:4:{s:10:\"admin_name\";s:5:\"admin\";s:11:\"action_list\";s:3:\"all\";s:10:\"last_check\";i:1540179770;s:9:\"user_list\";a:1:{i:0;a:12:{s:7:\"user_id\";s:1:\"1\";s:9:\"user_name\";s:4:\"haha\";s:3:\"sex\";s:1:\"0\";s:8:\"birthday\";s:10:\"1958-01-01\";s:12:\"mobile_phone\";s:11:\"15601590617\";s:5:\"email\";s:19:\"15601590617@163.com\";s:12:\"is_validated\";s:1:\"0\";s:10:\"user_money\";s:6:\"390.00\";s:12:\"frozen_money\";s:4:\"0.00\";s:11:\"rank_points\";s:1:\"0\";s:10:\"pay_points\";s:1:\"0\";s:8:\"reg_time\";s:10:\"2018-10-07\";}}}')ON DUPLICATE KEY UPDATE expiry = expiry + 1540208570, data = 'a:4:{s:10:\"admin_name\";s:5:\"admin\";s:11:\"action_list\";s:3:\"all\";s:10:\"last_check\";i:1540179770;s:9:\"user_list\";a:1:{i:0;a:12:{s:7:\"user_id\";s:1:\"1\";s:9:\"user_name\";s:4:\"haha\";s:3:\"sex\";s:1:\"0\";s:8:\"birthday\";s:10:\"1958-01-01\";s:12:\"mobile_phone\";s:11:\"15601590617\";s:5:\"email\";s:19:\"15601590617@163.com\";s:12:\"is_validated\";s:1:\"0\";s:10:\"user_money\";s:6:\"390.00\";s:12:\"frozen_money\";s:4:\"0.00\";s:11:\"rank_points\";s:1:\"0\";s:10:\"pay_points\";s:1:\"0\";s:8:\"reg_time\";s:10:\"2018-10-07\";}}}'

UPDATE `vlusi_jzc`.`jzc_sessions` SET expiry = '1540208570', ip = '0.0.0.0', userid = '0', adminid = '1', user_name='0', user_rank='0', discount='0', email='0', data = '' WHERE sesskey = '27d75751680e126d826c5b1d6ea0b028' LIMIT 1

DELETE FROM `vlusi_jzc`.`jzc_sessions` WHERE expiry < 1540206770

SELECT userid, adminid, user_name, user_rank, discount, email, data, expiry FROM `vlusi_jzc`.`jzc_sessions` WHERE sesskey = '27d75751680e126d826c5b1d6ea0b028'

SELECT data, expiry FROM `vlusi_jzc`.`jzc_sessions_data` WHERE sesskey = '27d75751680e126d826c5b1d6ea0b028'

SELECT code, value FROM `vlusi_jzc`.`jzc_shop_config` WHERE parent_id > 0

SELECT COUNT(*) FROM `vlusi_jzc`.`jzc_order_info` WHERE add_time >= '1540179770'

SELECT COUNT(*) FROM `vlusi_jzc`.`jzc_order_info` WHERE pay_time >= 1540179770

DESC `vlusi_jzc`.`jzc_sessions_data`

INSERT INTO `vlusi_jzc`.`jzc_sessions_data` (sesskey, expiry, data) VALUES ('27d75751680e126d826c5b1d6ea0b028', '1540208749', 'a:4:{s:10:\"admin_name\";s:5:\"admin\";s:11:\"action_list\";s:3:\"all\";s:10:\"last_check\";i:1540179949;s:9:\"user_list\";a:1:{i:0;a:12:{s:7:\"user_id\";s:1:\"1\";s:9:\"user_name\";s:4:\"haha\";s:3:\"sex\";s:1:\"0\";s:8:\"birthday\";s:10:\"1958-01-01\";s:12:\"mobile_phone\";s:11:\"15601590617\";s:5:\"email\";s:19:\"15601590617@163.com\";s:12:\"is_validated\";s:1:\"0\";s:10:\"user_money\";s:6:\"390.00\";s:12:\"frozen_money\";s:4:\"0.00\";s:11:\"rank_points\";s:1:\"0\";s:10:\"pay_points\";s:1:\"0\";s:8:\"reg_time\";s:10:\"2018-10-07\";}}}')ON DUPLICATE KEY UPDATE expiry = expiry + 1540208749, data = 'a:4:{s:10:\"admin_name\";s:5:\"admin\";s:11:\"action_list\";s:3:\"all\";s:10:\"last_check\";i:1540179949;s:9:\"user_list\";a:1:{i:0;a:12:{s:7:\"user_id\";s:1:\"1\";s:9:\"user_name\";s:4:\"haha\";s:3:\"sex\";s:1:\"0\";s:8:\"birthday\";s:10:\"1958-01-01\";s:12:\"mobile_phone\";s:11:\"15601590617\";s:5:\"email\";s:19:\"15601590617@163.com\";s:12:\"is_validated\";s:1:\"0\";s:10:\"user_money\";s:6:\"390.00\";s:12:\"frozen_money\";s:4:\"0.00\";s:11:\"rank_points\";s:1:\"0\";s:10:\"pay_points\";s:1:\"0\";s:8:\"reg_time\";s:10:\"2018-10-07\";}}}'

UPDATE `vlusi_jzc`.`jzc_sessions` SET expiry = '1540208749', ip = '0.0.0.0', userid = '0', adminid = '1', user_name='0', user_rank='0', discount='0', email='0', data = '' WHERE sesskey = '27d75751680e126d826c5b1d6ea0b028' LIMIT 1

DELETE FROM `vlusi_jzc`.`jzc_sessions_data` WHERE expiry < 1540206949

SELECT userid, adminid, user_name, user_rank, discount, email, data, expiry FROM `vlusi_jzc`.`jzc_sessions` WHERE sesskey = '27d75751680e126d826c5b1d6ea0b028'

SELECT data, expiry FROM `vlusi_jzc`.`jzc_sessions_data` WHERE sesskey = '27d75751680e126d826c5b1d6ea0b028'

SELECT code, value FROM `vlusi_jzc`.`jzc_shop_config` WHERE parent_id > 0

SELECT COUNT(*) FROM `vlusi_jzc`.`jzc_order_info` WHERE add_time >= '1540179949'

SELECT COUNT(*) FROM `vlusi_jzc`.`jzc_order_info` WHERE pay_time >= 1540179949

DESC `vlusi_jzc`.`jzc_sessions_data`

INSERT INTO `vlusi_jzc`.`jzc_sessions_data` (sesskey, expiry, data) VALUES ('27d75751680e126d826c5b1d6ea0b028', '1540208929', 'a:4:{s:10:\"admin_name\";s:5:\"admin\";s:11:\"action_list\";s:3:\"all\";s:10:\"last_check\";i:1540180129;s:9:\"user_list\";a:1:{i:0;a:12:{s:7:\"user_id\";s:1:\"1\";s:9:\"user_name\";s:4:\"haha\";s:3:\"sex\";s:1:\"0\";s:8:\"birthday\";s:10:\"1958-01-01\";s:12:\"mobile_phone\";s:11:\"15601590617\";s:5:\"email\";s:19:\"15601590617@163.com\";s:12:\"is_validated\";s:1:\"0\";s:10:\"user_money\";s:6:\"390.00\";s:12:\"frozen_money\";s:4:\"0.00\";s:11:\"rank_points\";s:1:\"0\";s:10:\"pay_points\";s:1:\"0\";s:8:\"reg_time\";s:10:\"2018-10-07\";}}}')ON DUPLICATE KEY UPDATE expiry = expiry + 1540208929, data = 'a:4:{s:10:\"admin_name\";s:5:\"admin\";s:11:\"action_list\";s:3:\"all\";s:10:\"last_check\";i:1540180129;s:9:\"user_list\";a:1:{i:0;a:12:{s:7:\"user_id\";s:1:\"1\";s:9:\"user_name\";s:4:\"haha\";s:3:\"sex\";s:1:\"0\";s:8:\"birthday\";s:10:\"1958-01-01\";s:12:\"mobile_phone\";s:11:\"15601590617\";s:5:\"email\";s:19:\"15601590617@163.com\";s:12:\"is_validated\";s:1:\"0\";s:10:\"user_money\";s:6:\"390.00\";s:12:\"frozen_money\";s:4:\"0.00\";s:11:\"rank_points\";s:1:\"0\";s:10:\"pay_points\";s:1:\"0\";s:8:\"reg_time\";s:10:\"2018-10-07\";}}}'

UPDATE `vlusi_jzc`.`jzc_sessions` SET expiry = '1540208929', ip = '0.0.0.0', userid = '0', adminid = '1', user_name='0', user_rank='0', discount='0', email='0', data = '' WHERE sesskey = '27d75751680e126d826c5b1d6ea0b028' LIMIT 1

SELECT userid, adminid, user_name, user_rank, discount, email, data, expiry FROM `vlusi_jzc`.`jzc_sessions` WHERE sesskey = '27d75751680e126d826c5b1d6ea0b028'

SELECT data, expiry FROM `vlusi_jzc`.`jzc_sessions_data` WHERE sesskey = '27d75751680e126d826c5b1d6ea0b028'

SELECT code, value FROM `vlusi_jzc`.`jzc_shop_config` WHERE parent_id > 0

SELECT COUNT(*) FROM `vlusi_jzc`.`jzc_order_info` WHERE add_time >= '1540180129'

SELECT COUNT(*) FROM `vlusi_jzc`.`jzc_order_info` WHERE pay_time >= 1540180129

DESC `vlusi_jzc`.`jzc_sessions_data`

INSERT INTO `vlusi_jzc`.`jzc_sessions_data` (sesskey, expiry, data) VALUES ('27d75751680e126d826c5b1d6ea0b028', '1540209109', 'a:4:{s:10:\"admin_name\";s:5:\"admin\";s:11:\"action_list\";s:3:\"all\";s:10:\"last_check\";i:1540180309;s:9:\"user_list\";a:1:{i:0;a:12:{s:7:\"user_id\";s:1:\"1\";s:9:\"user_name\";s:4:\"haha\";s:3:\"sex\";s:1:\"0\";s:8:\"birthday\";s:10:\"1958-01-01\";s:12:\"mobile_phone\";s:11:\"15601590617\";s:5:\"email\";s:19:\"15601590617@163.com\";s:12:\"is_validated\";s:1:\"0\";s:10:\"user_money\";s:6:\"390.00\";s:12:\"frozen_money\";s:4:\"0.00\";s:11:\"rank_points\";s:1:\"0\";s:10:\"pay_points\";s:1:\"0\";s:8:\"reg_time\";s:10:\"2018-10-07\";}}}')ON DUPLICATE KEY UPDATE expiry = expiry + 1540209109, data = 'a:4:{s:10:\"admin_name\";s:5:\"admin\";s:11:\"action_list\";s:3:\"all\";s:10:\"last_check\";i:1540180309;s:9:\"user_list\";a:1:{i:0;a:12:{s:7:\"user_id\";s:1:\"1\";s:9:\"user_name\";s:4:\"haha\";s:3:\"sex\";s:1:\"0\";s:8:\"birthday\";s:10:\"1958-01-01\";s:12:\"mobile_phone\";s:11:\"15601590617\";s:5:\"email\";s:19:\"15601590617@163.com\";s:12:\"is_validated\";s:1:\"0\";s:10:\"user_money\";s:6:\"390.00\";s:12:\"frozen_money\";s:4:\"0.00\";s:11:\"rank_points\";s:1:\"0\";s:10:\"pay_points\";s:1:\"0\";s:8:\"reg_time\";s:10:\"2018-10-07\";}}}'

UPDATE `vlusi_jzc`.`jzc_sessions` SET expiry = '1540209109', ip = '0.0.0.0', userid = '0', adminid = '1', user_name='0', user_rank='0', discount='0', email='0', data = '' WHERE sesskey = '27d75751680e126d826c5b1d6ea0b028' LIMIT 1

SELECT userid, adminid, user_name, user_rank, discount, email, data, expiry FROM `vlusi_jzc`.`jzc_sessions` WHERE sesskey = '27d75751680e126d826c5b1d6ea0b028'

SELECT data, expiry FROM `vlusi_jzc`.`jzc_sessions_data` WHERE sesskey = '27d75751680e126d826c5b1d6ea0b028'

SELECT code, value FROM `vlusi_jzc`.`jzc_shop_config` WHERE parent_id > 0

SELECT COUNT(*) FROM `vlusi_jzc`.`jzc_order_info` WHERE add_time >= '1540180309'

SELECT COUNT(*) FROM `vlusi_jzc`.`jzc_order_info` WHERE pay_time >= 1540180309

DESC `vlusi_jzc`.`jzc_sessions_data`

INSERT INTO `vlusi_jzc`.`jzc_sessions_data` (sesskey, expiry, data) VALUES ('27d75751680e126d826c5b1d6ea0b028', '1540209289', 'a:4:{s:10:\"admin_name\";s:5:\"admin\";s:11:\"action_list\";s:3:\"all\";s:10:\"last_check\";i:1540180489;s:9:\"user_list\";a:1:{i:0;a:12:{s:7:\"user_id\";s:1:\"1\";s:9:\"user_name\";s:4:\"haha\";s:3:\"sex\";s:1:\"0\";s:8:\"birthday\";s:10:\"1958-01-01\";s:12:\"mobile_phone\";s:11:\"15601590617\";s:5:\"email\";s:19:\"15601590617@163.com\";s:12:\"is_validated\";s:1:\"0\";s:10:\"user_money\";s:6:\"390.00\";s:12:\"frozen_money\";s:4:\"0.00\";s:11:\"rank_points\";s:1:\"0\";s:10:\"pay_points\";s:1:\"0\";s:8:\"reg_time\";s:10:\"2018-10-07\";}}}')ON DUPLICATE KEY UPDATE expiry = expiry + 1540209289, data = 'a:4:{s:10:\"admin_name\";s:5:\"admin\";s:11:\"action_list\";s:3:\"all\";s:10:\"last_check\";i:1540180489;s:9:\"user_list\";a:1:{i:0;a:12:{s:7:\"user_id\";s:1:\"1\";s:9:\"user_name\";s:4:\"haha\";s:3:\"sex\";s:1:\"0\";s:8:\"birthday\";s:10:\"1958-01-01\";s:12:\"mobile_phone\";s:11:\"15601590617\";s:5:\"email\";s:19:\"15601590617@163.com\";s:12:\"is_validated\";s:1:\"0\";s:10:\"user_money\";s:6:\"390.00\";s:12:\"frozen_money\";s:4:\"0.00\";s:11:\"rank_points\";s:1:\"0\";s:10:\"pay_points\";s:1:\"0\";s:8:\"reg_time\";s:10:\"2018-10-07\";}}}'

UPDATE `vlusi_jzc`.`jzc_sessions` SET expiry = '1540209289', ip = '0.0.0.0', userid = '0', adminid = '1', user_name='0', user_rank='0', discount='0', email='0', data = '' WHERE sesskey = '27d75751680e126d826c5b1d6ea0b028' LIMIT 1

DELETE FROM `vlusi_jzc`.`jzc_sessions_data` WHERE expiry < 1540207489

SELECT userid, adminid, user_name, user_rank, discount, email, data, expiry FROM `vlusi_jzc`.`jzc_sessions` WHERE sesskey = '27d75751680e126d826c5b1d6ea0b028'

SELECT data, expiry FROM `vlusi_jzc`.`jzc_sessions_data` WHERE sesskey = '27d75751680e126d826c5b1d6ea0b028'

SELECT code, value FROM `vlusi_jzc`.`jzc_shop_config` WHERE parent_id > 0

SELECT agency_id FROM `vlusi_jzc`.`jzc_admin_user` WHERE user_id = '1'

SELECT COUNT(*) FROM `vlusi_jzc`.`jzc_order_info` AS o WHERE 1 

SELECT o.order_id, o.order_sn, o.kuaidi_name, o.kuaidi_sn, o.add_time, o.order_status, o.shipping_status, o.order_amount, o.money_paid,o.pay_status, o.consignee, o.address, o.email, o.tel, o.extension_code, o.extension_id, (   o.goods_amount + o.tax + o.shipping_fee + o.insure_fee + o.pay_fee + o.pack_fee + o.card_fee ) AS total_fee, IFNULL(u.user_name, '匿名用户') AS buyer  FROM `vlusi_jzc`.`jzc_order_info` AS o  LEFT JOIN `vlusi_jzc`.`jzc_users` AS u ON u.user_id=o.user_id WHERE 1  ORDER BY add_time DESC  LIMIT 0,15

DELETE FROM `vlusi_jzc`.`jzc_sessions_data` WHERE expiry < 1540207523

SELECT userid, adminid, user_name, user_rank, discount, email, data, expiry FROM `vlusi_jzc`.`jzc_sessions` WHERE sesskey = '27d75751680e126d826c5b1d6ea0b028'

SELECT data, expiry FROM `vlusi_jzc`.`jzc_sessions_data` WHERE sesskey = '27d75751680e126d826c5b1d6ea0b028'

SELECT code, value FROM `vlusi_jzc`.`jzc_shop_config` WHERE parent_id > 0

SELECT COUNT(*) FROM `vlusi_jzc`.`jzc_order_info` WHERE add_time >= '1540180489'

SELECT COUNT(*) FROM `vlusi_jzc`.`jzc_order_info` WHERE pay_time >= 1540180489

DESC `vlusi_jzc`.`jzc_sessions_data`

INSERT INTO `vlusi_jzc`.`jzc_sessions_data` (sesskey, expiry, data) VALUES ('27d75751680e126d826c5b1d6ea0b028', '1540209503', 'a:4:{s:10:\"admin_name\";s:5:\"admin\";s:11:\"action_list\";s:3:\"all\";s:10:\"last_check\";i:1540180703;s:9:\"user_list\";a:1:{i:0;a:12:{s:7:\"user_id\";s:1:\"1\";s:9:\"user_name\";s:4:\"haha\";s:3:\"sex\";s:1:\"0\";s:8:\"birthday\";s:10:\"1958-01-01\";s:12:\"mobile_phone\";s:11:\"15601590617\";s:5:\"email\";s:19:\"15601590617@163.com\";s:12:\"is_validated\";s:1:\"0\";s:10:\"user_money\";s:6:\"390.00\";s:12:\"frozen_money\";s:4:\"0.00\";s:11:\"rank_points\";s:1:\"0\";s:10:\"pay_points\";s:1:\"0\";s:8:\"reg_time\";s:10:\"2018-10-07\";}}}')ON DUPLICATE KEY UPDATE expiry = expiry + 1540209503, data = 'a:4:{s:10:\"admin_name\";s:5:\"admin\";s:11:\"action_list\";s:3:\"all\";s:10:\"last_check\";i:1540180703;s:9:\"user_list\";a:1:{i:0;a:12:{s:7:\"user_id\";s:1:\"1\";s:9:\"user_name\";s:4:\"haha\";s:3:\"sex\";s:1:\"0\";s:8:\"birthday\";s:10:\"1958-01-01\";s:12:\"mobile_phone\";s:11:\"15601590617\";s:5:\"email\";s:19:\"15601590617@163.com\";s:12:\"is_validated\";s:1:\"0\";s:10:\"user_money\";s:6:\"390.00\";s:12:\"frozen_money\";s:4:\"0.00\";s:11:\"rank_points\";s:1:\"0\";s:10:\"pay_points\";s:1:\"0\";s:8:\"reg_time\";s:10:\"2018-10-07\";}}}'

UPDATE `vlusi_jzc`.`jzc_sessions` SET expiry = '1540209503', ip = '0.0.0.0', userid = '0', adminid = '1', user_name='0', user_rank='0', discount='0', email='0', data = '' WHERE sesskey = '27d75751680e126d826c5b1d6ea0b028' LIMIT 1

SELECT userid, adminid, user_name, user_rank, discount, email, data, expiry FROM `vlusi_jzc`.`jzc_sessions` WHERE sesskey = '27d75751680e126d826c5b1d6ea0b028'

SELECT data, expiry FROM `vlusi_jzc`.`jzc_sessions_data` WHERE sesskey = '27d75751680e126d826c5b1d6ea0b028'

SELECT code, value FROM `vlusi_jzc`.`jzc_shop_config` WHERE parent_id > 0

SELECT COUNT(*) FROM `vlusi_jzc`.`jzc_order_info` WHERE add_time >= '1540180703'

SELECT COUNT(*) FROM `vlusi_jzc`.`jzc_order_info` WHERE pay_time >= 1540180703

DESC `vlusi_jzc`.`jzc_sessions_data`

INSERT INTO `vlusi_jzc`.`jzc_sessions_data` (sesskey, expiry, data) VALUES ('27d75751680e126d826c5b1d6ea0b028', '1540209683', 'a:4:{s:10:\"admin_name\";s:5:\"admin\";s:11:\"action_list\";s:3:\"all\";s:10:\"last_check\";i:1540180883;s:9:\"user_list\";a:1:{i:0;a:12:{s:7:\"user_id\";s:1:\"1\";s:9:\"user_name\";s:4:\"haha\";s:3:\"sex\";s:1:\"0\";s:8:\"birthday\";s:10:\"1958-01-01\";s:12:\"mobile_phone\";s:11:\"15601590617\";s:5:\"email\";s:19:\"15601590617@163.com\";s:12:\"is_validated\";s:1:\"0\";s:10:\"user_money\";s:6:\"390.00\";s:12:\"frozen_money\";s:4:\"0.00\";s:11:\"rank_points\";s:1:\"0\";s:10:\"pay_points\";s:1:\"0\";s:8:\"reg_time\";s:10:\"2018-10-07\";}}}')ON DUPLICATE KEY UPDATE expiry = expiry + 1540209683, data = 'a:4:{s:10:\"admin_name\";s:5:\"admin\";s:11:\"action_list\";s:3:\"all\";s:10:\"last_check\";i:1540180883;s:9:\"user_list\";a:1:{i:0;a:12:{s:7:\"user_id\";s:1:\"1\";s:9:\"user_name\";s:4:\"haha\";s:3:\"sex\";s:1:\"0\";s:8:\"birthday\";s:10:\"1958-01-01\";s:12:\"mobile_phone\";s:11:\"15601590617\";s:5:\"email\";s:19:\"15601590617@163.com\";s:12:\"is_validated\";s:1:\"0\";s:10:\"user_money\";s:6:\"390.00\";s:12:\"frozen_money\";s:4:\"0.00\";s:11:\"rank_points\";s:1:\"0\";s:10:\"pay_points\";s:1:\"0\";s:8:\"reg_time\";s:10:\"2018-10-07\";}}}'

UPDATE `vlusi_jzc`.`jzc_sessions` SET expiry = '1540209683', ip = '0.0.0.0', userid = '0', adminid = '1', user_name='0', user_rank='0', discount='0', email='0', data = '' WHERE sesskey = '27d75751680e126d826c5b1d6ea0b028' LIMIT 1

SELECT userid, adminid, user_name, user_rank, discount, email, data, expiry FROM `vlusi_jzc`.`jzc_sessions` WHERE sesskey = '27d75751680e126d826c5b1d6ea0b028'

SELECT data, expiry FROM `vlusi_jzc`.`jzc_sessions_data` WHERE sesskey = '27d75751680e126d826c5b1d6ea0b028'

SELECT code, value FROM `vlusi_jzc`.`jzc_shop_config` WHERE parent_id > 0

SELECT COUNT(*) FROM `vlusi_jzc`.`jzc_order_info` WHERE add_time >= '1540180883'

SELECT COUNT(*) FROM `vlusi_jzc`.`jzc_order_info` WHERE pay_time >= 1540180883

DESC `vlusi_jzc`.`jzc_sessions_data`

INSERT INTO `vlusi_jzc`.`jzc_sessions_data` (sesskey, expiry, data) VALUES ('27d75751680e126d826c5b1d6ea0b028', '1540209863', 'a:4:{s:10:\"admin_name\";s:5:\"admin\";s:11:\"action_list\";s:3:\"all\";s:10:\"last_check\";i:1540181063;s:9:\"user_list\";a:1:{i:0;a:12:{s:7:\"user_id\";s:1:\"1\";s:9:\"user_name\";s:4:\"haha\";s:3:\"sex\";s:1:\"0\";s:8:\"birthday\";s:10:\"1958-01-01\";s:12:\"mobile_phone\";s:11:\"15601590617\";s:5:\"email\";s:19:\"15601590617@163.com\";s:12:\"is_validated\";s:1:\"0\";s:10:\"user_money\";s:6:\"390.00\";s:12:\"frozen_money\";s:4:\"0.00\";s:11:\"rank_points\";s:1:\"0\";s:10:\"pay_points\";s:1:\"0\";s:8:\"reg_time\";s:10:\"2018-10-07\";}}}')ON DUPLICATE KEY UPDATE expiry = expiry + 1540209863, data = 'a:4:{s:10:\"admin_name\";s:5:\"admin\";s:11:\"action_list\";s:3:\"all\";s:10:\"last_check\";i:1540181063;s:9:\"user_list\";a:1:{i:0;a:12:{s:7:\"user_id\";s:1:\"1\";s:9:\"user_name\";s:4:\"haha\";s:3:\"sex\";s:1:\"0\";s:8:\"birthday\";s:10:\"1958-01-01\";s:12:\"mobile_phone\";s:11:\"15601590617\";s:5:\"email\";s:19:\"15601590617@163.com\";s:12:\"is_validated\";s:1:\"0\";s:10:\"user_money\";s:6:\"390.00\";s:12:\"frozen_money\";s:4:\"0.00\";s:11:\"rank_points\";s:1:\"0\";s:10:\"pay_points\";s:1:\"0\";s:8:\"reg_time\";s:10:\"2018-10-07\";}}}'

UPDATE `vlusi_jzc`.`jzc_sessions` SET expiry = '1540209863', ip = '0.0.0.0', userid = '0', adminid = '1', user_name='0', user_rank='0', discount='0', email='0', data = '' WHERE sesskey = '27d75751680e126d826c5b1d6ea0b028' LIMIT 1

SELECT userid, adminid, user_name, user_rank, discount, email, data, expiry FROM `vlusi_jzc`.`jzc_sessions` WHERE sesskey = '27d75751680e126d826c5b1d6ea0b028'

SELECT data, expiry FROM `vlusi_jzc`.`jzc_sessions_data` WHERE sesskey = '27d75751680e126d826c5b1d6ea0b028'

SELECT code, value FROM `vlusi_jzc`.`jzc_shop_config` WHERE parent_id > 0

SELECT COUNT(*) FROM `vlusi_jzc`.`jzc_order_info` WHERE add_time >= '1540181063'

SELECT COUNT(*) FROM `vlusi_jzc`.`jzc_order_info` WHERE pay_time >= 1540181063

DESC `vlusi_jzc`.`jzc_sessions_data`

INSERT INTO `vlusi_jzc`.`jzc_sessions_data` (sesskey, expiry, data) VALUES ('27d75751680e126d826c5b1d6ea0b028', '1540210043', 'a:4:{s:10:\"admin_name\";s:5:\"admin\";s:11:\"action_list\";s:3:\"all\";s:10:\"last_check\";i:1540181243;s:9:\"user_list\";a:1:{i:0;a:12:{s:7:\"user_id\";s:1:\"1\";s:9:\"user_name\";s:4:\"haha\";s:3:\"sex\";s:1:\"0\";s:8:\"birthday\";s:10:\"1958-01-01\";s:12:\"mobile_phone\";s:11:\"15601590617\";s:5:\"email\";s:19:\"15601590617@163.com\";s:12:\"is_validated\";s:1:\"0\";s:10:\"user_money\";s:6:\"390.00\";s:12:\"frozen_money\";s:4:\"0.00\";s:11:\"rank_points\";s:1:\"0\";s:10:\"pay_points\";s:1:\"0\";s:8:\"reg_time\";s:10:\"2018-10-07\";}}}')ON DUPLICATE KEY UPDATE expiry = expiry + 1540210043, data = 'a:4:{s:10:\"admin_name\";s:5:\"admin\";s:11:\"action_list\";s:3:\"all\";s:10:\"last_check\";i:1540181243;s:9:\"user_list\";a:1:{i:0;a:12:{s:7:\"user_id\";s:1:\"1\";s:9:\"user_name\";s:4:\"haha\";s:3:\"sex\";s:1:\"0\";s:8:\"birthday\";s:10:\"1958-01-01\";s:12:\"mobile_phone\";s:11:\"15601590617\";s:5:\"email\";s:19:\"15601590617@163.com\";s:12:\"is_validated\";s:1:\"0\";s:10:\"user_money\";s:6:\"390.00\";s:12:\"frozen_money\";s:4:\"0.00\";s:11:\"rank_points\";s:1:\"0\";s:10:\"pay_points\";s:1:\"0\";s:8:\"reg_time\";s:10:\"2018-10-07\";}}}'

UPDATE `vlusi_jzc`.`jzc_sessions` SET expiry = '1540210043', ip = '0.0.0.0', userid = '0', adminid = '1', user_name='0', user_rank='0', discount='0', email='0', data = '' WHERE sesskey = '27d75751680e126d826c5b1d6ea0b028' LIMIT 1

DELETE FROM `vlusi_jzc`.`jzc_sessions_data` WHERE expiry < 1540208243

SELECT userid, adminid, user_name, user_rank, discount, email, data, expiry FROM `vlusi_jzc`.`jzc_sessions` WHERE sesskey = '27d75751680e126d826c5b1d6ea0b028'

SELECT data, expiry FROM `vlusi_jzc`.`jzc_sessions_data` WHERE sesskey = '27d75751680e126d826c5b1d6ea0b028'

SELECT code, value FROM `vlusi_jzc`.`jzc_shop_config` WHERE parent_id > 0

SELECT COUNT(*) FROM `vlusi_jzc`.`jzc_order_info` WHERE add_time >= '1540181243'

SELECT COUNT(*) FROM `vlusi_jzc`.`jzc_order_info` WHERE pay_time >= 1540181243

DESC `vlusi_jzc`.`jzc_sessions_data`

INSERT INTO `vlusi_jzc`.`jzc_sessions_data` (sesskey, expiry, data) VALUES ('27d75751680e126d826c5b1d6ea0b028', '1540210223', 'a:4:{s:10:\"admin_name\";s:5:\"admin\";s:11:\"action_list\";s:3:\"all\";s:10:\"last_check\";i:1540181423;s:9:\"user_list\";a:1:{i:0;a:12:{s:7:\"user_id\";s:1:\"1\";s:9:\"user_name\";s:4:\"haha\";s:3:\"sex\";s:1:\"0\";s:8:\"birthday\";s:10:\"1958-01-01\";s:12:\"mobile_phone\";s:11:\"15601590617\";s:5:\"email\";s:19:\"15601590617@163.com\";s:12:\"is_validated\";s:1:\"0\";s:10:\"user_money\";s:6:\"390.00\";s:12:\"frozen_money\";s:4:\"0.00\";s:11:\"rank_points\";s:1:\"0\";s:10:\"pay_points\";s:1:\"0\";s:8:\"reg_time\";s:10:\"2018-10-07\";}}}')ON DUPLICATE KEY UPDATE expiry = expiry + 1540210223, data = 'a:4:{s:10:\"admin_name\";s:5:\"admin\";s:11:\"action_list\";s:3:\"all\";s:10:\"last_check\";i:1540181423;s:9:\"user_list\";a:1:{i:0;a:12:{s:7:\"user_id\";s:1:\"1\";s:9:\"user_name\";s:4:\"haha\";s:3:\"sex\";s:1:\"0\";s:8:\"birthday\";s:10:\"1958-01-01\";s:12:\"mobile_phone\";s:11:\"15601590617\";s:5:\"email\";s:19:\"15601590617@163.com\";s:12:\"is_validated\";s:1:\"0\";s:10:\"user_money\";s:6:\"390.00\";s:12:\"frozen_money\";s:4:\"0.00\";s:11:\"rank_points\";s:1:\"0\";s:10:\"pay_points\";s:1:\"0\";s:8:\"reg_time\";s:10:\"2018-10-07\";}}}'

UPDATE `vlusi_jzc`.`jzc_sessions` SET expiry = '1540210223', ip = '0.0.0.0', userid = '0', adminid = '1', user_name='0', user_rank='0', discount='0', email='0', data = '' WHERE sesskey = '27d75751680e126d826c5b1d6ea0b028' LIMIT 1

SELECT userid, adminid, user_name, user_rank, discount, email, data, expiry FROM `vlusi_jzc`.`jzc_sessions` WHERE sesskey = '27d75751680e126d826c5b1d6ea0b028'

SELECT data, expiry FROM `vlusi_jzc`.`jzc_sessions_data` WHERE sesskey = '27d75751680e126d826c5b1d6ea0b028'

SELECT code, value FROM `vlusi_jzc`.`jzc_shop_config` WHERE parent_id > 0

SELECT COUNT(*) FROM `vlusi_jzc`.`jzc_order_info` WHERE add_time >= '1540181423'

SELECT COUNT(*) FROM `vlusi_jzc`.`jzc_order_info` WHERE pay_time >= 1540181423

DESC `vlusi_jzc`.`jzc_sessions_data`

INSERT INTO `vlusi_jzc`.`jzc_sessions_data` (sesskey, expiry, data) VALUES ('27d75751680e126d826c5b1d6ea0b028', '1540210403', 'a:4:{s:10:\"admin_name\";s:5:\"admin\";s:11:\"action_list\";s:3:\"all\";s:10:\"last_check\";i:1540181603;s:9:\"user_list\";a:1:{i:0;a:12:{s:7:\"user_id\";s:1:\"1\";s:9:\"user_name\";s:4:\"haha\";s:3:\"sex\";s:1:\"0\";s:8:\"birthday\";s:10:\"1958-01-01\";s:12:\"mobile_phone\";s:11:\"15601590617\";s:5:\"email\";s:19:\"15601590617@163.com\";s:12:\"is_validated\";s:1:\"0\";s:10:\"user_money\";s:6:\"390.00\";s:12:\"frozen_money\";s:4:\"0.00\";s:11:\"rank_points\";s:1:\"0\";s:10:\"pay_points\";s:1:\"0\";s:8:\"reg_time\";s:10:\"2018-10-07\";}}}')ON DUPLICATE KEY UPDATE expiry = expiry + 1540210403, data = 'a:4:{s:10:\"admin_name\";s:5:\"admin\";s:11:\"action_list\";s:3:\"all\";s:10:\"last_check\";i:1540181603;s:9:\"user_list\";a:1:{i:0;a:12:{s:7:\"user_id\";s:1:\"1\";s:9:\"user_name\";s:4:\"haha\";s:3:\"sex\";s:1:\"0\";s:8:\"birthday\";s:10:\"1958-01-01\";s:12:\"mobile_phone\";s:11:\"15601590617\";s:5:\"email\";s:19:\"15601590617@163.com\";s:12:\"is_validated\";s:1:\"0\";s:10:\"user_money\";s:6:\"390.00\";s:12:\"frozen_money\";s:4:\"0.00\";s:11:\"rank_points\";s:1:\"0\";s:10:\"pay_points\";s:1:\"0\";s:8:\"reg_time\";s:10:\"2018-10-07\";}}}'

UPDATE `vlusi_jzc`.`jzc_sessions` SET expiry = '1540210403', ip = '0.0.0.0', userid = '0', adminid = '1', user_name='0', user_rank='0', discount='0', email='0', data = '' WHERE sesskey = '27d75751680e126d826c5b1d6ea0b028' LIMIT 1

DELETE FROM `vlusi_jzc`.`jzc_sessions_data` WHERE expiry < 1540208603

SELECT userid, adminid, user_name, user_rank, discount, email, data, expiry FROM `vlusi_jzc`.`jzc_sessions` WHERE sesskey = '27d75751680e126d826c5b1d6ea0b028'

SELECT data, expiry FROM `vlusi_jzc`.`jzc_sessions_data` WHERE sesskey = '27d75751680e126d826c5b1d6ea0b028'

SELECT code, value FROM `vlusi_jzc`.`jzc_shop_config` WHERE parent_id > 0

SELECT COUNT(*) FROM `vlusi_jzc`.`jzc_order_info` WHERE add_time >= '1540181603'

SELECT COUNT(*) FROM `vlusi_jzc`.`jzc_order_info` WHERE pay_time >= 1540181603

DESC `vlusi_jzc`.`jzc_sessions_data`

INSERT INTO `vlusi_jzc`.`jzc_sessions_data` (sesskey, expiry, data) VALUES ('27d75751680e126d826c5b1d6ea0b028', '1540210583', 'a:4:{s:10:\"admin_name\";s:5:\"admin\";s:11:\"action_list\";s:3:\"all\";s:10:\"last_check\";i:1540181783;s:9:\"user_list\";a:1:{i:0;a:12:{s:7:\"user_id\";s:1:\"1\";s:9:\"user_name\";s:4:\"haha\";s:3:\"sex\";s:1:\"0\";s:8:\"birthday\";s:10:\"1958-01-01\";s:12:\"mobile_phone\";s:11:\"15601590617\";s:5:\"email\";s:19:\"15601590617@163.com\";s:12:\"is_validated\";s:1:\"0\";s:10:\"user_money\";s:6:\"390.00\";s:12:\"frozen_money\";s:4:\"0.00\";s:11:\"rank_points\";s:1:\"0\";s:10:\"pay_points\";s:1:\"0\";s:8:\"reg_time\";s:10:\"2018-10-07\";}}}')ON DUPLICATE KEY UPDATE expiry = expiry + 1540210583, data = 'a:4:{s:10:\"admin_name\";s:5:\"admin\";s:11:\"action_list\";s:3:\"all\";s:10:\"last_check\";i:1540181783;s:9:\"user_list\";a:1:{i:0;a:12:{s:7:\"user_id\";s:1:\"1\";s:9:\"user_name\";s:4:\"haha\";s:3:\"sex\";s:1:\"0\";s:8:\"birthday\";s:10:\"1958-01-01\";s:12:\"mobile_phone\";s:11:\"15601590617\";s:5:\"email\";s:19:\"15601590617@163.com\";s:12:\"is_validated\";s:1:\"0\";s:10:\"user_money\";s:6:\"390.00\";s:12:\"frozen_money\";s:4:\"0.00\";s:11:\"rank_points\";s:1:\"0\";s:10:\"pay_points\";s:1:\"0\";s:8:\"reg_time\";s:10:\"2018-10-07\";}}}'

UPDATE `vlusi_jzc`.`jzc_sessions` SET expiry = '1540210583', ip = '0.0.0.0', userid = '0', adminid = '1', user_name='0', user_rank='0', discount='0', email='0', data = '' WHERE sesskey = '27d75751680e126d826c5b1d6ea0b028' LIMIT 1

DELETE FROM `vlusi_jzc`.`jzc_sessions_data` WHERE expiry < 1540208783

SELECT userid, adminid, user_name, user_rank, discount, email, data, expiry FROM `vlusi_jzc`.`jzc_sessions` WHERE sesskey = '27d75751680e126d826c5b1d6ea0b028'

SELECT data, expiry FROM `vlusi_jzc`.`jzc_sessions_data` WHERE sesskey = '27d75751680e126d826c5b1d6ea0b028'

SELECT code, value FROM `vlusi_jzc`.`jzc_shop_config` WHERE parent_id > 0

SELECT COUNT(*) FROM `vlusi_jzc`.`jzc_order_info` WHERE add_time >= '1540181783'

SELECT COUNT(*) FROM `vlusi_jzc`.`jzc_order_info` WHERE pay_time >= 1540181783

DESC `vlusi_jzc`.`jzc_sessions_data`

INSERT INTO `vlusi_jzc`.`jzc_sessions_data` (sesskey, expiry, data) VALUES ('27d75751680e126d826c5b1d6ea0b028', '1540210763', 'a:4:{s:10:\"admin_name\";s:5:\"admin\";s:11:\"action_list\";s:3:\"all\";s:10:\"last_check\";i:1540181963;s:9:\"user_list\";a:1:{i:0;a:12:{s:7:\"user_id\";s:1:\"1\";s:9:\"user_name\";s:4:\"haha\";s:3:\"sex\";s:1:\"0\";s:8:\"birthday\";s:10:\"1958-01-01\";s:12:\"mobile_phone\";s:11:\"15601590617\";s:5:\"email\";s:19:\"15601590617@163.com\";s:12:\"is_validated\";s:1:\"0\";s:10:\"user_money\";s:6:\"390.00\";s:12:\"frozen_money\";s:4:\"0.00\";s:11:\"rank_points\";s:1:\"0\";s:10:\"pay_points\";s:1:\"0\";s:8:\"reg_time\";s:10:\"2018-10-07\";}}}')ON DUPLICATE KEY UPDATE expiry = expiry + 1540210763, data = 'a:4:{s:10:\"admin_name\";s:5:\"admin\";s:11:\"action_list\";s:3:\"all\";s:10:\"last_check\";i:1540181963;s:9:\"user_list\";a:1:{i:0;a:12:{s:7:\"user_id\";s:1:\"1\";s:9:\"user_name\";s:4:\"haha\";s:3:\"sex\";s:1:\"0\";s:8:\"birthday\";s:10:\"1958-01-01\";s:12:\"mobile_phone\";s:11:\"15601590617\";s:5:\"email\";s:19:\"15601590617@163.com\";s:12:\"is_validated\";s:1:\"0\";s:10:\"user_money\";s:6:\"390.00\";s:12:\"frozen_money\";s:4:\"0.00\";s:11:\"rank_points\";s:1:\"0\";s:10:\"pay_points\";s:1:\"0\";s:8:\"reg_time\";s:10:\"2018-10-07\";}}}'

UPDATE `vlusi_jzc`.`jzc_sessions` SET expiry = '1540210763', ip = '0.0.0.0', userid = '0', adminid = '1', user_name='0', user_rank='0', discount='0', email='0', data = '' WHERE sesskey = '27d75751680e126d826c5b1d6ea0b028' LIMIT 1

SELECT userid, adminid, user_name, user_rank, discount, email, data, expiry FROM `vlusi_jzc`.`jzc_sessions` WHERE sesskey = '27d75751680e126d826c5b1d6ea0b028'

SELECT data, expiry FROM `vlusi_jzc`.`jzc_sessions_data` WHERE sesskey = '27d75751680e126d826c5b1d6ea0b028'

SELECT code, value FROM `vlusi_jzc`.`jzc_shop_config` WHERE parent_id > 0

SELECT COUNT(*) FROM `vlusi_jzc`.`jzc_order_info` WHERE add_time >= '1540181963'

SELECT COUNT(*) FROM `vlusi_jzc`.`jzc_order_info` WHERE pay_time >= 1540181963

DESC `vlusi_jzc`.`jzc_sessions_data`

INSERT INTO `vlusi_jzc`.`jzc_sessions_data` (sesskey, expiry, data) VALUES ('27d75751680e126d826c5b1d6ea0b028', '1540210943', 'a:4:{s:10:\"admin_name\";s:5:\"admin\";s:11:\"action_list\";s:3:\"all\";s:10:\"last_check\";i:1540182143;s:9:\"user_list\";a:1:{i:0;a:12:{s:7:\"user_id\";s:1:\"1\";s:9:\"user_name\";s:4:\"haha\";s:3:\"sex\";s:1:\"0\";s:8:\"birthday\";s:10:\"1958-01-01\";s:12:\"mobile_phone\";s:11:\"15601590617\";s:5:\"email\";s:19:\"15601590617@163.com\";s:12:\"is_validated\";s:1:\"0\";s:10:\"user_money\";s:6:\"390.00\";s:12:\"frozen_money\";s:4:\"0.00\";s:11:\"rank_points\";s:1:\"0\";s:10:\"pay_points\";s:1:\"0\";s:8:\"reg_time\";s:10:\"2018-10-07\";}}}')ON DUPLICATE KEY UPDATE expiry = expiry + 1540210943, data = 'a:4:{s:10:\"admin_name\";s:5:\"admin\";s:11:\"action_list\";s:3:\"all\";s:10:\"last_check\";i:1540182143;s:9:\"user_list\";a:1:{i:0;a:12:{s:7:\"user_id\";s:1:\"1\";s:9:\"user_name\";s:4:\"haha\";s:3:\"sex\";s:1:\"0\";s:8:\"birthday\";s:10:\"1958-01-01\";s:12:\"mobile_phone\";s:11:\"15601590617\";s:5:\"email\";s:19:\"15601590617@163.com\";s:12:\"is_validated\";s:1:\"0\";s:10:\"user_money\";s:6:\"390.00\";s:12:\"frozen_money\";s:4:\"0.00\";s:11:\"rank_points\";s:1:\"0\";s:10:\"pay_points\";s:1:\"0\";s:8:\"reg_time\";s:10:\"2018-10-07\";}}}'

UPDATE `vlusi_jzc`.`jzc_sessions` SET expiry = '1540210943', ip = '0.0.0.0', userid = '0', adminid = '1', user_name='0', user_rank='0', discount='0', email='0', data = '' WHERE sesskey = '27d75751680e126d826c5b1d6ea0b028' LIMIT 1

SELECT userid, adminid, user_name, user_rank, discount, email, data, expiry FROM `vlusi_jzc`.`jzc_sessions` WHERE sesskey = '27d75751680e126d826c5b1d6ea0b028'

SELECT data, expiry FROM `vlusi_jzc`.`jzc_sessions_data` WHERE sesskey = '27d75751680e126d826c5b1d6ea0b028'

SELECT code, value FROM `vlusi_jzc`.`jzc_shop_config` WHERE parent_id > 0

SELECT COUNT(*) FROM `vlusi_jzc`.`jzc_order_info` WHERE add_time >= '1540182143'

SELECT COUNT(*) FROM `vlusi_jzc`.`jzc_order_info` WHERE pay_time >= 1540182143

DESC `vlusi_jzc`.`jzc_sessions_data`

INSERT INTO `vlusi_jzc`.`jzc_sessions_data` (sesskey, expiry, data) VALUES ('27d75751680e126d826c5b1d6ea0b028', '1540211123', 'a:4:{s:10:\"admin_name\";s:5:\"admin\";s:11:\"action_list\";s:3:\"all\";s:10:\"last_check\";i:1540182323;s:9:\"user_list\";a:1:{i:0;a:12:{s:7:\"user_id\";s:1:\"1\";s:9:\"user_name\";s:4:\"haha\";s:3:\"sex\";s:1:\"0\";s:8:\"birthday\";s:10:\"1958-01-01\";s:12:\"mobile_phone\";s:11:\"15601590617\";s:5:\"email\";s:19:\"15601590617@163.com\";s:12:\"is_validated\";s:1:\"0\";s:10:\"user_money\";s:6:\"390.00\";s:12:\"frozen_money\";s:4:\"0.00\";s:11:\"rank_points\";s:1:\"0\";s:10:\"pay_points\";s:1:\"0\";s:8:\"reg_time\";s:10:\"2018-10-07\";}}}')ON DUPLICATE KEY UPDATE expiry = expiry + 1540211123, data = 'a:4:{s:10:\"admin_name\";s:5:\"admin\";s:11:\"action_list\";s:3:\"all\";s:10:\"last_check\";i:1540182323;s:9:\"user_list\";a:1:{i:0;a:12:{s:7:\"user_id\";s:1:\"1\";s:9:\"user_name\";s:4:\"haha\";s:3:\"sex\";s:1:\"0\";s:8:\"birthday\";s:10:\"1958-01-01\";s:12:\"mobile_phone\";s:11:\"15601590617\";s:5:\"email\";s:19:\"15601590617@163.com\";s:12:\"is_validated\";s:1:\"0\";s:10:\"user_money\";s:6:\"390.00\";s:12:\"frozen_money\";s:4:\"0.00\";s:11:\"rank_points\";s:1:\"0\";s:10:\"pay_points\";s:1:\"0\";s:8:\"reg_time\";s:10:\"2018-10-07\";}}}'

UPDATE `vlusi_jzc`.`jzc_sessions` SET expiry = '1540211123', ip = '0.0.0.0', userid = '0', adminid = '1', user_name='0', user_rank='0', discount='0', email='0', data = '' WHERE sesskey = '27d75751680e126d826c5b1d6ea0b028' LIMIT 1

SELECT userid, adminid, user_name, user_rank, discount, email, data, expiry FROM `vlusi_jzc`.`jzc_sessions` WHERE sesskey = '27d75751680e126d826c5b1d6ea0b028'

SELECT data, expiry FROM `vlusi_jzc`.`jzc_sessions_data` WHERE sesskey = '27d75751680e126d826c5b1d6ea0b028'

SELECT code, value FROM `vlusi_jzc`.`jzc_shop_config` WHERE parent_id > 0

SELECT COUNT(*) FROM `vlusi_jzc`.`jzc_order_info` WHERE add_time >= '1540182323'

SELECT COUNT(*) FROM `vlusi_jzc`.`jzc_order_info` WHERE pay_time >= 1540182323

DESC `vlusi_jzc`.`jzc_sessions_data`

INSERT INTO `vlusi_jzc`.`jzc_sessions_data` (sesskey, expiry, data) VALUES ('27d75751680e126d826c5b1d6ea0b028', '1540211303', 'a:4:{s:10:\"admin_name\";s:5:\"admin\";s:11:\"action_list\";s:3:\"all\";s:10:\"last_check\";i:1540182503;s:9:\"user_list\";a:1:{i:0;a:12:{s:7:\"user_id\";s:1:\"1\";s:9:\"user_name\";s:4:\"haha\";s:3:\"sex\";s:1:\"0\";s:8:\"birthday\";s:10:\"1958-01-01\";s:12:\"mobile_phone\";s:11:\"15601590617\";s:5:\"email\";s:19:\"15601590617@163.com\";s:12:\"is_validated\";s:1:\"0\";s:10:\"user_money\";s:6:\"390.00\";s:12:\"frozen_money\";s:4:\"0.00\";s:11:\"rank_points\";s:1:\"0\";s:10:\"pay_points\";s:1:\"0\";s:8:\"reg_time\";s:10:\"2018-10-07\";}}}')ON DUPLICATE KEY UPDATE expiry = expiry + 1540211303, data = 'a:4:{s:10:\"admin_name\";s:5:\"admin\";s:11:\"action_list\";s:3:\"all\";s:10:\"last_check\";i:1540182503;s:9:\"user_list\";a:1:{i:0;a:12:{s:7:\"user_id\";s:1:\"1\";s:9:\"user_name\";s:4:\"haha\";s:3:\"sex\";s:1:\"0\";s:8:\"birthday\";s:10:\"1958-01-01\";s:12:\"mobile_phone\";s:11:\"15601590617\";s:5:\"email\";s:19:\"15601590617@163.com\";s:12:\"is_validated\";s:1:\"0\";s:10:\"user_money\";s:6:\"390.00\";s:12:\"frozen_money\";s:4:\"0.00\";s:11:\"rank_points\";s:1:\"0\";s:10:\"pay_points\";s:1:\"0\";s:8:\"reg_time\";s:10:\"2018-10-07\";}}}'

UPDATE `vlusi_jzc`.`jzc_sessions` SET expiry = '1540211303', ip = '0.0.0.0', userid = '0', adminid = '1', user_name='0', user_rank='0', discount='0', email='0', data = '' WHERE sesskey = '27d75751680e126d826c5b1d6ea0b028' LIMIT 1

